[2024-07-31 20:35:35] [INFO] [BaseApi.py]/[line: 70]/[get_token_by_file] 读取token文件失败或处理token时出错，错误信息为：HTTPSConnectionPool(host='papi.boweiedu.com', port=443): Max retries exceeded with url: /v1/user/login (Caused by NewConnectionError('<urllib3.connection.HTTPSConnection object at 0x0000025A7882D360>: Failed to establish a new connection: [Errno 11002] getaddrinfo failed')) 
[2024-07-31 20:35:35] [INFO] [BaseApi.py]/[line: 70]/[get_token_by_file] 读取token文件失败或处理token时出错，错误信息为：HTTPSConnectionPool(host='papi.boweiedu.com', port=443): Max retries exceeded with url: /v1/user/login (Caused by NewConnectionError('<urllib3.connection.HTTPSConnection object at 0x0000025A786FFDF0>: Failed to establish a new connection: [Errno 11002] getaddrinfo failed')) 
[2024-07-31 20:35:35] [INFO] [BaseApi.py]/[line: 70]/[get_token_by_file] 读取token文件失败或处理token时出错，错误信息为：HTTPSConnectionPool(host='papi.boweiedu.com', port=443): Max retries exceeded with url: /v1/user/login (Caused by NewConnectionError('<urllib3.connection.HTTPSConnection object at 0x0000025A77DD7CA0>: Failed to establish a new connection: [Errno 11002] getaddrinfo failed')) 
[2024-07-31 20:35:35] [INFO] [BaseApi.py]/[line: 70]/[get_token_by_file] 读取token文件失败或处理token时出错，错误信息为：HTTPSConnectionPool(host='papi.boweiedu.com', port=443): Max retries exceeded with url: /v1/user/login (Caused by NewConnectionError('<urllib3.connection.HTTPSConnection object at 0x0000025A77DA37F0>: Failed to establish a new connection: [Errno 11002] getaddrinfo failed')) 
[2024-07-31 20:35:35] [INFO] [BaseApi.py]/[line: 70]/[get_token_by_file] 读取token文件失败或处理token时出错，错误信息为：HTTPSConnectionPool(host='papi.boweiedu.com', port=443): Max retries exceeded with url: /v1/user/login (Caused by NewConnectionError('<urllib3.connection.HTTPSConnection object at 0x0000025A77DCCCA0>: Failed to establish a new connection: [Errno 11002] getaddrinfo failed')) 
[2024-07-31 20:35:35] [INFO] [BaseApi.py]/[line: 70]/[get_token_by_file] 读取token文件失败或处理token时出错，错误信息为：HTTPSConnectionPool(host='papi.boweiedu.com', port=443): Max retries exceeded with url: /v1/user/login (Caused by NewConnectionError('<urllib3.connection.HTTPSConnection object at 0x0000025A77D4A020>: Failed to establish a new connection: [Errno 11002] getaddrinfo failed')) 
[2024-07-31 20:36:19] [INFO] [BaseApi.py]/[line: 80]/[send] 发起的请求地址为===========>https://papi.boweiedu.com/backend/course/add 
[2024-07-31 20:36:19] [INFO] [BaseApi.py]/[line: 82]/[send] 接口的响应信息为<==========={"code":0,"msg":"success","data":{"uuid":"ccb4e5ca2d05693ee9fd7779d2fa04de"},"timestamp":1722429379,"req_id":"ace5c9f9644ce71732c1cb1023ead904"} 
[2024-07-31 20:36:19] [INFO] [jsonpath_utils.py]/[line: 11]/[get] 通过jsonpath获取到的数据为['ccb4e5ca2d05693ee9fd7779d2fa04de'] 
[2024-07-31 20:36:19] [INFO] [BaseApi.py]/[line: 80]/[send] 发起的请求地址为===========>https://papi.boweiedu.com/backend/chapter/add 
[2024-07-31 20:36:19] [INFO] [BaseApi.py]/[line: 82]/[send] 接口的响应信息为<==========={"code":0,"msg":"success","data":{"uuid":"a398dcf5bea8f72fc2afc1521c4b9499"},"timestamp":1722429379,"req_id":"528ee700654ce71733c1cb105f1cc97b"} 
[2024-07-31 20:36:19] [INFO] [jsonpath_utils.py]/[line: 11]/[get] 通过jsonpath获取到的数据为[0] 
[2024-07-31 20:36:19] [INFO] [BaseApi.py]/[line: 80]/[send] 发起的请求地址为===========>https://papi.boweiedu.com/backend/course/delete 
[2024-07-31 20:36:20] [INFO] [BaseApi.py]/[line: 82]/[send] 接口的响应信息为<==========={"code":0,"msg":"success","data":[],"timestamp":1722429379,"req_id":"cf402a06654ce71734c1cb10bba2bff2"} 
[2024-07-31 20:36:20] [INFO] [BaseApi.py]/[line: 80]/[send] 发起的请求地址为===========>https://papi.boweiedu.com/backend/course/add 
[2024-07-31 20:36:20] [INFO] [BaseApi.py]/[line: 82]/[send] 接口的响应信息为<==========={"code":0,"msg":"success","data":{"uuid":"67877db89e4390fc1376b092b44d232d"},"timestamp":1722429379,"req_id":"570f1011654ce71737c1cb1005359ee0"} 
[2024-07-31 20:36:20] [INFO] [jsonpath_utils.py]/[line: 11]/[get] 通过jsonpath获取到的数据为['67877db89e4390fc1376b092b44d232d'] 
[2024-07-31 20:36:20] [INFO] [BaseApi.py]/[line: 80]/[send] 发起的请求地址为===========>https://papi.boweiedu.com/backend/chapter/add 
[2024-07-31 20:36:20] [INFO] [BaseApi.py]/[line: 82]/[send] 接口的响应信息为<==========={"code":0,"msg":"success","data":{"uuid":"8a5667d9a562afde90e1fe910a1bb893"},"timestamp":1722429379,"req_id":"aeb34617654ce71738c1cb10175de137"} 
[2024-07-31 20:36:20] [INFO] [jsonpath_utils.py]/[line: 11]/[get] 通过jsonpath获取到的数据为['8a5667d9a562afde90e1fe910a1bb893'] 
[2024-07-31 20:36:20] [INFO] [BaseApi.py]/[line: 80]/[send] 发起的请求地址为===========>https://papi.boweiedu.com/backend/chapter/edit 
[2024-07-31 20:36:20] [INFO] [BaseApi.py]/[line: 82]/[send] 接口的响应信息为<==========={"code":0,"msg":"success","data":[],"timestamp":1722429379,"req_id":"05103d1f654ce71739c1cb10797465bc"} 
[2024-07-31 20:36:20] [INFO] [jsonpath_utils.py]/[line: 11]/[get] 通过jsonpath获取到的数据为[0] 
[2024-07-31 20:36:20] [INFO] [BaseApi.py]/[line: 80]/[send] 发起的请求地址为===========>https://papi.boweiedu.com/backend/course/delete 
[2024-07-31 20:36:20] [INFO] [BaseApi.py]/[line: 82]/[send] 接口的响应信息为<==========={"code":0,"msg":"success","data":[],"timestamp":1722429379,"req_id":"d4acd224654ce7173ac1cb1020d5b708"} 
[2024-07-31 20:36:20] [INFO] [BaseApi.py]/[line: 80]/[send] 发起的请求地址为===========>https://papi.boweiedu.com/backend/course/add 
[2024-07-31 20:36:20] [INFO] [BaseApi.py]/[line: 82]/[send] 接口的响应信息为<==========={"code":0,"msg":"success","data":{"uuid":"9874e80a0ef551fb39dbc1c98cdd532a"},"timestamp":1722429379,"req_id":"5dc21f30654ce7173dc1cb1079722ab3"} 
[2024-07-31 20:36:20] [INFO] [jsonpath_utils.py]/[line: 11]/[get] 通过jsonpath获取到的数据为['9874e80a0ef551fb39dbc1c98cdd532a'] 
[2024-07-31 20:36:20] [INFO] [BaseApi.py]/[line: 80]/[send] 发起的请求地址为===========>https://papi.boweiedu.com/backend/chapter/add 
[2024-07-31 20:36:20] [INFO] [BaseApi.py]/[line: 82]/[send] 接口的响应信息为<==========={"code":0,"msg":"success","data":{"uuid":"0eae7c0a97aaf968586662c200cf0f5d"},"timestamp":1722429380,"req_id":"7ed00236654ce7173ec1cb10ba1d404b"} 
[2024-07-31 20:36:20] [INFO] [jsonpath_utils.py]/[line: 11]/[get] 通过jsonpath获取到的数据为['0eae7c0a97aaf968586662c200cf0f5d'] 
[2024-07-31 20:36:20] [INFO] [BaseApi.py]/[line: 80]/[send] 发起的请求地址为===========>https://papi.boweiedu.com//backend/chapter/delete 
[2024-07-31 20:36:20] [INFO] [BaseApi.py]/[line: 82]/[send] 接口的响应信息为<==========={"code":0,"msg":"success","data":[],"timestamp":1722429380,"req_id":"640b783b654ce7173fc1cb10886d580d"} 
[2024-07-31 20:36:20] [INFO] [jsonpath_utils.py]/[line: 11]/[get] 通过jsonpath获取到的数据为[0] 
[2024-07-31 20:36:20] [INFO] [BaseApi.py]/[line: 80]/[send] 发起的请求地址为===========>https://papi.boweiedu.com/backend/course/delete 
[2024-07-31 20:36:21] [INFO] [BaseApi.py]/[line: 82]/[send] 接口的响应信息为<==========={"code":0,"msg":"success","data":[],"timestamp":1722429380,"req_id":"4a6d3440654ce71740c1cb107cf70f49"} 
[2024-07-31 20:36:21] [INFO] [BaseApi.py]/[line: 80]/[send] 发起的请求地址为===========>https://papi.boweiedu.com/backend/course/add 
[2024-07-31 20:36:21] [INFO] [BaseApi.py]/[line: 82]/[send] 接口的响应信息为<==========={"code":0,"msg":"success","data":{"uuid":"f24f23124fc773bc14eead691807db6b"},"timestamp":1722429380,"req_id":"5a57454d654ce71743c1cb10db67c42e"} 
[2024-07-31 20:36:21] [INFO] [jsonpath_utils.py]/[line: 11]/[get] 通过jsonpath获取到的数据为['f24f23124fc773bc14eead691807db6b'] 
[2024-07-31 20:36:21] [INFO] [BaseApi.py]/[line: 80]/[send] 发起的请求地址为===========>https://papi.boweiedu.com//backend/chapter/list 
[2024-07-31 20:36:21] [INFO] [BaseApi.py]/[line: 82]/[send] 接口的响应信息为<==========={"code":0,"msg":"success","data":{"list":[],"pagination":{"size":10,"total":0,"pages":0,"page":1}},"timestamp":1722429380,"req_id":"b6e07c53654ce71744c1cb106e164c62"} 
[2024-07-31 20:36:21] [INFO] [jsonpath_utils.py]/[line: 11]/[get] 通过jsonpath获取到的数据为[0] 
[2024-07-31 20:36:21] [INFO] [BaseApi.py]/[line: 80]/[send] 发起的请求地址为===========>https://papi.boweiedu.com/backend/course/delete 
[2024-07-31 20:36:21] [INFO] [BaseApi.py]/[line: 82]/[send] 接口的响应信息为<==========={"code":0,"msg":"success","data":[],"timestamp":1722429380,"req_id":"58f3c058654ce71745c1cb109ee461c7"} 
[2024-07-31 20:36:21] [INFO] [BaseApi.py]/[line: 80]/[send] 发起的请求地址为===========>https://papi.boweiedu.com/backend/course/add 
[2024-07-31 20:36:21] [INFO] [BaseApi.py]/[line: 82]/[send] 接口的响应信息为<==========={"code":0,"msg":"success","data":{"uuid":"80fb19fc44c6197b315adba6099e8919"},"timestamp":1722429380,"req_id":"5b825761654ce71748c1cb10986a315a"} 
[2024-07-31 20:36:21] [INFO] [jsonpath_utils.py]/[line: 11]/[get] 通过jsonpath获取到的数据为['80fb19fc44c6197b315adba6099e8919'] 
[2024-07-31 20:36:21] [INFO] [BaseApi.py]/[line: 80]/[send] 发起的请求地址为===========>https://papi.boweiedu.com/backend/chapter/add 
[2024-07-31 20:36:21] [INFO] [BaseApi.py]/[line: 82]/[send] 接口的响应信息为<==========={"code":0,"msg":"success","data":{"uuid":"e4292734da7eefd5dafbe8b875952bdb"},"timestamp":1722429380,"req_id":"80e86865654ce71749c1cb106c586f18"} 
[2024-07-31 20:36:21] [INFO] [jsonpath_utils.py]/[line: 11]/[get] 通过jsonpath获取到的数据为['e4292734da7eefd5dafbe8b875952bdb'] 
[2024-07-31 20:36:21] [INFO] [BaseApi.py]/[line: 80]/[send] 发起的请求地址为===========>https://papi.boweiedu.com/backend/chapter/add 
[2024-07-31 20:36:21] [INFO] [BaseApi.py]/[line: 82]/[send] 接口的响应信息为<==========={"code":0,"msg":"success","data":{"uuid":"8b56055cb8b2c98241ae3355417a7161"},"timestamp":1722429380,"req_id":"0b4fa96a654ce7174ac1cb102dbcce39"} 
[2024-07-31 20:36:21] [INFO] [BaseApi.py]/[line: 80]/[send] 发起的请求地址为===========>https://papi.boweiedu.com/backend/chapter/add 
[2024-07-31 20:36:21] [INFO] [BaseApi.py]/[line: 82]/[send] 接口的响应信息为<==========={"code":0,"msg":"success","data":{"uuid":"4098d7945e10bb403eb986e5bae8ebf2"},"timestamp":1722429381,"req_id":"7850086f654ce7174bc1cb106ebac57d"} 
[2024-07-31 20:36:21] [INFO] [jsonpath_utils.py]/[line: 11]/[get] 通过jsonpath获取到的数据为['4098d7945e10bb403eb986e5bae8ebf2'] 
[2024-07-31 20:36:21] [INFO] [BaseApi.py]/[line: 80]/[send] 发起的请求地址为===========>https://papi.boweiedu.com//backend/chapter/sort 
[2024-07-31 20:36:21] [INFO] [BaseApi.py]/[line: 82]/[send] 接口的响应信息为<==========={"code":0,"msg":"success","data":[],"timestamp":1722429381,"req_id":"0b871073654ce7174cc1cb10bd3698d3"} 
[2024-07-31 20:36:21] [INFO] [BaseApi.py]/[line: 80]/[send] 发起的请求地址为===========>https://papi.boweiedu.com//backend/chapter/sort 
[2024-07-31 20:36:22] [INFO] [BaseApi.py]/[line: 82]/[send] 接口的响应信息为<==========={"code":0,"msg":"success","data":[],"timestamp":1722429381,"req_id":"bd93c977654ce7174dc1cb1050f84b76"} 
[2024-07-31 20:36:22] [INFO] [jsonpath_utils.py]/[line: 11]/[get] 通过jsonpath获取到的数据为[0] 
[2024-07-31 20:36:22] [INFO] [BaseApi.py]/[line: 80]/[send] 发起的请求地址为===========>https://papi.boweiedu.com/backend/course/delete 
[2024-07-31 20:36:22] [INFO] [BaseApi.py]/[line: 82]/[send] 接口的响应信息为<==========={"code":0,"msg":"success","data":[],"timestamp":1722429381,"req_id":"31dac47c654ce7174ec1cb1027bf2615"} 
[2024-07-31 20:36:22] [INFO] [BaseApi.py]/[line: 80]/[send] 发起的请求地址为===========>https://papi.boweiedu.com/backend/course/add 
[2024-07-31 20:36:22] [INFO] [BaseApi.py]/[line: 82]/[send] 接口的响应信息为<==========={"code":0,"msg":"success","data":{"uuid":"eb82ce716e8516c1616e61cdea39ff81"},"timestamp":1722429381,"req_id":"8c71038a654ce71751c1cb10d6c1d43c"} 
[2024-07-31 20:36:22] [INFO] [jsonpath_utils.py]/[line: 11]/[get] 通过jsonpath获取到的数据为['eb82ce716e8516c1616e61cdea39ff81'] 
[2024-07-31 20:36:22] [INFO] [jsonpath_utils.py]/[line: 11]/[get] 通过jsonpath获取到的数据为[0] 
[2024-07-31 20:36:22] [INFO] [BaseApi.py]/[line: 80]/[send] 发起的请求地址为===========>https://papi.boweiedu.com/backend/course/delete 
[2024-07-31 20:36:22] [INFO] [BaseApi.py]/[line: 82]/[send] 接口的响应信息为<==========={"code":0,"msg":"success","data":[],"timestamp":1722429381,"req_id":"b3a63990654ce71752c1cb10a4a2aa9c"} 
[2024-07-31 20:36:22] [INFO] [BaseApi.py]/[line: 80]/[send] 发起的请求地址为===========>https://papi.boweiedu.com/backend/course/add 
[2024-07-31 20:36:22] [INFO] [BaseApi.py]/[line: 82]/[send] 接口的响应信息为<==========={"code":0,"msg":"success","data":{"uuid":"464f7229aac1c3be3c3e7e18896b9e38"},"timestamp":1722429381,"req_id":"c99b309b654ce71755c1cb10faafacf8"} 
[2024-07-31 20:36:22] [INFO] [jsonpath_utils.py]/[line: 11]/[get] 通过jsonpath获取到的数据为['464f7229aac1c3be3c3e7e18896b9e38'] 
[2024-07-31 20:36:22] [INFO] [BaseApi.py]/[line: 80]/[send] 发起的请求地址为===========>https://papi.boweiedu.com/backend/course/update-status 
[2024-07-31 20:36:22] [INFO] [BaseApi.py]/[line: 82]/[send] 接口的响应信息为<==========={"code":0,"msg":"success","data":[],"timestamp":1722429381,"req_id":"5e489ca1654ce71757c1cb10b6a51287"} 
[2024-07-31 20:36:22] [INFO] [jsonpath_utils.py]/[line: 11]/[get] 通过jsonpath获取到的数据为[0] 
[2024-07-31 20:36:22] [INFO] [BaseApi.py]/[line: 80]/[send] 发起的请求地址为===========>https://papi.boweiedu.com/backend/course/delete 
[2024-07-31 20:36:22] [INFO] [BaseApi.py]/[line: 82]/[send] 接口的响应信息为<==========={"code":0,"msg":"success","data":[],"timestamp":1722429381,"req_id":"ca3e6da7654ce71758c1cb105cae7cea"} 
[2024-07-31 20:36:22] [INFO] [BaseApi.py]/[line: 80]/[send] 发起的请求地址为===========>https://papi.boweiedu.com/backend/course/add 
[2024-07-31 20:36:22] [INFO] [BaseApi.py]/[line: 82]/[send] 接口的响应信息为<==========={"code":0,"msg":"success","data":{"uuid":"5e41ccfc88fb6aa3c2db2ed6e7373a13"},"timestamp":1722429382,"req_id":"eef1f8b1654ce7175bc1cb10f319012e"} 
[2024-07-31 20:36:22] [INFO] [jsonpath_utils.py]/[line: 11]/[get] 通过jsonpath获取到的数据为['5e41ccfc88fb6aa3c2db2ed6e7373a13'] 
[2024-07-31 20:36:22] [INFO] [BaseApi.py]/[line: 80]/[send] 发起的请求地址为===========>https://papi.boweiedu.com/backend/course/update-status 
[2024-07-31 20:36:23] [INFO] [BaseApi.py]/[line: 82]/[send] 接口的响应信息为<==========={"code":0,"msg":"success","data":[],"timestamp":1722429382,"req_id":"e287e5b5654ce7175cc1cb10f38a1837"} 
[2024-07-31 20:36:23] [INFO] [jsonpath_utils.py]/[line: 11]/[get] 通过jsonpath获取到的数据为[0] 
[2024-07-31 20:36:23] [INFO] [BaseApi.py]/[line: 80]/[send] 发起的请求地址为===========>https://papi.boweiedu.com/backend/course/delete 
[2024-07-31 20:36:23] [INFO] [BaseApi.py]/[line: 82]/[send] 接口的响应信息为<==========={"code":0,"msg":"success","data":[],"timestamp":1722429382,"req_id":"b09aedba654ce7175dc1cb10b2aae261"} 
[2024-07-31 20:36:23] [INFO] [BaseApi.py]/[line: 80]/[send] 发起的请求地址为===========>https://papi.boweiedu.com/backend/course/add 
[2024-07-31 20:36:23] [INFO] [BaseApi.py]/[line: 82]/[send] 接口的响应信息为<==========={"code":0,"msg":"success","data":{"uuid":"4adb0dc66be0a8aff9eed7a7cf91ef91"},"timestamp":1722429382,"req_id":"d29a9ec6654ce71760c1cb101aef8fae"} 
[2024-07-31 20:36:23] [INFO] [jsonpath_utils.py]/[line: 11]/[get] 通过jsonpath获取到的数据为['4adb0dc66be0a8aff9eed7a7cf91ef91'] 
[2024-07-31 20:36:23] [INFO] [jsonpath_utils.py]/[line: 11]/[get] 通过jsonpath获取到的数据为[0] 
[2024-07-31 20:36:23] [INFO] [BaseApi.py]/[line: 80]/[send] 发起的请求地址为===========>https://papi.boweiedu.com/backend/course/delete 
[2024-07-31 20:36:23] [INFO] [BaseApi.py]/[line: 82]/[send] 接口的响应信息为<==========={"code":0,"msg":"success","data":[],"timestamp":1722429382,"req_id":"dc7620cd654ce71761c1cb10d1152270"} 
[2024-07-31 20:36:23] [INFO] [BaseApi.py]/[line: 80]/[send] 发起的请求地址为===========>https://papi.boweiedu.com/backend/course/list 
[2024-07-31 20:36:23] [INFO] [BaseApi.py]/[line: 82]/[send] 接口的响应信息为<==========={"code":0,"msg":"success","data":{"list":[{"uuid":"639b8de86320703dd81aecb34a4eba09","course_name":"评分评价课程","start_time":0,"end_time":0,"created_at":"2024-07-31 17:35:12","about":"课程","view":0,"publish":"publish","class":0,"status":0,"is_own":0,"lesson_count":11,"group_introduce":"","teacher":{"user_uuid":"2bea1b91c7a61eae3198b1fd043057dc","nick_name":"Sam134","avatar":"","real_name":"Sam","desc":""},"resource":{"uuid":"d608eddb8d5d415db106dd9f090ff6f4","filepath":"https://pstatic.boweiedu.com/resource/static/759a85a6fcf9e63cb9e9377f7c50bb27/public/2024/07/d33mebbp4ipyxnouhj.jpg","url":"https://pstatic.boweiedu.com/resource/static/759a85a6fcf9e63cb9e9377f7c50bb27/public/2024/07/d33mebbp4ipyxnouhj.jpg"}},{"uuid":"645eb16738c27572d3de2c69dcbec119","course_name":"快速开课课程数据","start_time":0,"end_time":0,"created_at":"2024-07-30 14:22:20","about":"快速开课课程数据","view":0,"publish":"publish","class":0,"status":0,"is_own":0,"lesson_count":1,"group_introduce":"","teacher":{"user_uuid":"a4b005d066eaa0a56f3dc5d53f799945","nick_name":"James","avatar":"","real_name":"郑锦杰","desc":""}},{"uuid":"c57670520199aad9760579c90e85efae","course_name":"点播课程(腾讯云服务)","start_time":0,"end_time":0,"created_at":"2024-06-21 17:10:40","about":"点播课程(腾讯云服务)","view":4,"publish":"publish","class":0,"status":0,"is_own":0,"lesson_count":1,"group_introduce":"","teacher":{"user_uuid":"a4b005d066eaa0a56f3dc5d53f799945","nick_name":"James","avatar":"","real_name":"郑锦杰","desc":""}},{"uuid":"635ea1f3634dc46227f0faa24b322846","course_name":"点播课程(本地服务)","start_time":0,"end_time":0,"created_at":"2024-06-21 11:12:10","about":"点播课程","view":8,"publish":"publish","class":0,"status":1,"is_own":0,"lesson_count":3,"group_introduce":"","teacher":{"user_uuid":"a4b005d066eaa0a56f3dc5d53f799945","nick_name":"James","avatar":"","real_name":"郑锦杰","desc":""}},{"uuid":"0228dd2734d808e052ccfc8b22782f9d","course_name":"32323","start_time":0,"end_time":0,"created_at":"2024-05-24 15:36:27","about":"3232332323","view":7,"publish":"publish","class":0,"status":2,"is_own":0,"lesson_count":1,"group_introduce":"","teacher":{"user_uuid":"79327e75a76573cc010115985ad94de1","nick_name":"星雨","avatar":"","real_name":"张丽娟","desc":""}},{"uuid":"403e4ceab221c438b50f349ef190cee9","course_name":"零基础学Python","start_time":0,"end_time":0,"created_at":"2024-05-23 10:25:10","about":"零基础学Python","view":120,"publish":"publish","class":0,"status":0,"is_own":0,"lesson_count":6,"group_introduce":"","teacher":{"user_uuid":"a4b005d066eaa0a56f3dc5d53f799945","nick_name":"James","avatar":"","real_name":"郑锦杰","desc":""}},{"uuid":"6fab58b333be82084acb593e659bf70f","course_name":"看i根据肥牛火锅","start_time":0,"end_time":0,"created_at":"2024-05-22 18:51:55","about":"的尴尬和VS的","view":0,"publish":"publish","class":0,"status":0,"is_own":0,"lesson_count":3,"group_introduce":"","teacher":{"user_uuid":"8b88f10270ab0ffbf92715b501421b33","nick_name":"刘梦丹","avatar":"","real_name":"刘梦丹","desc":""}},{"uuid":"0868a1072864f02ea8da6195712b8c56","course_name":"课程1","start_time":0,"end_time":0,"created_at":"2024-05-22 09:44:24","about":"课程上传文件","view":5,"publish":"publish","class":0,"status":0,"is_own":0,"lesson_count":1,"group_introduce":"","teacher":{"user_uuid":"2a8057191dd84ebfa3a5107891251e7c","nick_name":"王奕思","avatar":"","real_name":"王奕思","desc":""}},{"uuid":"faf49990b010aabe78ea3a521735a838","course_name":"1111","start_time":0,"end_time":0,"created_at":"2024-04-12 11:27:29","about":"21212","view":0,"publish":"publish","class":0,"status":0,"is_own":0,"lesson_count":0,"group_introduce":"","teacher":{"user_uuid":"28dc6c264bf279a1e42f2e14b42cb5d0","nick_name":"郑老师","avatar":"","real_name":"郑老师","desc":""}},{"uuid":"acd5190fe0af172cea694c6b6f4e0701","course_name":"中餐-面点","start_time":0,"end_time":0,"created_at":"2024-04-11 15:33:23","about":"","view":3,"publish":"publish","class":0,"status":1,"is_own":0,"lesson_count":1,"group_introduce":"","teacher":{"user_uuid":"79327e75a76573cc010115985ad94de1","nick_name":"星雨","avatar":"","real_name":"张丽娟","desc":""}}],"pagination":{"size":10,"total":12,"pages":2,"page":1}},"timestamp":1722429382,"req_id":"d7939dd3654ce71763c1cb10a04c0530"} 
[2024-07-31 20:36:23] [INFO] [jsonpath_utils.py]/[line: 11]/[get] 通过jsonpath获取到的数据为[0] 
[2024-07-31 20:36:23] [INFO] [BaseApi.py]/[line: 80]/[send] 发起的请求地址为===========>https://papi.boweiedu.com/backend/course/add 
[2024-07-31 20:36:23] [INFO] [BaseApi.py]/[line: 82]/[send] 接口的响应信息为<==========={"code":0,"msg":"success","data":{"uuid":"452c9ce180101e98e99b09c0ca2e06a2"},"timestamp":1722429382,"req_id":"db26f4e0654ce71766c1cb109260cbad"} 
[2024-07-31 20:36:23] [INFO] [jsonpath_utils.py]/[line: 11]/[get] 通过jsonpath获取到的数据为['452c9ce180101e98e99b09c0ca2e06a2'] 
[2024-07-31 20:36:23] [INFO] [BaseApi.py]/[line: 80]/[send] 发起的请求地址为===========>https://papi.boweiedu.com/backend/course/detail 
[2024-07-31 20:36:23] [INFO] [BaseApi.py]/[line: 82]/[send] 接口的响应信息为<==========={"code":0,"msg":"success","data":{"uuid":"452c9ce180101e98e99b09c0ca2e06a2","static_domain":"","course_name":"课程详情","start_time":0,"end_time":0,"created_at":"2024-07-31 20:36:22","view":0,"publish":"publish","gradeInfo":null,"about":"课程详情描述","is_own":1,"group_introduce":"","id":849,"teacher":{"user_uuid":"2c0326b9ade84619bd2f68bc4bb322c1","nick_name":"sam","avatar":"","real_name":"sam","desc":""},"groups":null,"score_rules":{},"password":""},"timestamp":1722429383,"req_id":"1bae70e6654ce71767c1cb10a9ce900a"} 
[2024-07-31 20:36:23] [INFO] [BaseApi.py]/[line: 80]/[send] 发起的请求地址为===========>https://papi.boweiedu.com/backend/course/delete 
[2024-07-31 20:36:23] [INFO] [BaseApi.py]/[line: 82]/[send] 接口的响应信息为<==========={"code":0,"msg":"success","data":[],"timestamp":1722429383,"req_id":"d4d82feb654ce71768c1cb10e8e31de9"} 
[2024-07-31 20:36:23] [INFO] [jsonpath_utils.py]/[line: 11]/[get] 通过jsonpath获取到的数据为[0] 
[2024-07-31 20:36:23] [INFO] [BaseApi.py]/[line: 80]/[send] 发起的请求地址为===========>https://papi.boweiedu.com/backend/user/teacher-list 
[2024-07-31 20:36:24] [INFO] [BaseApi.py]/[line: 82]/[send] 接口的响应信息为<==========={"code":0,"msg":"success","data":[{"id":4,"uuid":"c934020e6c3db361c46729898798d355","nickname":"Louis","name":"Louis","desc":""},{"id":192,"uuid":"28dc6c264bf279a1e42f2e14b42cb5d0","nickname":"郑老师","name":"郑老师","desc":""},{"id":193,"uuid":"79327e75a76573cc010115985ad94de1","nickname":"星雨","name":"张丽娟","desc":""},{"id":187,"uuid":"53f34e1ce75c7185e44ce7731eaa0506","nickname":"张的","name":"张的","desc":""},{"id":7,"uuid":"2bea1b91c7a61eae3198b1fd043057dc","nickname":"Sam134","name":"Sam","desc":""},{"id":426,"uuid":"ba02655039dfe9e3b60262d9c8bbe0da","nickname":"不知道","name":"不知道","desc":""},{"id":194,"uuid":"8b88f10270ab0ffbf92715b501421b33","nickname":"刘梦丹","name":"刘梦丹","desc":""},{"id":430,"uuid":"523670696c1736a76478b1a15c2d7fe9","nickname":"111","name":"111","desc":""},{"id":458,"uuid":"51f3d6d70389fb681c57bb7868115702","nickname":"昂反对","name":"昂反对","desc":""},{"id":1,"uuid":"a4b005d066eaa0a56f3dc5d53f799945","nickname":"James","name":"郑锦杰","desc":""},{"id":531,"uuid":"2a8057191dd84ebfa3a5107891251e7c","nickname":"王奕思","name":"王奕思","desc":""},{"id":533,"uuid":"85d0fbd08bf84478b97199e2fb177f15","nickname":"Ann","name":"Ann","desc":""},{"id":538,"uuid":"2c0326b9ade84619bd2f68bc4bb322c1","nickname":"sam","name":"sam","desc":""}],"timestamp":1722429383,"req_id":"2448b5f0654ce7176ac1cb100bb0b695"} 
[2024-07-31 20:36:24] [INFO] [jsonpath_utils.py]/[line: 11]/[get] 通过jsonpath获取到的数据为[0] 
[2024-07-31 20:36:24] [INFO] [BaseApi.py]/[line: 80]/[send] 发起的请求地址为===========>https://papi.boweiedu.com/backend/course/list-name 
[2024-07-31 20:36:24] [INFO] [BaseApi.py]/[line: 82]/[send] 接口的响应信息为<==========={"code":0,"msg":"success","data":{"list":[{"course_name":"评分评价课程","uuid":"639b8de86320703dd81aecb34a4eba09"},{"course_name":"快速开课课程数据","uuid":"645eb16738c27572d3de2c69dcbec119"},{"course_name":"点播课程(腾讯云服务)","uuid":"c57670520199aad9760579c90e85efae"},{"course_name":"点播课程(本地服务)","uuid":"635ea1f3634dc46227f0faa24b322846"},{"course_name":"32323","uuid":"0228dd2734d808e052ccfc8b22782f9d"},{"course_name":"零基础学Python","uuid":"403e4ceab221c438b50f349ef190cee9"},{"course_name":"看i根据肥牛火锅","uuid":"6fab58b333be82084acb593e659bf70f"},{"course_name":"课程1","uuid":"0868a1072864f02ea8da6195712b8c56"},{"course_name":"1111","uuid":"faf49990b010aabe78ea3a521735a838"},{"course_name":"中餐-面点","uuid":"acd5190fe0af172cea694c6b6f4e0701"},{"course_name":"4月19直播课程","uuid":"4e846a4db29b4924906a05637ae67224"}]},"timestamp":1722429383,"req_id":"d2bdd7f6654ce7176bc1cb1027415dd5"} 
[2024-07-31 20:36:24] [INFO] [jsonpath_utils.py]/[line: 11]/[get] 通过jsonpath获取到的数据为[0] 
[2024-07-31 20:36:24] [INFO] [BaseApi.py]/[line: 80]/[send] 发起的请求地址为===========>https://papi.boweiedu.com/backend/course/add 
[2024-07-31 20:36:24] [INFO] [BaseApi.py]/[line: 82]/[send] 接口的响应信息为<==========={"code":0,"msg":"success","data":{"uuid":"7c26c1dea5b24956b28b4b98f8bf3a7d"},"timestamp":1722429383,"req_id":"50ea5c07664ce7176dc1cb1064b6d545"} 
[2024-07-31 20:36:24] [INFO] [jsonpath_utils.py]/[line: 11]/[get] 通过jsonpath获取到的数据为['7c26c1dea5b24956b28b4b98f8bf3a7d'] 
[2024-07-31 20:36:24] [INFO] [BaseApi.py]/[line: 80]/[send] 发起的请求地址为===========>https://papi.boweiedu.com/backend/chapter/add 
[2024-07-31 20:36:24] [INFO] [BaseApi.py]/[line: 82]/[send] 接口的响应信息为<==========={"code":0,"msg":"success","data":{"uuid":"d8739449ab38d4a3340b99a21d24c773"},"timestamp":1722429383,"req_id":"9839480c664ce7176ec1cb103a785823"} 
[2024-07-31 20:36:24] [INFO] [jsonpath_utils.py]/[line: 11]/[get] 通过jsonpath获取到的数据为['d8739449ab38d4a3340b99a21d24c773'] 
[2024-07-31 20:36:24] [INFO] [BaseApi.py]/[line: 80]/[send] 发起的请求地址为===========>https://papi.boweiedu.com/backend/lesson/add 
[2024-07-31 20:36:24] [INFO] [BaseApi.py]/[line: 82]/[send] 接口的响应信息为<==========={"code":0,"msg":"success","data":{"uuid":"f4a139f595306692cd4ef695198bd566"},"timestamp":1722429383,"req_id":"b474b811664ce7176fc1cb10a5dd8a9c"} 
[2024-07-31 20:36:24] [INFO] [jsonpath_utils.py]/[line: 11]/[get] 通过jsonpath获取到的数据为[0] 
[2024-07-31 20:36:24] [INFO] [BaseApi.py]/[line: 80]/[send] 发起的请求地址为===========>https://papi.boweiedu.com/backend/course/delete 
[2024-07-31 20:36:24] [INFO] [BaseApi.py]/[line: 82]/[send] 接口的响应信息为<==========={"code":0,"msg":"success","data":[],"timestamp":1722429383,"req_id":"094d3d17664ce71770c1cb1021e597a5"} 
[2024-07-31 20:36:24] [INFO] [BaseApi.py]/[line: 80]/[send] 发起的请求地址为===========>https://papi.boweiedu.com/backend/course/add 
[2024-07-31 20:36:24] [INFO] [BaseApi.py]/[line: 82]/[send] 接口的响应信息为<==========={"code":0,"msg":"success","data":{"uuid":"f0f95987ed477393fcba3c44d3ef75de"},"timestamp":1722429384,"req_id":"a1c65a24664ce71773c1cb1082cad2c4"} 
[2024-07-31 20:36:24] [INFO] [jsonpath_utils.py]/[line: 11]/[get] 通过jsonpath获取到的数据为['f0f95987ed477393fcba3c44d3ef75de'] 
[2024-07-31 20:36:24] [INFO] [BaseApi.py]/[line: 80]/[send] 发起的请求地址为===========>https://papi.boweiedu.com/backend/chapter/add 
[2024-07-31 20:36:24] [INFO] [BaseApi.py]/[line: 82]/[send] 接口的响应信息为<==========={"code":0,"msg":"success","data":{"uuid":"2da98b5a66b12bb20e9b6dc7cf8619bd"},"timestamp":1722429384,"req_id":"41ba7929664ce71774c1cb10fd5889b0"} 
[2024-07-31 20:36:24] [INFO] [jsonpath_utils.py]/[line: 11]/[get] 通过jsonpath获取到的数据为['2da98b5a66b12bb20e9b6dc7cf8619bd'] 
[2024-07-31 20:36:24] [INFO] [BaseApi.py]/[line: 80]/[send] 发起的请求地址为===========>https://papi.boweiedu.com/backend/lesson/add 
[2024-07-31 20:36:25] [INFO] [BaseApi.py]/[line: 82]/[send] 接口的响应信息为<==========={"code":0,"msg":"success","data":{"uuid":"190b7fddbfa1d9410692e4208e98dc96"},"timestamp":1722429384,"req_id":"5791a72d664ce71775c1cb1091fc36eb"} 
[2024-07-31 20:36:25] [INFO] [jsonpath_utils.py]/[line: 11]/[get] 通过jsonpath获取到的数据为['190b7fddbfa1d9410692e4208e98dc96'] 
[2024-07-31 20:36:25] [INFO] [BaseApi.py]/[line: 80]/[send] 发起的请求地址为===========>https://papi.boweiedu.com/backend/lesson/edit 
[2024-07-31 20:36:25] [INFO] [BaseApi.py]/[line: 82]/[send] 接口的响应信息为<==========={"code":0,"msg":"success","data":[],"timestamp":1722429384,"req_id":"d4c86c32664ce71776c1cb1036ed1f6e"} 
[2024-07-31 20:36:25] [INFO] [jsonpath_utils.py]/[line: 11]/[get] 通过jsonpath获取到的数据为[0] 
[2024-07-31 20:36:25] [INFO] [BaseApi.py]/[line: 80]/[send] 发起的请求地址为===========>https://papi.boweiedu.com/backend/course/delete 
[2024-07-31 20:36:25] [INFO] [BaseApi.py]/[line: 82]/[send] 接口的响应信息为<==========={"code":0,"msg":"success","data":[],"timestamp":1722429384,"req_id":"40373036664ce71777c1cb1052bf986c"} 
[2024-07-31 20:36:25] [INFO] [BaseApi.py]/[line: 80]/[send] 发起的请求地址为===========>https://papi.boweiedu.com/backend/resource/list 
[2024-07-31 20:36:25] [INFO] [BaseApi.py]/[line: 82]/[send] 接口的响应信息为<==========={"code":0,"msg":"success","data":{"list":[{"convert_status":"success","created_at":"2023-12-20 18:38:17","duration":0,"ext":"jpg","ext_type":"image","file":"22","first_frame":"","path":"https://pstatic.boweiedu.com/resource/static/759a85a6fc/2023/12/cxt3gukyahx29wt3hj.jpg","size":70188,"type":0,"uuid":"1ffac4f57250436b40050520118e8042"},{"convert_status":"success","created_at":"2023-12-20 18:38:17","duration":0,"ext":"jpg","ext_type":"image","file":"23","first_frame":"","path":"https://pstatic.boweiedu.com/resource/static/759a85a6fc/2023/12/cxt3gul8i7lpik1jqo.jpg","size":27186,"type":0,"uuid":"e90049df2dc60b21e3cca81e309401b7"},{"convert_status":"success","created_at":"2023-12-20 18:38:17","duration":0,"ext":"jpg","ext_type":"image","file":"24","first_frame":"","path":"https://pstatic.boweiedu.com/resource/static/759a85a6fc/2023/12/cxt3gulih5b3rzttsm.jpg","size":106240,"type":0,"uuid":"e590fc2d4e7156ed2a9b3ec87a098639"},{"convert_status":"success","created_at":"2023-12-20 18:40:51","duration":1752,"ext":"m3u8","ext_type":"video","file":"直播回放1220_191122","first_frame":"","path":"https://vodobs.boweiedu.com/6cbce17evodcq1500022954/960b1a253270835013921956367/playlist_eof.m3u8","size":408349335,"type":6,"uuid":"558f2307ce99796522fb970969578c7e"},{"convert_status":"success","created_at":"2023-12-20 19:14:42","duration":29,"ext":"m3u8","ext_type":"video","file":"直播回放1220_191609","first_frame":"","path":"https://vodobs.boweiedu.com/6cbce17evodcq1500022954/881f4a583270835013921368024/playlist_eof.m3u8","size":3908384,"type":6,"uuid":"f4812c11448590b759b69e6e77a8c50b"},{"convert_status":"success","created_at":"2023-12-20 19:16:41","duration":1749,"ext":"m3u8","ext_type":"video","file":"直播回放1220_194650","first_frame":"","path":"https://vodobs.boweiedu.com/6cbce17evodcq1500022954/25e7b8f63270835013502158291/playlist_eof.m3u8","size":388912846,"type":6,"uuid":"58dd867a37aeb4d5138f67a00c397526"},{"convert_status":"success","created_at":"2023-12-20 20:20:39","duration":0,"ext":"jpg","ext_type":"image","file":"18","first_frame":"","path":"https://pstatic.boweiedu.com/resource/static/759a85a6fc/2023/12/cxt5n8aetaemtni9cs.jpg","size":41674,"type":0,"uuid":"091dd7f2e3c6230a85d1b534299dedfc"},{"convert_status":"success","created_at":"2023-12-20 20:20:44","duration":0,"ext":"jpg","ext_type":"image","file":"20","first_frame":"","path":"https://pstatic.boweiedu.com/resource/static/759a85a6fc/2023/12/cxt5nas6lcjxylekqn.jpg","size":53946,"type":0,"uuid":"ba72375f2bd0105658b9ae41a145149e"},{"convert_status":"success","created_at":"2023-12-20 20:20:44","duration":0,"ext":"jpg","ext_type":"image","file":"23","first_frame":"","path":"https://pstatic.boweiedu.com/resource/static/759a85a6fc/2023/12/cxt5nas9wclxbuc5cp.jpg","size":27186,"type":0,"uuid":"76ca48ffc09779df8c873f7d9f2e082c"},{"convert_status":"success","created_at":"2023-12-20 20:20:44","duration":0,"ext":"jpg","ext_type":"image","file":"21","first_frame":"","path":"https://pstatic.boweiedu.com/resource/static/759a85a6fc/2023/12/cxt5nasgtz9dvxoef6.jpg","size":99678,"type":0,"uuid":"2de2e612c3397cd9ec640cf659be75c5"}],"pagination":{"size":10,"total":908,"pages":91,"page":1}},"timestamp":1722429384,"req_id":"744d353b664ce71779c1cb109db6aba3"} 
[2024-07-31 20:36:25] [INFO] [BaseApi.py]/[line: 80]/[send] 发起的请求地址为===========>https://papi.boweiedu.com/backend/resource/list 
[2024-07-31 20:36:25] [INFO] [BaseApi.py]/[line: 82]/[send] 接口的响应信息为<==========={"code":0,"msg":"success","data":{"list":[{"convert_status":"success","created_at":"2023-12-20 18:38:17","duration":0,"ext":"jpg","ext_type":"image","file":"22","first_frame":"","path":"https://pstatic.boweiedu.com/resource/static/759a85a6fc/2023/12/cxt3gukyahx29wt3hj.jpg","size":70188,"type":0,"uuid":"1ffac4f57250436b40050520118e8042"},{"convert_status":"success","created_at":"2023-12-20 18:38:17","duration":0,"ext":"jpg","ext_type":"image","file":"23","first_frame":"","path":"https://pstatic.boweiedu.com/resource/static/759a85a6fc/2023/12/cxt3gul8i7lpik1jqo.jpg","size":27186,"type":0,"uuid":"e90049df2dc60b21e3cca81e309401b7"},{"convert_status":"success","created_at":"2023-12-20 18:38:17","duration":0,"ext":"jpg","ext_type":"image","file":"24","first_frame":"","path":"https://pstatic.boweiedu.com/resource/static/759a85a6fc/2023/12/cxt3gulih5b3rzttsm.jpg","size":106240,"type":0,"uuid":"e590fc2d4e7156ed2a9b3ec87a098639"},{"convert_status":"success","created_at":"2023-12-20 18:40:51","duration":1752,"ext":"m3u8","ext_type":"video","file":"直播回放1220_191122","first_frame":"","path":"https://vodobs.boweiedu.com/6cbce17evodcq1500022954/960b1a253270835013921956367/playlist_eof.m3u8","size":408349335,"type":6,"uuid":"558f2307ce99796522fb970969578c7e"},{"convert_status":"success","created_at":"2023-12-20 19:14:42","duration":29,"ext":"m3u8","ext_type":"video","file":"直播回放1220_191609","first_frame":"","path":"https://vodobs.boweiedu.com/6cbce17evodcq1500022954/881f4a583270835013921368024/playlist_eof.m3u8","size":3908384,"type":6,"uuid":"f4812c11448590b759b69e6e77a8c50b"},{"convert_status":"success","created_at":"2023-12-20 19:16:41","duration":1749,"ext":"m3u8","ext_type":"video","file":"直播回放1220_194650","first_frame":"","path":"https://vodobs.boweiedu.com/6cbce17evodcq1500022954/25e7b8f63270835013502158291/playlist_eof.m3u8","size":388912846,"type":6,"uuid":"58dd867a37aeb4d5138f67a00c397526"},{"convert_status":"success","created_at":"2023-12-20 20:20:39","duration":0,"ext":"jpg","ext_type":"image","file":"18","first_frame":"","path":"https://pstatic.boweiedu.com/resource/static/759a85a6fc/2023/12/cxt5n8aetaemtni9cs.jpg","size":41674,"type":0,"uuid":"091dd7f2e3c6230a85d1b534299dedfc"},{"convert_status":"success","created_at":"2023-12-20 20:20:44","duration":0,"ext":"jpg","ext_type":"image","file":"20","first_frame":"","path":"https://pstatic.boweiedu.com/resource/static/759a85a6fc/2023/12/cxt5nas6lcjxylekqn.jpg","size":53946,"type":0,"uuid":"ba72375f2bd0105658b9ae41a145149e"},{"convert_status":"success","created_at":"2023-12-20 20:20:44","duration":0,"ext":"jpg","ext_type":"image","file":"23","first_frame":"","path":"https://pstatic.boweiedu.com/resource/static/759a85a6fc/2023/12/cxt5nas9wclxbuc5cp.jpg","size":27186,"type":0,"uuid":"76ca48ffc09779df8c873f7d9f2e082c"},{"convert_status":"success","created_at":"2023-12-20 20:20:44","duration":0,"ext":"jpg","ext_type":"image","file":"21","first_frame":"","path":"https://pstatic.boweiedu.com/resource/static/759a85a6fc/2023/12/cxt5nasgtz9dvxoef6.jpg","size":99678,"type":0,"uuid":"2de2e612c3397cd9ec640cf659be75c5"}],"pagination":{"size":10,"total":908,"pages":91,"page":1}},"timestamp":1722429384,"req_id":"75d1e841664ce7177ac1cb10edbac11c"} 
[2024-07-31 20:36:25] [INFO] [test_resource_manage_api.py]/[line: 41]/[test_get_resource_lists] JSONSchema的结构为：{'$schema': 'http://json-schema.org/schema#', 'type': 'object', 'properties': {'code': {'type': 'integer'}, 'msg': {'type': 'string'}, 'data': {'type': 'object', 'properties': {'list': {'type': 'array', 'items': {'type': 'object', 'properties': {'convert_status': {'type': 'string'}, 'created_at': {'type': 'string'}, 'duration': {'type': 'integer'}, 'ext': {'type': 'string'}, 'ext_type': {'type': 'string'}, 'file': {'type': 'string'}, 'first_frame': {'type': 'string'}, 'path': {'type': 'string'}, 'size': {'type': 'integer'}, 'type': {'type': 'integer'}, 'uuid': {'type': 'string'}}, 'required': ['convert_status', 'created_at', 'duration', 'ext', 'ext_type', 'file', 'first_frame', 'path', 'size', 'type', 'uuid']}}, 'pagination': {'type': 'object', 'properties': {'size': {'type': 'integer'}, 'total': {'type': 'integer'}, 'pages': {'type': 'integer'}, 'page': {'type': 'integer'}}, 'required': ['page', 'pages', 'size', 'total']}}, 'required': ['list', 'pagination']}, 'timestamp': {'type': 'integer'}, 'req_id': {'type': 'string'}}, 'required': ['code', 'data', 'msg', 'req_id', 'timestamp']} 
[2024-07-31 20:36:25] [INFO] [BaseApi.py]/[line: 80]/[send] 发起的请求地址为===========>https://papi.boweiedu.com/backend/resource/list 
[2024-07-31 20:36:25] [INFO] [BaseApi.py]/[line: 82]/[send] 接口的响应信息为<==========={"code":0,"msg":"success","data":{"list":[{"convert_status":"success","created_at":"2023-12-20 18:38:17","duration":0,"ext":"jpg","ext_type":"image","file":"22","first_frame":"","path":"https://pstatic.boweiedu.com/resource/static/759a85a6fc/2023/12/cxt3gukyahx29wt3hj.jpg","size":70188,"type":0,"uuid":"1ffac4f57250436b40050520118e8042"},{"convert_status":"success","created_at":"2023-12-20 18:38:17","duration":0,"ext":"jpg","ext_type":"image","file":"23","first_frame":"","path":"https://pstatic.boweiedu.com/resource/static/759a85a6fc/2023/12/cxt3gul8i7lpik1jqo.jpg","size":27186,"type":0,"uuid":"e90049df2dc60b21e3cca81e309401b7"},{"convert_status":"success","created_at":"2023-12-20 18:38:17","duration":0,"ext":"jpg","ext_type":"image","file":"24","first_frame":"","path":"https://pstatic.boweiedu.com/resource/static/759a85a6fc/2023/12/cxt3gulih5b3rzttsm.jpg","size":106240,"type":0,"uuid":"e590fc2d4e7156ed2a9b3ec87a098639"},{"convert_status":"success","created_at":"2023-12-20 18:40:51","duration":1752,"ext":"m3u8","ext_type":"video","file":"直播回放1220_191122","first_frame":"","path":"https://vodobs.boweiedu.com/6cbce17evodcq1500022954/960b1a253270835013921956367/playlist_eof.m3u8","size":408349335,"type":6,"uuid":"558f2307ce99796522fb970969578c7e"},{"convert_status":"success","created_at":"2023-12-20 19:14:42","duration":29,"ext":"m3u8","ext_type":"video","file":"直播回放1220_191609","first_frame":"","path":"https://vodobs.boweiedu.com/6cbce17evodcq1500022954/881f4a583270835013921368024/playlist_eof.m3u8","size":3908384,"type":6,"uuid":"f4812c11448590b759b69e6e77a8c50b"},{"convert_status":"success","created_at":"2023-12-20 19:16:41","duration":1749,"ext":"m3u8","ext_type":"video","file":"直播回放1220_194650","first_frame":"","path":"https://vodobs.boweiedu.com/6cbce17evodcq1500022954/25e7b8f63270835013502158291/playlist_eof.m3u8","size":388912846,"type":6,"uuid":"58dd867a37aeb4d5138f67a00c397526"},{"convert_status":"success","created_at":"2023-12-20 20:20:39","duration":0,"ext":"jpg","ext_type":"image","file":"18","first_frame":"","path":"https://pstatic.boweiedu.com/resource/static/759a85a6fc/2023/12/cxt5n8aetaemtni9cs.jpg","size":41674,"type":0,"uuid":"091dd7f2e3c6230a85d1b534299dedfc"},{"convert_status":"success","created_at":"2023-12-20 20:20:44","duration":0,"ext":"jpg","ext_type":"image","file":"20","first_frame":"","path":"https://pstatic.boweiedu.com/resource/static/759a85a6fc/2023/12/cxt5nas6lcjxylekqn.jpg","size":53946,"type":0,"uuid":"ba72375f2bd0105658b9ae41a145149e"},{"convert_status":"success","created_at":"2023-12-20 20:20:44","duration":0,"ext":"jpg","ext_type":"image","file":"23","first_frame":"","path":"https://pstatic.boweiedu.com/resource/static/759a85a6fc/2023/12/cxt5nas9wclxbuc5cp.jpg","size":27186,"type":0,"uuid":"76ca48ffc09779df8c873f7d9f2e082c"},{"convert_status":"success","created_at":"2023-12-20 20:20:44","duration":0,"ext":"jpg","ext_type":"image","file":"21","first_frame":"","path":"https://pstatic.boweiedu.com/resource/static/759a85a6fc/2023/12/cxt5nasgtz9dvxoef6.jpg","size":99678,"type":0,"uuid":"2de2e612c3397cd9ec640cf659be75c5"}],"pagination":{"size":10,"total":908,"pages":91,"page":1}},"timestamp":1722429384,"req_id":"5e300747664ce7177bc1cb10de95ebea"} 
[2024-07-31 20:36:25] [INFO] [test_resource_manage_api.py]/[line: 44]/[test_get_resource_lists] 验证的结果为：True 
[2024-07-31 20:36:25] [INFO] [BaseApi.py]/[line: 80]/[send] 发起的请求地址为===========>https://papi.boweiedu.com/backend/resource/list 
[2024-07-31 20:36:25] [INFO] [BaseApi.py]/[line: 82]/[send] 接口的响应信息为<==========={"code":0,"msg":"success","data":{"list":[{"convert_status":"success","created_at":"2023-12-20 18:38:17","duration":0,"ext":"jpg","ext_type":"image","file":"22","first_frame":"","path":"https://pstatic.boweiedu.com/resource/static/759a85a6fc/2023/12/cxt3gukyahx29wt3hj.jpg","size":70188,"type":0,"uuid":"1ffac4f57250436b40050520118e8042"},{"convert_status":"success","created_at":"2023-12-20 18:38:17","duration":0,"ext":"jpg","ext_type":"image","file":"23","first_frame":"","path":"https://pstatic.boweiedu.com/resource/static/759a85a6fc/2023/12/cxt3gul8i7lpik1jqo.jpg","size":27186,"type":0,"uuid":"e90049df2dc60b21e3cca81e309401b7"},{"convert_status":"success","created_at":"2023-12-20 18:38:17","duration":0,"ext":"jpg","ext_type":"image","file":"24","first_frame":"","path":"https://pstatic.boweiedu.com/resource/static/759a85a6fc/2023/12/cxt3gulih5b3rzttsm.jpg","size":106240,"type":0,"uuid":"e590fc2d4e7156ed2a9b3ec87a098639"},{"convert_status":"success","created_at":"2023-12-20 18:40:51","duration":1752,"ext":"m3u8","ext_type":"video","file":"直播回放1220_191122","first_frame":"","path":"https://vodobs.boweiedu.com/6cbce17evodcq1500022954/960b1a253270835013921956367/playlist_eof.m3u8","size":408349335,"type":6,"uuid":"558f2307ce99796522fb970969578c7e"},{"convert_status":"success","created_at":"2023-12-20 19:14:42","duration":29,"ext":"m3u8","ext_type":"video","file":"直播回放1220_191609","first_frame":"","path":"https://vodobs.boweiedu.com/6cbce17evodcq1500022954/881f4a583270835013921368024/playlist_eof.m3u8","size":3908384,"type":6,"uuid":"f4812c11448590b759b69e6e77a8c50b"},{"convert_status":"success","created_at":"2023-12-20 19:16:41","duration":1749,"ext":"m3u8","ext_type":"video","file":"直播回放1220_194650","first_frame":"","path":"https://vodobs.boweiedu.com/6cbce17evodcq1500022954/25e7b8f63270835013502158291/playlist_eof.m3u8","size":388912846,"type":6,"uuid":"58dd867a37aeb4d5138f67a00c397526"},{"convert_status":"success","created_at":"2023-12-20 20:20:39","duration":0,"ext":"jpg","ext_type":"image","file":"18","first_frame":"","path":"https://pstatic.boweiedu.com/resource/static/759a85a6fc/2023/12/cxt5n8aetaemtni9cs.jpg","size":41674,"type":0,"uuid":"091dd7f2e3c6230a85d1b534299dedfc"},{"convert_status":"success","created_at":"2023-12-20 20:20:44","duration":0,"ext":"jpg","ext_type":"image","file":"20","first_frame":"","path":"https://pstatic.boweiedu.com/resource/static/759a85a6fc/2023/12/cxt5nas6lcjxylekqn.jpg","size":53946,"type":0,"uuid":"ba72375f2bd0105658b9ae41a145149e"},{"convert_status":"success","created_at":"2023-12-20 20:20:44","duration":0,"ext":"jpg","ext_type":"image","file":"23","first_frame":"","path":"https://pstatic.boweiedu.com/resource/static/759a85a6fc/2023/12/cxt5nas9wclxbuc5cp.jpg","size":27186,"type":0,"uuid":"76ca48ffc09779df8c873f7d9f2e082c"},{"convert_status":"success","created_at":"2023-12-20 20:20:44","duration":0,"ext":"jpg","ext_type":"image","file":"21","first_frame":"","path":"https://pstatic.boweiedu.com/resource/static/759a85a6fc/2023/12/cxt5nasgtz9dvxoef6.jpg","size":99678,"type":0,"uuid":"2de2e612c3397cd9ec640cf659be75c5"}],"pagination":{"size":10,"total":908,"pages":91,"page":1}},"timestamp":1722429384,"req_id":"46104f4c664ce7177cc1cb10f04eb3f9"} 
[2024-07-31 20:36:25] [INFO] [BaseApi.py]/[line: 80]/[send] 发起的请求地址为===========>https://papi.boweiedu.com/backend/resource/list 
[2024-07-31 20:36:25] [INFO] [BaseApi.py]/[line: 82]/[send] 接口的响应信息为<==========={"code":0,"msg":"success","data":{"list":[{"convert_status":"success","created_at":"2023-12-20 18:38:17","duration":0,"ext":"jpg","ext_type":"image","file":"22","first_frame":"","path":"https://pstatic.boweiedu.com/resource/static/759a85a6fc/2023/12/cxt3gukyahx29wt3hj.jpg","size":70188,"type":0,"uuid":"1ffac4f57250436b40050520118e8042"},{"convert_status":"success","created_at":"2023-12-20 18:38:17","duration":0,"ext":"jpg","ext_type":"image","file":"23","first_frame":"","path":"https://pstatic.boweiedu.com/resource/static/759a85a6fc/2023/12/cxt3gul8i7lpik1jqo.jpg","size":27186,"type":0,"uuid":"e90049df2dc60b21e3cca81e309401b7"},{"convert_status":"success","created_at":"2023-12-20 18:38:17","duration":0,"ext":"jpg","ext_type":"image","file":"24","first_frame":"","path":"https://pstatic.boweiedu.com/resource/static/759a85a6fc/2023/12/cxt3gulih5b3rzttsm.jpg","size":106240,"type":0,"uuid":"e590fc2d4e7156ed2a9b3ec87a098639"},{"convert_status":"success","created_at":"2023-12-20 18:40:51","duration":1752,"ext":"m3u8","ext_type":"video","file":"直播回放1220_191122","first_frame":"","path":"https://vodobs.boweiedu.com/6cbce17evodcq1500022954/960b1a253270835013921956367/playlist_eof.m3u8","size":408349335,"type":6,"uuid":"558f2307ce99796522fb970969578c7e"},{"convert_status":"success","created_at":"2023-12-20 19:14:42","duration":29,"ext":"m3u8","ext_type":"video","file":"直播回放1220_191609","first_frame":"","path":"https://vodobs.boweiedu.com/6cbce17evodcq1500022954/881f4a583270835013921368024/playlist_eof.m3u8","size":3908384,"type":6,"uuid":"f4812c11448590b759b69e6e77a8c50b"},{"convert_status":"success","created_at":"2023-12-20 19:16:41","duration":1749,"ext":"m3u8","ext_type":"video","file":"直播回放1220_194650","first_frame":"","path":"https://vodobs.boweiedu.com/6cbce17evodcq1500022954/25e7b8f63270835013502158291/playlist_eof.m3u8","size":388912846,"type":6,"uuid":"58dd867a37aeb4d5138f67a00c397526"},{"convert_status":"success","created_at":"2023-12-20 20:20:39","duration":0,"ext":"jpg","ext_type":"image","file":"18","first_frame":"","path":"https://pstatic.boweiedu.com/resource/static/759a85a6fc/2023/12/cxt5n8aetaemtni9cs.jpg","size":41674,"type":0,"uuid":"091dd7f2e3c6230a85d1b534299dedfc"},{"convert_status":"success","created_at":"2023-12-20 20:20:44","duration":0,"ext":"jpg","ext_type":"image","file":"20","first_frame":"","path":"https://pstatic.boweiedu.com/resource/static/759a85a6fc/2023/12/cxt5nas6lcjxylekqn.jpg","size":53946,"type":0,"uuid":"ba72375f2bd0105658b9ae41a145149e"},{"convert_status":"success","created_at":"2023-12-20 20:20:44","duration":0,"ext":"jpg","ext_type":"image","file":"23","first_frame":"","path":"https://pstatic.boweiedu.com/resource/static/759a85a6fc/2023/12/cxt5nas9wclxbuc5cp.jpg","size":27186,"type":0,"uuid":"76ca48ffc09779df8c873f7d9f2e082c"},{"convert_status":"success","created_at":"2023-12-20 20:20:44","duration":0,"ext":"jpg","ext_type":"image","file":"21","first_frame":"","path":"https://pstatic.boweiedu.com/resource/static/759a85a6fc/2023/12/cxt5nasgtz9dvxoef6.jpg","size":99678,"type":0,"uuid":"2de2e612c3397cd9ec640cf659be75c5"}],"pagination":{"size":10,"total":908,"pages":91,"page":1}},"timestamp":1722429384,"req_id":"c814e951664ce7177dc1cb1074834725"} 
[2024-07-31 20:36:25] [INFO] [test_resource_manage_api.py]/[line: 58]/[test_get_resource_list] 验证的结果为：True 
[2024-07-31 20:36:25] [INFO] [BaseApi.py]/[line: 80]/[send] 发起的请求地址为===========>https://papi.boweiedu.com/backend/course/add 
[2024-07-31 20:36:25] [INFO] [BaseApi.py]/[line: 82]/[send] 接口的响应信息为<==========={"code":0,"msg":"success","data":{"uuid":"9131b75935dffa6552b9df3e5460170a"},"timestamp":1722429384,"req_id":"43799a5a664ce7177fc1cb1061d62f4c"} 
[2024-07-31 20:36:25] [INFO] [jsonpath_utils.py]/[line: 11]/[get] 通过jsonpath获取到的数据为['9131b75935dffa6552b9df3e5460170a'] 
[2024-07-31 20:36:25] [INFO] [BaseApi.py]/[line: 80]/[send] 发起的请求地址为===========>https://papi.boweiedu.com/backend/chapter/add 
[2024-07-31 20:36:25] [INFO] [BaseApi.py]/[line: 82]/[send] 接口的响应信息为<==========={"code":0,"msg":"success","data":{"uuid":"77e77d6f7ce20ad5324af6a201291c61"},"timestamp":1722429385,"req_id":"3239e95f664ce71780c1cb109557d98e"} 
[2024-07-31 20:36:25] [INFO] [jsonpath_utils.py]/[line: 11]/[get] 通过jsonpath获取到的数据为['77e77d6f7ce20ad5324af6a201291c61'] 
[2024-07-31 20:36:25] [INFO] [BaseApi.py]/[line: 80]/[send] 发起的请求地址为===========>https://papi.boweiedu.com/backend/lesson/add 
[2024-07-31 20:36:25] [INFO] [BaseApi.py]/[line: 82]/[send] 接口的响应信息为<==========={"code":0,"msg":"success","data":{"uuid":"8a3589a30cc0d5d2ebf9ca2740e8697a"},"timestamp":1722429385,"req_id":"02b27d65664ce71781c1cb1059f0187c"} 
[2024-07-31 20:36:25] [INFO] [jsonpath_utils.py]/[line: 11]/[get] 通过jsonpath获取到的数据为['8a3589a30cc0d5d2ebf9ca2740e8697a'] 
[2024-07-31 20:36:26] [INFO] [BaseApi.py]/[line: 80]/[send] 发起的请求地址为===========>https://papi.boweiedu.com/comm/upload 
[2024-07-31 20:36:26] [INFO] [BaseApi.py]/[line: 82]/[send] 接口的响应信息为<==========={"code":0,"msg":"success","data":{"uuid":"c72783a9351383390b47d30fe0cd70d7","filepath":"https://pstatic.boweiedu.com/resource/static/0000000000/2024/07/d33q9c102g40cnohtf.jpeg","url":"https://pstatic.boweiedu.com/resource/static/0000000000/2024/07/d33q9c102g40cnohtf.jpeg"},"timestamp":1722429385,"req_id":"bf64c076664ce71782c1cb10e27e1a91"} 
[2024-07-31 20:36:26] [INFO] [jsonpath_utils.py]/[line: 11]/[get] 通过jsonpath获取到的数据为['c72783a9351383390b47d30fe0cd70d7'] 
[2024-07-31 20:36:26] [INFO] [BaseApi.py]/[line: 80]/[send] 发起的请求地址为===========>https://papi.boweiedu.com/backend/resource/bind 
[2024-07-31 20:36:26] [INFO] [BaseApi.py]/[line: 82]/[send] 接口的响应信息为<==========={"code":0,"msg":"success","data":[],"timestamp":1722429385,"req_id":"ee45907d664ce71783c1cb109228bf3d"} 
[2024-07-31 20:36:26] [INFO] [BaseApi.py]/[line: 80]/[send] 发起的请求地址为===========>https://papi.boweiedu.com/backend/course/delete 
[2024-07-31 20:36:26] [INFO] [BaseApi.py]/[line: 82]/[send] 接口的响应信息为<==========={"code":0,"msg":"success","data":[],"timestamp":1722429385,"req_id":"30f3db82664ce71784c1cb103d060875"} 
[2024-07-31 20:36:26] [INFO] [jsonpath_utils.py]/[line: 11]/[get] 通过jsonpath获取到的数据为[0] 
[2024-07-31 20:36:26] [INFO] [BaseApi.py]/[line: 80]/[send] 发起的请求地址为===========>https://papi.boweiedu.com/backend/course/add 
[2024-07-31 20:36:26] [INFO] [BaseApi.py]/[line: 82]/[send] 接口的响应信息为<==========={"code":0,"msg":"success","data":{"uuid":"89a077e2e14f964d452cab05699758bf"},"timestamp":1722429385,"req_id":"d615d68c664ce71787c1cb1085961ae7"} 
[2024-07-31 20:36:26] [INFO] [jsonpath_utils.py]/[line: 11]/[get] 通过jsonpath获取到的数据为['89a077e2e14f964d452cab05699758bf'] 
[2024-07-31 20:36:26] [INFO] [BaseApi.py]/[line: 80]/[send] 发起的请求地址为===========>https://papi.boweiedu.com/backend/chapter/add 
[2024-07-31 20:36:26] [INFO] [BaseApi.py]/[line: 82]/[send] 接口的响应信息为<==========={"code":0,"msg":"success","data":{"uuid":"6de9ae70b3833f52b21e5a145d35f3d3"},"timestamp":1722429385,"req_id":"2d84fd92664ce71788c1cb10162e2796"} 
[2024-07-31 20:36:26] [INFO] [jsonpath_utils.py]/[line: 11]/[get] 通过jsonpath获取到的数据为['6de9ae70b3833f52b21e5a145d35f3d3'] 
[2024-07-31 20:36:26] [INFO] [BaseApi.py]/[line: 80]/[send] 发起的请求地址为===========>https://papi.boweiedu.com/backend/lesson/add 
[2024-07-31 20:36:26] [INFO] [BaseApi.py]/[line: 82]/[send] 接口的响应信息为<==========={"code":0,"msg":"success","data":{"uuid":"e45bd362aaf3162d2dea2f73eb1512d4"},"timestamp":1722429386,"req_id":"6e899e97664ce71789c1cb1008cc00bf"} 
[2024-07-31 20:36:26] [INFO] [jsonpath_utils.py]/[line: 11]/[get] 通过jsonpath获取到的数据为['e45bd362aaf3162d2dea2f73eb1512d4'] 
[2024-07-31 20:36:26] [INFO] [BaseApi.py]/[line: 80]/[send] 发起的请求地址为===========>https://papi.boweiedu.com/comm/upload 
[2024-07-31 20:36:27] [INFO] [BaseApi.py]/[line: 82]/[send] 接口的响应信息为<==========={"code":0,"msg":"success","data":{"uuid":"bc9c6cc103160c3dc2aa769cc75345d9","filepath":"https://pstatic.boweiedu.com/resource/static/0000000000/2024/07/d33q9cd9xcm7wy3glw.jpeg","url":"https://pstatic.boweiedu.com/resource/static/0000000000/2024/07/d33q9cd9xcm7wy3glw.jpeg"},"timestamp":1722429386,"req_id":"0995ffa2664ce7178cc1cb10da5ffc00"} 
[2024-07-31 20:36:27] [INFO] [jsonpath_utils.py]/[line: 11]/[get] 通过jsonpath获取到的数据为['bc9c6cc103160c3dc2aa769cc75345d9'] 
[2024-07-31 20:36:27] [INFO] [BaseApi.py]/[line: 80]/[send] 发起的请求地址为===========>https://papi.boweiedu.com/backend/resource/bind 
[2024-07-31 20:36:27] [INFO] [BaseApi.py]/[line: 82]/[send] 接口的响应信息为<==========={"code":0,"msg":"success","data":[],"timestamp":1722429386,"req_id":"d3de3ea8664ce7178dc1cb109a7d00b1"} 
[2024-07-31 20:36:27] [INFO] [BaseApi.py]/[line: 80]/[send] 发起的请求地址为===========>https://papi.boweiedu.com/backend/resource/unbind 
[2024-07-31 20:36:27] [INFO] [BaseApi.py]/[line: 82]/[send] 接口的响应信息为<==========={"code":0,"msg":"success","data":[],"timestamp":1722429386,"req_id":"24d3a7ad664ce7178ec1cb10e7636ea1"} 
[2024-07-31 20:36:27] [INFO] [BaseApi.py]/[line: 80]/[send] 发起的请求地址为===========>https://papi.boweiedu.com/backend/course/delete 
[2024-07-31 20:36:27] [INFO] [BaseApi.py]/[line: 82]/[send] 接口的响应信息为<==========={"code":0,"msg":"success","data":[],"timestamp":1722429386,"req_id":"8d9d69b3664ce7178fc1cb109bdbfedb"} 
[2024-07-31 20:36:27] [INFO] [jsonpath_utils.py]/[line: 11]/[get] 通过jsonpath获取到的数据为[0] 
[2024-07-31 20:36:27] [INFO] [BaseApi.py]/[line: 80]/[send] 发起的请求地址为===========>https://papi.boweiedu.com/backend/course/add 
[2024-07-31 20:36:27] [INFO] [BaseApi.py]/[line: 82]/[send] 接口的响应信息为<==========={"code":0,"msg":"success","data":{"uuid":"0320a3bb64b57c07915bd4696bc597e6"},"timestamp":1722429386,"req_id":"c2c596c0664ce71792c1cb10e48c1bb7"} 
[2024-07-31 20:36:27] [INFO] [jsonpath_utils.py]/[line: 11]/[get] 通过jsonpath获取到的数据为['0320a3bb64b57c07915bd4696bc597e6'] 
[2024-07-31 20:36:27] [INFO] [BaseApi.py]/[line: 80]/[send] 发起的请求地址为===========>https://papi.boweiedu.com/backend/chapter/add 
[2024-07-31 20:36:27] [INFO] [BaseApi.py]/[line: 82]/[send] 接口的响应信息为<==========={"code":0,"msg":"success","data":{"uuid":"298228b9569976a9e791df511a890c30"},"timestamp":1722429386,"req_id":"642009c5664ce71793c1cb1068a93d60"} 
[2024-07-31 20:36:27] [INFO] [jsonpath_utils.py]/[line: 11]/[get] 通过jsonpath获取到的数据为['298228b9569976a9e791df511a890c30'] 
[2024-07-31 20:36:27] [INFO] [BaseApi.py]/[line: 80]/[send] 发起的请求地址为===========>https://papi.boweiedu.com/backend/lesson/add 
[2024-07-31 20:36:27] [INFO] [BaseApi.py]/[line: 82]/[send] 接口的响应信息为<==========={"code":0,"msg":"success","data":{"uuid":"6d87dc3de723cf38929b49520ba07865"},"timestamp":1722429386,"req_id":"c00338cb664ce71794c1cb10e0d1d9a9"} 
[2024-07-31 20:36:27] [INFO] [jsonpath_utils.py]/[line: 11]/[get] 通过jsonpath获取到的数据为['6d87dc3de723cf38929b49520ba07865'] 
[2024-07-31 20:36:27] [INFO] [BaseApi.py]/[line: 80]/[send] 发起的请求地址为===========>https://papi.boweiedu.com/comm/upload 
[2024-07-31 20:36:27] [INFO] [BaseApi.py]/[line: 82]/[send] 接口的响应信息为<==========={"code":0,"msg":"success","data":{"uuid":"a3576772a37edaef938362ecaa3f648e","filepath":"https://pstatic.boweiedu.com/resource/static/0000000000/2024/07/d33q9cs51rt4zkws0j.jpeg","url":"https://pstatic.boweiedu.com/resource/static/0000000000/2024/07/d33q9cs51rt4zkws0j.jpeg"},"timestamp":1722429387,"req_id":"a1cc86d8664ce71795c1cb10f88a46bf"} 
[2024-07-31 20:36:27] [INFO] [jsonpath_utils.py]/[line: 11]/[get] 通过jsonpath获取到的数据为['a3576772a37edaef938362ecaa3f648e'] 
[2024-07-31 20:36:27] [INFO] [BaseApi.py]/[line: 80]/[send] 发起的请求地址为===========>https://papi.boweiedu.com/backend/resource/bind 
[2024-07-31 20:36:28] [INFO] [BaseApi.py]/[line: 82]/[send] 接口的响应信息为<==========={"code":0,"msg":"success","data":[],"timestamp":1722429387,"req_id":"9f2e1bdf664ce71796c1cb107cd6ca97"} 
[2024-07-31 20:36:28] [INFO] [BaseApi.py]/[line: 80]/[send] 发起的请求地址为===========>https://papi.boweiedu.com/backend/resource/edit 
[2024-07-31 20:36:28] [INFO] [BaseApi.py]/[line: 82]/[send] 接口的响应信息为<==========={"code":0,"msg":"success","data":[],"timestamp":1722429387,"req_id":"7bf614e5664ce71797c1cb1039cc26fb"} 
[2024-07-31 20:36:28] [INFO] [BaseApi.py]/[line: 80]/[send] 发起的请求地址为===========>https://papi.boweiedu.com/backend/course/delete 
[2024-07-31 20:36:28] [INFO] [BaseApi.py]/[line: 82]/[send] 接口的响应信息为<==========={"code":0,"msg":"success","data":[],"timestamp":1722429387,"req_id":"b31dc1e9664ce71798c1cb107b47d332"} 
[2024-07-31 20:36:28] [INFO] [jsonpath_utils.py]/[line: 11]/[get] 通过jsonpath获取到的数据为[0] 
[2024-07-31 20:36:28] [INFO] [BaseApi.py]/[line: 80]/[send] 发起的请求地址为===========>https://papi.boweiedu.com/backend/course/add 
[2024-07-31 20:36:28] [INFO] [BaseApi.py]/[line: 82]/[send] 接口的响应信息为<==========={"code":0,"msg":"success","data":{"uuid":"0947981be056acf9093ae9507e46428f"},"timestamp":1722429387,"req_id":"1e7de1f6664ce7179bc1cb10f2be33ea"} 
[2024-07-31 20:36:28] [INFO] [jsonpath_utils.py]/[line: 11]/[get] 通过jsonpath获取到的数据为['0947981be056acf9093ae9507e46428f'] 
[2024-07-31 20:36:28] [INFO] [BaseApi.py]/[line: 80]/[send] 发起的请求地址为===========>https://papi.boweiedu.com/backend/chapter/add 
[2024-07-31 20:36:28] [INFO] [BaseApi.py]/[line: 82]/[send] 接口的响应信息为<==========={"code":0,"msg":"success","data":{"uuid":"3a613d65c597011e947011a4b6222404"},"timestamp":1722429387,"req_id":"8e06c3fc664ce7179cc1cb1085fcdf85"} 
[2024-07-31 20:36:28] [INFO] [jsonpath_utils.py]/[line: 11]/[get] 通过jsonpath获取到的数据为['3a613d65c597011e947011a4b6222404'] 
[2024-07-31 20:36:28] [INFO] [BaseApi.py]/[line: 80]/[send] 发起的请求地址为===========>https://papi.boweiedu.com/backend/lesson/add 
[2024-07-31 20:36:28] [INFO] [BaseApi.py]/[line: 82]/[send] 接口的响应信息为<==========={"code":0,"msg":"success","data":{"uuid":"21edddc38ba82715ad75aefe0708c789"},"timestamp":1722429387,"req_id":"abcadd04674ce7179dc1cb10bc037d4d"} 
[2024-07-31 20:36:28] [INFO] [jsonpath_utils.py]/[line: 11]/[get] 通过jsonpath获取到的数据为['21edddc38ba82715ad75aefe0708c789'] 
[2024-07-31 20:36:28] [INFO] [BaseApi.py]/[line: 80]/[send] 发起的请求地址为===========>https://papi.boweiedu.com/comm/upload 
[2024-07-31 20:36:28] [INFO] [BaseApi.py]/[line: 82]/[send] 接口的响应信息为<==========={"code":0,"msg":"success","data":{"uuid":"5f467e5d4bcbdd5f45b6676738c61196","filepath":"https://pstatic.boweiedu.com/resource/static/0000000000/2024/07/d33q9d7w1dpgjl9o5g.jpeg","url":"https://pstatic.boweiedu.com/resource/static/0000000000/2024/07/d33q9d7w1dpgjl9o5g.jpeg"},"timestamp":1722429388,"req_id":"baf35411674ce7179ec1cb10a4c0940d"} 
[2024-07-31 20:36:28] [INFO] [jsonpath_utils.py]/[line: 11]/[get] 通过jsonpath获取到的数据为['5f467e5d4bcbdd5f45b6676738c61196'] 
[2024-07-31 20:36:28] [INFO] [BaseApi.py]/[line: 80]/[send] 发起的请求地址为===========>https://papi.boweiedu.com/backend/resource/bind 
[2024-07-31 20:36:28] [INFO] [BaseApi.py]/[line: 82]/[send] 接口的响应信息为<==========={"code":0,"msg":"success","data":[],"timestamp":1722429388,"req_id":"0ccbfe15674ce7179fc1cb10b855bead"} 
[2024-07-31 20:36:28] [INFO] [BaseApi.py]/[line: 80]/[send] 发起的请求地址为===========>https://papi.boweiedu.com/backend/resource/unbind 
[2024-07-31 20:36:29] [INFO] [BaseApi.py]/[line: 82]/[send] 接口的响应信息为<==========={"code":0,"msg":"success","data":[],"timestamp":1722429388,"req_id":"851ebd1a674ce717a0c1cb105c05586f"} 
[2024-07-31 20:36:29] [INFO] [BaseApi.py]/[line: 80]/[send] 发起的请求地址为===========>https://papi.boweiedu.com/backend/resource/delete 
[2024-07-31 20:36:29] [INFO] [BaseApi.py]/[line: 82]/[send] 接口的响应信息为<==========={"code":0,"msg":"success","data":[],"timestamp":1722429388,"req_id":"4fe1461f674ce717a1c1cb1050f5a0bd"} 
[2024-07-31 20:36:29] [INFO] [BaseApi.py]/[line: 80]/[send] 发起的请求地址为===========>https://papi.boweiedu.com/backend/course/delete 
[2024-07-31 20:36:29] [INFO] [BaseApi.py]/[line: 82]/[send] 接口的响应信息为<==========={"code":0,"msg":"success","data":[],"timestamp":1722429388,"req_id":"3ccd1f23674ce717a2c1cb100475a565"} 
[2024-07-31 20:36:29] [INFO] [jsonpath_utils.py]/[line: 11]/[get] 通过jsonpath获取到的数据为[0] 
[2024-07-31 20:36:29] [INFO] [BaseApi.py]/[line: 80]/[send] 发起的请求地址为===========>https://papi.boweiedu.com/backend/course/add 
[2024-07-31 20:36:29] [INFO] [BaseApi.py]/[line: 82]/[send] 接口的响应信息为<==========={"code":0,"msg":"success","data":{"uuid":"42e8860e0f055b15bbd181f3ab5058d1"},"timestamp":1722429388,"req_id":"3fe9d92c674ce717a5c1cb1046ee9307"} 
[2024-07-31 20:36:29] [INFO] [jsonpath_utils.py]/[line: 11]/[get] 通过jsonpath获取到的数据为['42e8860e0f055b15bbd181f3ab5058d1'] 
[2024-07-31 20:36:29] [INFO] [BaseApi.py]/[line: 80]/[send] 发起的请求地址为===========>https://papi.boweiedu.com/backend/chapter/add 
[2024-07-31 20:36:29] [INFO] [BaseApi.py]/[line: 82]/[send] 接口的响应信息为<==========={"code":0,"msg":"success","data":{"uuid":"4d9c5623656a6a5dd55d07a2b357ac2c"},"timestamp":1722429388,"req_id":"efc70633674ce717a6c1cb10ca0ed0c7"} 
[2024-07-31 20:36:29] [INFO] [jsonpath_utils.py]/[line: 11]/[get] 通过jsonpath获取到的数据为['4d9c5623656a6a5dd55d07a2b357ac2c'] 
[2024-07-31 20:36:29] [INFO] [BaseApi.py]/[line: 80]/[send] 发起的请求地址为===========>https://papi.boweiedu.com/backend/lesson/add 
[2024-07-31 20:36:29] [INFO] [BaseApi.py]/[line: 82]/[send] 接口的响应信息为<==========={"code":0,"msg":"success","data":{"uuid":"3cf41c75a1901607b401912363e7a814"},"timestamp":1722429388,"req_id":"52ea5d37674ce717a7c1cb10f249fe5a"} 
[2024-07-31 20:36:29] [INFO] [jsonpath_utils.py]/[line: 11]/[get] 通过jsonpath获取到的数据为['3cf41c75a1901607b401912363e7a814'] 
[2024-07-31 20:36:29] [INFO] [BaseApi.py]/[line: 80]/[send] 发起的请求地址为===========>https://papi.boweiedu.com/comm/upload 
[2024-07-31 20:36:30] [INFO] [BaseApi.py]/[line: 82]/[send] 接口的响应信息为<==========={"code":0,"msg":"success","data":{"uuid":"2faaf909b3a4f845e1a29cd6f21ca047","filepath":"https://pstatic.boweiedu.com/resource/static/0000000000/2024/07/d33q9dt9mbx9tjwgmp.jpeg","url":"https://pstatic.boweiedu.com/resource/static/0000000000/2024/07/d33q9dt9mbx9tjwgmp.jpeg"},"timestamp":1722429389,"req_id":"3bfa635e674ce717a8c1cb10a70a05a6"} 
[2024-07-31 20:36:30] [INFO] [jsonpath_utils.py]/[line: 11]/[get] 通过jsonpath获取到的数据为['2faaf909b3a4f845e1a29cd6f21ca047'] 
[2024-07-31 20:36:30] [INFO] [BaseApi.py]/[line: 80]/[send] 发起的请求地址为===========>https://papi.boweiedu.com/backend/resource/bind 
[2024-07-31 20:36:30] [INFO] [BaseApi.py]/[line: 82]/[send] 接口的响应信息为<==========={"code":0,"msg":"success","data":[],"timestamp":1722429389,"req_id":"98c6df6b674ce717a9c1cb10d4280351"} 
[2024-07-31 20:36:30] [INFO] [BaseApi.py]/[line: 80]/[send] 发起的请求地址为===========>https://papi.boweiedu.com/comm/upload 
[2024-07-31 20:36:30] [INFO] [BaseApi.py]/[line: 82]/[send] 接口的响应信息为<==========={"code":0,"msg":"success","data":{"uuid":"96f7e4480945f2bcc6c4c9043088fd1d","filepath":"https://pstatic.boweiedu.com/resource/static/0000000000/2024/07/d33q9e0wxnv2crarmq.jpeg","url":"https://pstatic.boweiedu.com/resource/static/0000000000/2024/07/d33q9e0wxnv2crarmq.jpeg"},"timestamp":1722429389,"req_id":"68a0f479674ce717aac1cb105ee129b1"} 
[2024-07-31 20:36:30] [INFO] [jsonpath_utils.py]/[line: 11]/[get] 通过jsonpath获取到的数据为['96f7e4480945f2bcc6c4c9043088fd1d'] 
[2024-07-31 20:36:30] [INFO] [BaseApi.py]/[line: 80]/[send] 发起的请求地址为===========>https://papi.boweiedu.com/backend/resource/bind 
[2024-07-31 20:36:30] [INFO] [BaseApi.py]/[line: 82]/[send] 接口的响应信息为<==========={"code":0,"msg":"success","data":[],"timestamp":1722429389,"req_id":"51da897f674ce717abc1cb10cc65a1b2"} 
[2024-07-31 20:36:30] [INFO] [BaseApi.py]/[line: 80]/[send] 发起的请求地址为===========>https://papi.boweiedu.com/backend/course/detail 
[2024-07-31 20:36:30] [INFO] [BaseApi.py]/[line: 82]/[send] 接口的响应信息为<==========={"code":0,"msg":"success","data":{"uuid":"42e8860e0f055b15bbd181f3ab5058d1","static_domain":"","course_name":"测试课程资源","start_time":0,"end_time":0,"created_at":"2024-07-31 20:36:28","view":0,"publish":"publish","gradeInfo":null,"about":"测试课程资源描述","is_own":1,"group_introduce":"","id":856,"chapters":[{"chapter_uuid":"4d9c5623656a6a5dd55d07a2b357ac2c","number":1,"title":"测试章节资源名称","courseLessons":[{"uuid":"3cf41c75a1901607b401912363e7a814","lesson_name":"测试课时资源名称","start_time":0,"end_time":0,"created_at":"2024-07-31 20:36:28","number":1,"view":10,"show_publish":1,"public":0,"class":0,"pull_urls":null,"learning_duration":0,"classroom_uuid":"","classroom_name":"","status":2,"grade_id":0,"grade_template":0,"resource":[{"uuid":"2faaf909b3a4f845e1a29cd6f21ca047","org_id":0,"file":"dog","filepath":"https://pstatic.boweiedu.com/resource/static/0000000000/2024/07/d33q9dt9mbx9tjwgmp.jpeg","created_at":"2024-07-31 20:36:29","url":"https://pstatic.boweiedu.com/resource/static/0000000000/2024/07/d33q9dt9mbx9tjwgmp.jpeg","type":0,"duration":0,"ext":"jpeg","first_frame":"","ext_type":"image","definition":null,"convert_status":"success","belong_id":1931,"number":1},{"uuid":"96f7e4480945f2bcc6c4c9043088fd1d","org_id":0,"file":"dog","filepath":"https://pstatic.boweiedu.com/resource/static/0000000000/2024/07/d33q9e0wxnv2crarmq.jpeg","created_at":"2024-07-31 20:36:29","url":"https://pstatic.boweiedu.com/resource/static/0000000000/2024/07/d33q9e0wxnv2crarmq.jpeg","type":0,"duration":0,"ext":"jpeg","first_frame":"","ext_type":"image","definition":null,"convert_status":"success","belong_id":1932,"number":2}]}]}],"teacher":{"user_uuid":"2c0326b9ade84619bd2f68bc4bb322c1","nick_name":"sam","avatar":"","real_name":"sam","desc":""},"groups":null,"score_rules":{},"password":""},"timestamp":1722429390,"req_id":"b547f086674ce717acc1cb10037cf15f"} 
[2024-07-31 20:36:30] [INFO] [jsonpath_utils.py]/[line: 11]/[get] 通过jsonpath获取到的数据为[1931] 
[2024-07-31 20:36:30] [INFO] [BaseApi.py]/[line: 80]/[send] 发起的请求地址为===========>https://papi.boweiedu.com/backend/resource/sort 
[2024-07-31 20:36:31] [INFO] [BaseApi.py]/[line: 82]/[send] 接口的响应信息为<==========={"code":0,"msg":"success","data":[],"timestamp":1722429390,"req_id":"128d4793674ce717adc1cb1005f8022f"} 
[2024-07-31 20:36:31] [INFO] [BaseApi.py]/[line: 80]/[send] 发起的请求地址为===========>https://papi.boweiedu.com/backend/course/delete 
[2024-07-31 20:36:31] [INFO] [BaseApi.py]/[line: 82]/[send] 接口的响应信息为<==========={"code":0,"msg":"success","data":[],"timestamp":1722429390,"req_id":"b2b3019a674ce717aec1cb1064182f8d"} 
[2024-07-31 20:36:31] [INFO] [jsonpath_utils.py]/[line: 11]/[get] 通过jsonpath获取到的数据为[0] 
