[2024-07-15 09:41:24] [INFO] [BaseApi.py]/[line: 80]/[send] 发起的请求地址为===========>https://papi.boweiedu.com/backend/course/add 
[2024-07-15 09:41:24] [INFO] [BaseApi.py]/[line: 82]/[send] 接口的响应信息为<==========={"code":0,"msg":"success","data":{"uuid":"5f8992ed13343c40333655cf849d7601"},"timestamp":1721007684,"req_id":"775afdf55e3fe217c5005844a6b967fd"} 
[2024-07-15 09:41:24] [INFO] [jsonpath_utils.py]/[line: 11]/[get] 通过jsonpath获取到的数据为['5f8992ed13343c40333655cf849d7601'] 
[2024-07-15 09:41:24] [INFO] [BaseApi.py]/[line: 80]/[send] 发起的请求地址为===========>https://papi.boweiedu.com/backend/chapter/add 
[2024-07-15 09:41:24] [INFO] [BaseApi.py]/[line: 82]/[send] 接口的响应信息为<==========={"code":0,"msg":"success","data":{"uuid":"1fcd94164f3e584b542f662c89bf9e96"},"timestamp":1721007684,"req_id":"0a7fbdf95e3fe217c6005844964970e7"} 
[2024-07-15 09:41:24] [INFO] [jsonpath_utils.py]/[line: 11]/[get] 通过jsonpath获取到的数据为['1fcd94164f3e584b542f662c89bf9e96'] 
[2024-07-15 09:41:24] [INFO] [BaseApi.py]/[line: 80]/[send] 发起的请求地址为===========>https://papi.boweiedu.com//backend/chapter/delete 
[2024-07-15 09:41:24] [INFO] [BaseApi.py]/[line: 82]/[send] 接口的响应信息为<==========={"code":0,"msg":"success","data":[],"timestamp":1721007684,"req_id":"e30f7cfd5e3fe217c70058441527804b"} 
[2024-07-15 09:41:24] [INFO] [jsonpath_utils.py]/[line: 11]/[get] 通过jsonpath获取到的数据为[0] 
[2024-07-15 09:41:24] [INFO] [BaseApi.py]/[line: 80]/[send] 发起的请求地址为===========>https://papi.boweiedu.com/backend/course/delete 
[2024-07-15 09:41:24] [INFO] [BaseApi.py]/[line: 82]/[send] 接口的响应信息为<==========={"code":0,"msg":"success","data":[],"timestamp":1721007684,"req_id":"f006f1005f3fe217c80058446f11abce"} 
[2024-07-15 09:41:44] [INFO] [BaseApi.py]/[line: 80]/[send] 发起的请求地址为===========>https://papi.boweiedu.com/backend/course/add 
[2024-07-15 09:41:44] [INFO] [BaseApi.py]/[line: 82]/[send] 接口的响应信息为<==========={"code":0,"msg":"success","data":{"uuid":"d32d4fe1d06cdcdf626b771a14271f20"},"timestamp":1721007705,"req_id":"8dfd89af633fe217d2005844752d6163"} 
[2024-07-15 09:41:44] [INFO] [jsonpath_utils.py]/[line: 11]/[get] 通过jsonpath获取到的数据为['d32d4fe1d06cdcdf626b771a14271f20'] 
[2024-07-15 09:41:44] [INFO] [BaseApi.py]/[line: 80]/[send] 发起的请求地址为===========>https://papi.boweiedu.com/backend/chapter/add 
[2024-07-15 09:41:45] [INFO] [BaseApi.py]/[line: 82]/[send] 接口的响应信息为<==========={"code":0,"msg":"success","data":{"uuid":"784463498573de5041447e2309774a08"},"timestamp":1721007705,"req_id":"e5e17eb2633fe217d30058440e4165b0"} 
[2024-07-15 09:41:45] [INFO] [jsonpath_utils.py]/[line: 11]/[get] 通过jsonpath获取到的数据为['784463498573de5041447e2309774a08'] 
[2024-07-15 09:41:45] [INFO] [BaseApi.py]/[line: 80]/[send] 发起的请求地址为===========>https://papi.boweiedu.com//backend/chapter/delete 
[2024-07-15 09:41:45] [INFO] [BaseApi.py]/[line: 82]/[send] 接口的响应信息为<==========={"code":0,"msg":"success","data":[],"timestamp":1721007705,"req_id":"47f3a1b5633fe217d40058446b4ab529"} 
[2024-07-15 09:42:10] [INFO] [BaseApi.py]/[line: 80]/[send] 发起的请求地址为===========>https://papi.boweiedu.com/backend/course/add 
[2024-07-15 09:42:10] [INFO] [BaseApi.py]/[line: 82]/[send] 接口的响应信息为<==========={"code":0,"msg":"success","data":{"uuid":"e48cc30c8e9c3a951495040a3f6a1677"},"timestamp":1721007730,"req_id":"8c3eb7a2693fe217e6005844a42ac237"} 
[2024-07-15 09:42:10] [INFO] [jsonpath_utils.py]/[line: 11]/[get] 通过jsonpath获取到的数据为['e48cc30c8e9c3a951495040a3f6a1677'] 
[2024-07-15 09:42:10] [INFO] [BaseApi.py]/[line: 80]/[send] 发起的请求地址为===========>https://papi.boweiedu.com/backend/chapter/add 
[2024-07-15 09:42:10] [INFO] [BaseApi.py]/[line: 82]/[send] 接口的响应信息为<==========={"code":0,"msg":"success","data":{"uuid":"6704a3031d0ae85c6568fe328d7ca45a"},"timestamp":1721007730,"req_id":"8d369aa5693fe217e7005844b14be977"} 
[2024-07-15 09:42:10] [INFO] [jsonpath_utils.py]/[line: 11]/[get] 通过jsonpath获取到的数据为['6704a3031d0ae85c6568fe328d7ca45a'] 
[2024-07-15 09:42:10] [INFO] [BaseApi.py]/[line: 80]/[send] 发起的请求地址为===========>https://papi.boweiedu.com//backend/chapter/delete 
[2024-07-15 09:42:10] [INFO] [BaseApi.py]/[line: 82]/[send] 接口的响应信息为<==========={"code":0,"msg":"success","data":[],"timestamp":1721007730,"req_id":"339636a9693fe217e8005844121c7ac6"} 
[2024-07-15 09:42:10] [INFO] [jsonpath_utils.py]/[line: 11]/[get] 通过jsonpath获取到的数据为[0] 
[2024-07-15 09:42:10] [INFO] [BaseApi.py]/[line: 80]/[send] 发起的请求地址为===========>https://papi.boweiedu.com/backend/course/delete 
[2024-07-15 09:42:10] [INFO] [BaseApi.py]/[line: 82]/[send] 接口的响应信息为<==========={"code":0,"msg":"success","data":[],"timestamp":1721007730,"req_id":"f8cc58ac693fe217e9005844a02ee9b5"} 
[2024-07-15 10:01:34] [INFO] [BaseApi.py]/[line: 80]/[send] 发起的请求地址为===========>https://papi.boweiedu.com/backend/course/add 
[2024-07-15 10:01:34] [INFO] [BaseApi.py]/[line: 82]/[send] 接口的响应信息为<==========={"code":0,"msg":"success","data":{"uuid":"b982e69e8bbf289b244ccb2ef0493927"},"timestamp":1721008894,"req_id":"f8b2c7bc7840e21788015844ba2353ad"} 
[2024-07-15 10:01:34] [INFO] [jsonpath_utils.py]/[line: 11]/[get] 通过jsonpath获取到的数据为['b982e69e8bbf289b244ccb2ef0493927'] 
[2024-07-15 10:01:34] [INFO] [BaseApi.py]/[line: 80]/[send] 发起的请求地址为===========>https://papi.boweiedu.com//backend/chapter/delete 
[2024-07-15 10:01:34] [INFO] [BaseApi.py]/[line: 82]/[send] 接口的响应信息为<==========={"code":404,"data":[],"msg":"NOT FIND","req_id":"","timestamp":1721008894} 
[2024-07-15 10:03:09] [INFO] [BaseApi.py]/[line: 80]/[send] 发起的请求地址为===========>https://papi.boweiedu.com/backend/course/add 
[2024-07-15 10:03:09] [INFO] [BaseApi.py]/[line: 82]/[send] 接口的响应信息为<==========={"code":0,"msg":"success","data":{"uuid":"23be3962a33be52569abead69441dd35"},"timestamp":1721008989,"req_id":"4038c1d28e40e217a5015844ca395e43"} 
[2024-07-15 10:03:09] [INFO] [jsonpath_utils.py]/[line: 11]/[get] 通过jsonpath获取到的数据为['23be3962a33be52569abead69441dd35'] 
[2024-07-15 10:03:09] [INFO] [BaseApi.py]/[line: 80]/[send] 发起的请求地址为===========>https://papi.boweiedu.com//backend/chapter/list 
[2024-07-15 10:03:09] [INFO] [BaseApi.py]/[line: 82]/[send] 接口的响应信息为<==========={"code":0,"msg":"success","data":{"list":[],"pagination":{"size":10,"total":0,"pages":0,"page":1}},"timestamp":1721008989,"req_id":"76a077d68e40e217a601584470713f48"} 
[2024-07-15 10:04:12] [INFO] [BaseApi.py]/[line: 80]/[send] 发起的请求地址为===========>https://papi.boweiedu.com/backend/course/add 
[2024-07-15 10:04:12] [INFO] [BaseApi.py]/[line: 82]/[send] 接口的响应信息为<==========={"code":0,"msg":"success","data":{"uuid":"32fca1e538550368bdebc2b3c28dd1dd"},"timestamp":1721009052,"req_id":"a31c75759d40e217bb0158445a156df9"} 
[2024-07-15 10:04:12] [INFO] [jsonpath_utils.py]/[line: 11]/[get] 通过jsonpath获取到的数据为['32fca1e538550368bdebc2b3c28dd1dd'] 
[2024-07-15 10:04:12] [INFO] [BaseApi.py]/[line: 80]/[send] 发起的请求地址为===========>https://papi.boweiedu.com//backend/chapter/list 
[2024-07-15 10:04:12] [INFO] [BaseApi.py]/[line: 82]/[send] 接口的响应信息为<==========={"code":0,"msg":"success","data":{"list":[],"pagination":{"size":10,"total":0,"pages":0,"page":1}},"timestamp":1721009052,"req_id":"541851789d40e217bc015844ba90d566"} 
[2024-07-15 10:04:12] [INFO] [jsonpath_utils.py]/[line: 11]/[get] 通过jsonpath获取到的数据为[0] 
[2024-07-15 10:04:12] [INFO] [BaseApi.py]/[line: 80]/[send] 发起的请求地址为===========>https://papi.boweiedu.com/backend/course/delete 
[2024-07-15 10:04:12] [INFO] [BaseApi.py]/[line: 82]/[send] 接口的响应信息为<==========={"code":0,"msg":"success","data":[],"timestamp":1721009052,"req_id":"cd54e77a9d40e217bd0158447e9b387a"} 
[2024-07-15 11:03:27] [INFO] [BaseApi.py]/[line: 80]/[send] 发起的请求地址为===========>https://papi.boweiedu.com/backend/course/add 
[2024-07-15 11:03:28] [INFO] [BaseApi.py]/[line: 82]/[send] 接口的响应信息为<==========={"code":0,"msg":"success","data":{"uuid":"4bbefc11aac802942ea8fcac07aa5f21"},"timestamp":1721012608,"req_id":"b710f245d943e217ed035844bd82aa47"} 
[2024-07-15 11:03:28] [INFO] [jsonpath_utils.py]/[line: 11]/[get] 通过jsonpath获取到的数据为['4bbefc11aac802942ea8fcac07aa5f21'] 
[2024-07-15 11:03:28] [INFO] [BaseApi.py]/[line: 80]/[send] 发起的请求地址为===========>https://papi.boweiedu.com/backend/chapter/add 
[2024-07-15 11:03:28] [INFO] [BaseApi.py]/[line: 82]/[send] 接口的响应信息为<==========={"code":0,"msg":"success","data":{"uuid":"279c1a548087f96a7ba233a092ca931f"},"timestamp":1721012608,"req_id":"e9547c49d943e217ee035844c421fadc"} 
[2024-07-15 11:03:28] [INFO] [jsonpath_utils.py]/[line: 11]/[get] 通过jsonpath获取到的数据为['279c1a548087f96a7ba233a092ca931f'] 
[2024-07-15 11:03:28] [INFO] [BaseApi.py]/[line: 80]/[send] 发起的请求地址为===========>https://papi.boweiedu.com/backend/chapter/add 
[2024-07-15 11:03:28] [INFO] [BaseApi.py]/[line: 82]/[send] 接口的响应信息为<==========={"code":0,"msg":"success","data":{"uuid":"b85ab94aad2d1d1773f8ddc47d820b8c"},"timestamp":1721012608,"req_id":"16c0024dd943e217ef0358442f9fa7a8"} 
[2024-07-15 11:06:33] [INFO] [BaseApi.py]/[line: 80]/[send] 发起的请求地址为===========>https://papi.boweiedu.com/backend/course/add 
[2024-07-15 11:06:33] [INFO] [BaseApi.py]/[line: 82]/[send] 接口的响应信息为<==========={"code":0,"msg":"success","data":{"uuid":"5ff627887e0a26217874feb643e4e592"},"timestamp":1721012793,"req_id":"ef6d0e660444e21715045844040a6406"} 
[2024-07-15 11:06:33] [INFO] [jsonpath_utils.py]/[line: 11]/[get] 通过jsonpath获取到的数据为['5ff627887e0a26217874feb643e4e592'] 
[2024-07-15 11:07:41] [INFO] [BaseApi.py]/[line: 80]/[send] 发起的请求地址为===========>https://papi.boweiedu.com/backend/course/add 
[2024-07-15 11:07:41] [INFO] [BaseApi.py]/[line: 82]/[send] 接口的响应信息为<==========={"code":0,"msg":"success","data":{"uuid":"a26af0e6310f668f39d66cea57e45980"},"timestamp":1721012861,"req_id":"4075c54f1444e2172b045844a37e28a1"} 
[2024-07-15 11:07:41] [INFO] [jsonpath_utils.py]/[line: 11]/[get] 通过jsonpath获取到的数据为['a26af0e6310f668f39d66cea57e45980'] 
[2024-07-15 11:07:41] [INFO] [BaseApi.py]/[line: 80]/[send] 发起的请求地址为===========>https://papi.boweiedu.com/backend/chapter/add 
[2024-07-15 11:07:41] [INFO] [BaseApi.py]/[line: 82]/[send] 接口的响应信息为<==========={"code":0,"msg":"success","data":{"uuid":"4e6873dd706c4ad5c95cf5c5c3577bfb"},"timestamp":1721012861,"req_id":"2226b3521444e2172c04584471bbcaff"} 
[2024-07-15 11:07:41] [INFO] [BaseApi.py]/[line: 80]/[send] 发起的请求地址为===========>https://papi.boweiedu.com/backend/chapter/add 
[2024-07-15 11:07:41] [INFO] [BaseApi.py]/[line: 82]/[send] 接口的响应信息为<==========={"code":0,"msg":"success","data":{"uuid":"67d0ffa83f2ce36c69f052308bbae9e5"},"timestamp":1721012861,"req_id":"ede1f7551444e2172d0458441c7dbe81"} 
[2024-07-15 11:07:41] [INFO] [BaseApi.py]/[line: 80]/[send] 发起的请求地址为===========>https://papi.boweiedu.com/backend/chapter/add 
[2024-07-15 11:07:41] [INFO] [BaseApi.py]/[line: 82]/[send] 接口的响应信息为<==========={"code":0,"msg":"success","data":{"uuid":"3867b7215203b77532607446bb7f7da4"},"timestamp":1721012861,"req_id":"38cb8a5a1444e2172e0458444d7d5745"} 
[2024-07-15 11:21:06] [INFO] [BaseApi.py]/[line: 80]/[send] 发起的请求地址为===========>https://papi.boweiedu.com/backend/course/add 
[2024-07-15 11:21:06] [INFO] [BaseApi.py]/[line: 82]/[send] 接口的响应信息为<==========={"code":0,"msg":"success","data":{"uuid":"ba621af48e5698f86b80269d2dae7826"},"timestamp":1721013666,"req_id":"ccb3a7c1cf44e217b0045844fc305727"} 
[2024-07-15 11:21:06] [INFO] [jsonpath_utils.py]/[line: 11]/[get] 通过jsonpath获取到的数据为['ba621af48e5698f86b80269d2dae7826'] 
[2024-07-15 11:21:06] [INFO] [BaseApi.py]/[line: 80]/[send] 发起的请求地址为===========>https://papi.boweiedu.com/backend/chapter/add 
[2024-07-15 11:21:06] [INFO] [BaseApi.py]/[line: 82]/[send] 接口的响应信息为<==========={"code":0,"msg":"success","data":{"uuid":"42ed2119d238044243554c1b172ed804"},"timestamp":1721013666,"req_id":"7b5433c5cf44e217b10458443811f4c1"} 
[2024-07-15 11:21:06] [INFO] [jsonpath_utils.py]/[line: 11]/[get] 通过jsonpath获取到的数据为['42ed2119d238044243554c1b172ed804'] 
[2024-07-15 11:21:06] [INFO] [BaseApi.py]/[line: 80]/[send] 发起的请求地址为===========>https://papi.boweiedu.com/backend/chapter/add 
[2024-07-15 11:21:06] [INFO] [BaseApi.py]/[line: 82]/[send] 接口的响应信息为<==========={"code":0,"msg":"success","data":{"uuid":"fcb7a62a22dc00a13b9603963c2dee93"},"timestamp":1721013666,"req_id":"1fe5eec8cf44e217b2045844a1cb6f18"} 
[2024-07-15 11:21:06] [INFO] [BaseApi.py]/[line: 80]/[send] 发起的请求地址为===========>https://papi.boweiedu.com/backend/chapter/add 
[2024-07-15 11:21:06] [INFO] [BaseApi.py]/[line: 82]/[send] 接口的响应信息为<==========={"code":0,"msg":"success","data":{"uuid":"cb0d4deed1dcd2d5064b1c43cb6f9aa6"},"timestamp":1721013666,"req_id":"b8e837cccf44e217b404584422006597"} 
[2024-07-15 11:21:06] [INFO] [jsonpath_utils.py]/[line: 11]/[get] 通过jsonpath获取到的数据为['cb0d4deed1dcd2d5064b1c43cb6f9aa6'] 
[2024-07-15 11:21:06] [INFO] [BaseApi.py]/[line: 80]/[send] 发起的请求地址为===========>https://papi.boweiedu.com//backend/chapter/sort 
[2024-07-15 11:21:06] [INFO] [BaseApi.py]/[line: 82]/[send] 接口的响应信息为<==========={"code":0,"msg":"success","data":[],"timestamp":1721013666,"req_id":"833e0ad0cf44e217b504584426fae5a2"} 
[2024-07-15 11:21:06] [INFO] [BaseApi.py]/[line: 80]/[send] 发起的请求地址为===========>https://papi.boweiedu.com//backend/chapter/sort 
[2024-07-15 11:21:06] [INFO] [BaseApi.py]/[line: 82]/[send] 接口的响应信息为<==========={"code":0,"msg":"success","data":[],"timestamp":1721013667,"req_id":"60e33fd3cf44e217b6045844fb8ab91e"} 
[2024-07-15 11:25:22] [INFO] [BaseApi.py]/[line: 80]/[send] 发起的请求地址为===========>https://papi.boweiedu.com/backend/course/add 
[2024-07-15 11:25:22] [INFO] [BaseApi.py]/[line: 82]/[send] 接口的响应信息为<==========={"code":0,"msg":"success","data":{"uuid":"ff7731006e4a7c32db5482f1340af769"},"timestamp":1721013922,"req_id":"3350285b0b45e217e504584434d7db61"} 
[2024-07-15 11:25:22] [INFO] [jsonpath_utils.py]/[line: 11]/[get] 通过jsonpath获取到的数据为['ff7731006e4a7c32db5482f1340af769'] 
[2024-07-15 11:25:22] [INFO] [BaseApi.py]/[line: 80]/[send] 发起的请求地址为===========>https://papi.boweiedu.com/backend/chapter/add 
[2024-07-15 11:25:22] [INFO] [BaseApi.py]/[line: 82]/[send] 接口的响应信息为<==========={"code":0,"msg":"success","data":{"uuid":"32fc8a307eb371ba4ef3cfcac56881f2"},"timestamp":1721013922,"req_id":"69426e5e0b45e217e6045844439c0a8c"} 
[2024-07-15 11:25:22] [INFO] [jsonpath_utils.py]/[line: 11]/[get] 通过jsonpath获取到的数据为['32fc8a307eb371ba4ef3cfcac56881f2'] 
[2024-07-15 11:25:22] [INFO] [BaseApi.py]/[line: 80]/[send] 发起的请求地址为===========>https://papi.boweiedu.com/backend/chapter/add 
[2024-07-15 11:25:22] [INFO] [BaseApi.py]/[line: 82]/[send] 接口的响应信息为<==========={"code":0,"msg":"success","data":{"uuid":"c5629b9f3694ddb2016460839cb71d2f"},"timestamp":1721013922,"req_id":"4787b7620b45e217e70458446c5d3930"} 
[2024-07-15 11:25:22] [INFO] [BaseApi.py]/[line: 80]/[send] 发起的请求地址为===========>https://papi.boweiedu.com/backend/chapter/add 
[2024-07-15 11:25:22] [INFO] [BaseApi.py]/[line: 82]/[send] 接口的响应信息为<==========={"code":0,"msg":"success","data":{"uuid":"0377e17a1fc0f9db6c22b01c387a326c"},"timestamp":1721013922,"req_id":"7fbd3c660b45e217e80458448c5c92fc"} 
[2024-07-15 11:25:22] [INFO] [jsonpath_utils.py]/[line: 11]/[get] 通过jsonpath获取到的数据为['0377e17a1fc0f9db6c22b01c387a326c'] 
[2024-07-15 11:25:22] [INFO] [BaseApi.py]/[line: 80]/[send] 发起的请求地址为===========>https://papi.boweiedu.com//backend/chapter/sort 
[2024-07-15 11:25:22] [INFO] [BaseApi.py]/[line: 82]/[send] 接口的响应信息为<==========={"code":0,"msg":"success","data":[],"timestamp":1721013922,"req_id":"b702d26a0b45e217e904584405d5d755"} 
[2024-07-15 11:25:22] [INFO] [BaseApi.py]/[line: 80]/[send] 发起的请求地址为===========>https://papi.boweiedu.com//backend/chapter/sort 
[2024-07-15 11:25:22] [INFO] [BaseApi.py]/[line: 82]/[send] 接口的响应信息为<==========={"code":0,"msg":"success","data":[],"timestamp":1721013923,"req_id":"8e6d026e0b45e217ea04584476f9aeef"} 
[2024-07-15 11:25:22] [INFO] [jsonpath_utils.py]/[line: 11]/[get] 通过jsonpath获取到的数据为[0] 
[2024-07-15 11:25:22] [INFO] [BaseApi.py]/[line: 80]/[send] 发起的请求地址为===========>https://papi.boweiedu.com/backend/course/delete 
[2024-07-15 11:25:23] [INFO] [BaseApi.py]/[line: 82]/[send] 接口的响应信息为<==========={"code":0,"msg":"success","data":[],"timestamp":1721013923,"req_id":"08289f710b45e217eb045844190a7f37"} 
