[2024-06-11 08:03:46] [INFO] [BaseApi.py]/[line: 82]/[send] 发起的请求地址为===========>http://api.boweiedu.test/backend/resource/list 
[2024-06-11 08:03:46] [INFO] [BaseApi.py]/[line: 84]/[send] 接口的响应信息为<==========={"code":0,"msg":"success","data":{"list":[{"convert_status":"success","created_at":"2024-02-20 11:25:35","duration":0,"ext":"png","ext_type":"image","file":"微信截图_20240220102212","first_frame":"","path":"http://static.boweiedu.test/resource/static/8d07d55f51/2024/02/cz9l3c5iljspvizdko.png","size":30124,"type":0,"uuid":"70445e2d4ddcb5cb1d4cddefeae293e9"},{"convert_status":"success","created_at":"2024-02-20 11:45:51","duration":0,"ext":"png","ext_type":"image","file":"微信截图_2024022010221211","first_frame":"","path":"http://static.boweiedu.test/resource/static/8d07d55f51/2024/02/cz9liud687yevkz36h.png","size":30124,"type":1,"uuid":"9939d624703f6a7eeea38c217578dbd3"},{"convert_status":"success","created_at":"2024-02-22 10:23:23","duration":0,"ext":"png","ext_type":"image","file":"微信截图_20240222102019","first_frame":"","path":"http://static.boweiedu.test/resource/static/8d07d55f51/2024/02/czb90svx0le6ihml3h.png","size":34891,"type":3,"uuid":"bff1922365a8769214bf0d41f1c838df"},{"convert_status":"success","created_at":"2024-02-22 10:41:00","duration":0,"ext":"png","ext_type":"image","file":"微信截图_20240222101738","first_frame":"","path":"http://static.boweiedu.test/resource/static/8d07d55f51/2024/02/czb9eaczt3fjrbck2j.png","size":97067,"type":1,"uuid":"4019b72faf42662fc36065f21a9bf447"},{"convert_status":"success","created_at":"2024-02-22 10:41:00","duration":0,"ext":"png","ext_type":"image","file":"微信截图_20240222102019","first_frame":"","path":"http://static.boweiedu.test/resource/static/8d07d55f51/2024/02/czb9ead14ik9agnqgc.png","size":34891,"type":1,"uuid":"d9e44bbc426616c90a76764e4db57c3b"},{"convert_status":"success","created_at":"2024-02-22 10:41:00","duration":0,"ext":"png","ext_type":"image","file":"微信截图_20240222102515","first_frame":"","path":"http://static.boweiedu.test/resource/static/8d07d55f51/2024/02/czb9eadd2fbdmyau6d.png","size":151266,"type":1,"uuid":"64a2dcec6183934e2601ac9804944852"},{"convert_status":"success","created_at":"2024-02-22 10:41:00","duration":0,"ext":"png","ext_type":"image","file":"微信截图_20240222102229","first_frame":"","path":"http://static.boweiedu.test/resource/static/8d07d55f51/2024/02/czb9eadf6gm468zgfo.png","size":148614,"type":1,"uuid":"02ff38c812b717675a88fcc4814d6e34"},{"convert_status":"success","created_at":"2024-02-22 14:49:06","duration":0,"ext":"png","ext_type":"image","file":"微信截图_20240222144858","first_frame":"","path":"http://static.boweiedu.test/resource/static/8d07d55f51/2024/02/czbeo8pumy0md8kvmz.png","size":6725,"type":0,"uuid":"610c901641e315bfc1454bbe04cdea93"},{"convert_status":"success","created_at":"2024-02-22 14:49:13","duration":0,"ext":"png","ext_type":"image","file":"微信截图_20240222144858","first_frame":"","path":"http://static.boweiedu.test/resource/static/8d07d55f51/2024/02/czbeobvvp88pm0njnj.png","size":6725,"type":0,"uuid":"58b53ffbba672e61227fc63774e98125"},{"convert_status":"success","created_at":"2024-02-28 10:15:20","duration":0,"ext":"docx","ext_type":"file","file":"新建 DOCX 文档","first_frame":"","path":"http://static.boweiedu.test/resource/static/8d07d55f51/2024/02/czgclwdqwy9hw8p9ai.docx","size":0,"type":1,"uuid":"7a02d9af8b1a1e3aa93e95c45114f2ff"}],"pagination":{"size":10,"total":525,"pages":53,"page":1}},"timestamp":1718064226,"req_id":"5b4385994fcad7176caa266e47f4dc09"} 
[2024-06-11 08:03:46] [INFO] [test_resource_manage_api.py]/[line: 33]/[test_get_resource_lists] JSONSchema的结构为：{'$schema': 'http://json-schema.org/schema#', 'type': 'object', 'properties': {'code': {'type': 'integer'}, 'msg': {'type': 'string'}, 'data': {'type': 'object', 'properties': {'list': {'type': 'array', 'items': {'type': 'object', 'properties': {'convert_status': {'type': 'string'}, 'created_at': {'type': 'string'}, 'duration': {'type': 'integer'}, 'ext': {'type': 'string'}, 'ext_type': {'type': 'string'}, 'file': {'type': 'string'}, 'first_frame': {'type': 'string'}, 'path': {'type': 'string'}, 'size': {'type': 'integer'}, 'type': {'type': 'integer'}, 'uuid': {'type': 'string'}}, 'required': ['convert_status', 'created_at', 'duration', 'ext', 'ext_type', 'file', 'first_frame', 'path', 'size', 'type', 'uuid']}}, 'pagination': {'type': 'object', 'properties': {'size': {'type': 'integer'}, 'total': {'type': 'integer'}, 'pages': {'type': 'integer'}, 'page': {'type': 'integer'}}, 'required': ['page', 'pages', 'size', 'total']}}, 'required': ['list', 'pagination']}, 'timestamp': {'type': 'integer'}, 'req_id': {'type': 'string'}}, 'required': ['code', 'data', 'msg', 'req_id', 'timestamp']} 
[2024-06-11 08:03:46] [INFO] [BaseApi.py]/[line: 82]/[send] 发起的请求地址为===========>http://api.boweiedu.test/backend/resource/list 
[2024-06-11 08:03:46] [INFO] [BaseApi.py]/[line: 84]/[send] 接口的响应信息为<==========={"code":0,"msg":"success","data":{"list":[{"convert_status":"success","created_at":"2024-02-20 11:25:35","duration":0,"ext":"png","ext_type":"image","file":"微信截图_20240220102212","first_frame":"","path":"http://static.boweiedu.test/resource/static/8d07d55f51/2024/02/cz9l3c5iljspvizdko.png","size":30124,"type":0,"uuid":"70445e2d4ddcb5cb1d4cddefeae293e9"},{"convert_status":"success","created_at":"2024-02-20 11:45:51","duration":0,"ext":"png","ext_type":"image","file":"微信截图_2024022010221211","first_frame":"","path":"http://static.boweiedu.test/resource/static/8d07d55f51/2024/02/cz9liud687yevkz36h.png","size":30124,"type":1,"uuid":"9939d624703f6a7eeea38c217578dbd3"},{"convert_status":"success","created_at":"2024-02-22 10:23:23","duration":0,"ext":"png","ext_type":"image","file":"微信截图_20240222102019","first_frame":"","path":"http://static.boweiedu.test/resource/static/8d07d55f51/2024/02/czb90svx0le6ihml3h.png","size":34891,"type":3,"uuid":"bff1922365a8769214bf0d41f1c838df"},{"convert_status":"success","created_at":"2024-02-22 10:41:00","duration":0,"ext":"png","ext_type":"image","file":"微信截图_20240222101738","first_frame":"","path":"http://static.boweiedu.test/resource/static/8d07d55f51/2024/02/czb9eaczt3fjrbck2j.png","size":97067,"type":1,"uuid":"4019b72faf42662fc36065f21a9bf447"},{"convert_status":"success","created_at":"2024-02-22 10:41:00","duration":0,"ext":"png","ext_type":"image","file":"微信截图_20240222102019","first_frame":"","path":"http://static.boweiedu.test/resource/static/8d07d55f51/2024/02/czb9ead14ik9agnqgc.png","size":34891,"type":1,"uuid":"d9e44bbc426616c90a76764e4db57c3b"},{"convert_status":"success","created_at":"2024-02-22 10:41:00","duration":0,"ext":"png","ext_type":"image","file":"微信截图_20240222102515","first_frame":"","path":"http://static.boweiedu.test/resource/static/8d07d55f51/2024/02/czb9eadd2fbdmyau6d.png","size":151266,"type":1,"uuid":"64a2dcec6183934e2601ac9804944852"},{"convert_status":"success","created_at":"2024-02-22 10:41:00","duration":0,"ext":"png","ext_type":"image","file":"微信截图_20240222102229","first_frame":"","path":"http://static.boweiedu.test/resource/static/8d07d55f51/2024/02/czb9eadf6gm468zgfo.png","size":148614,"type":1,"uuid":"02ff38c812b717675a88fcc4814d6e34"},{"convert_status":"success","created_at":"2024-02-22 14:49:06","duration":0,"ext":"png","ext_type":"image","file":"微信截图_20240222144858","first_frame":"","path":"http://static.boweiedu.test/resource/static/8d07d55f51/2024/02/czbeo8pumy0md8kvmz.png","size":6725,"type":0,"uuid":"610c901641e315bfc1454bbe04cdea93"},{"convert_status":"success","created_at":"2024-02-22 14:49:13","duration":0,"ext":"png","ext_type":"image","file":"微信截图_20240222144858","first_frame":"","path":"http://static.boweiedu.test/resource/static/8d07d55f51/2024/02/czbeobvvp88pm0njnj.png","size":6725,"type":0,"uuid":"58b53ffbba672e61227fc63774e98125"},{"convert_status":"success","created_at":"2024-02-28 10:15:20","duration":0,"ext":"docx","ext_type":"file","file":"新建 DOCX 文档","first_frame":"","path":"http://static.boweiedu.test/resource/static/8d07d55f51/2024/02/czgclwdqwy9hw8p9ai.docx","size":0,"type":1,"uuid":"7a02d9af8b1a1e3aa93e95c45114f2ff"}],"pagination":{"size":10,"total":525,"pages":53,"page":1}},"timestamp":1718064226,"req_id":"2c2a8d9d4fcad7176daa266ebd84d928"} 
[2024-06-11 08:03:46] [INFO] [test_resource_manage_api.py]/[line: 36]/[test_get_resource_lists] 验证的结果为：True 
[2024-06-11 08:03:47] [INFO] [BaseApi.py]/[line: 82]/[send] 发起的请求地址为===========>http://api.boweiedu.test/backend/resource/list 
[2024-06-11 08:03:47] [INFO] [BaseApi.py]/[line: 84]/[send] 接口的响应信息为<==========={"code":0,"msg":"success","data":{"list":[{"convert_status":"success","created_at":"2024-02-20 11:25:35","duration":0,"ext":"png","ext_type":"image","file":"微信截图_20240220102212","first_frame":"","path":"http://static.boweiedu.test/resource/static/8d07d55f51/2024/02/cz9l3c5iljspvizdko.png","size":30124,"type":0,"uuid":"70445e2d4ddcb5cb1d4cddefeae293e9"},{"convert_status":"success","created_at":"2024-02-20 11:45:51","duration":0,"ext":"png","ext_type":"image","file":"微信截图_2024022010221211","first_frame":"","path":"http://static.boweiedu.test/resource/static/8d07d55f51/2024/02/cz9liud687yevkz36h.png","size":30124,"type":1,"uuid":"9939d624703f6a7eeea38c217578dbd3"},{"convert_status":"success","created_at":"2024-02-22 10:23:23","duration":0,"ext":"png","ext_type":"image","file":"微信截图_20240222102019","first_frame":"","path":"http://static.boweiedu.test/resource/static/8d07d55f51/2024/02/czb90svx0le6ihml3h.png","size":34891,"type":3,"uuid":"bff1922365a8769214bf0d41f1c838df"},{"convert_status":"success","created_at":"2024-02-22 10:41:00","duration":0,"ext":"png","ext_type":"image","file":"微信截图_20240222101738","first_frame":"","path":"http://static.boweiedu.test/resource/static/8d07d55f51/2024/02/czb9eaczt3fjrbck2j.png","size":97067,"type":1,"uuid":"4019b72faf42662fc36065f21a9bf447"},{"convert_status":"success","created_at":"2024-02-22 10:41:00","duration":0,"ext":"png","ext_type":"image","file":"微信截图_20240222102019","first_frame":"","path":"http://static.boweiedu.test/resource/static/8d07d55f51/2024/02/czb9ead14ik9agnqgc.png","size":34891,"type":1,"uuid":"d9e44bbc426616c90a76764e4db57c3b"},{"convert_status":"success","created_at":"2024-02-22 10:41:00","duration":0,"ext":"png","ext_type":"image","file":"微信截图_20240222102515","first_frame":"","path":"http://static.boweiedu.test/resource/static/8d07d55f51/2024/02/czb9eadd2fbdmyau6d.png","size":151266,"type":1,"uuid":"64a2dcec6183934e2601ac9804944852"},{"convert_status":"success","created_at":"2024-02-22 10:41:00","duration":0,"ext":"png","ext_type":"image","file":"微信截图_20240222102229","first_frame":"","path":"http://static.boweiedu.test/resource/static/8d07d55f51/2024/02/czb9eadf6gm468zgfo.png","size":148614,"type":1,"uuid":"02ff38c812b717675a88fcc4814d6e34"},{"convert_status":"success","created_at":"2024-02-22 14:49:06","duration":0,"ext":"png","ext_type":"image","file":"微信截图_20240222144858","first_frame":"","path":"http://static.boweiedu.test/resource/static/8d07d55f51/2024/02/czbeo8pumy0md8kvmz.png","size":6725,"type":0,"uuid":"610c901641e315bfc1454bbe04cdea93"},{"convert_status":"success","created_at":"2024-02-22 14:49:13","duration":0,"ext":"png","ext_type":"image","file":"微信截图_20240222144858","first_frame":"","path":"http://static.boweiedu.test/resource/static/8d07d55f51/2024/02/czbeobvvp88pm0njnj.png","size":6725,"type":0,"uuid":"58b53ffbba672e61227fc63774e98125"},{"convert_status":"success","created_at":"2024-02-28 10:15:20","duration":0,"ext":"docx","ext_type":"file","file":"新建 DOCX 文档","first_frame":"","path":"http://static.boweiedu.test/resource/static/8d07d55f51/2024/02/czgclwdqwy9hw8p9ai.docx","size":0,"type":1,"uuid":"7a02d9af8b1a1e3aa93e95c45114f2ff"}],"pagination":{"size":10,"total":525,"pages":53,"page":1}},"timestamp":1718064226,"req_id":"42cea4a14fcad7176eaa266ea86114d8"} 
[2024-06-11 08:03:47] [INFO] [BaseApi.py]/[line: 82]/[send] 发起的请求地址为===========>http://api.boweiedu.test/backend/resource/list 
[2024-06-11 08:03:47] [INFO] [BaseApi.py]/[line: 84]/[send] 接口的响应信息为<==========={"code":0,"msg":"success","data":{"list":[{"convert_status":"success","created_at":"2024-02-20 11:25:35","duration":0,"ext":"png","ext_type":"image","file":"微信截图_20240220102212","first_frame":"","path":"http://static.boweiedu.test/resource/static/8d07d55f51/2024/02/cz9l3c5iljspvizdko.png","size":30124,"type":0,"uuid":"70445e2d4ddcb5cb1d4cddefeae293e9"},{"convert_status":"success","created_at":"2024-02-20 11:45:51","duration":0,"ext":"png","ext_type":"image","file":"微信截图_2024022010221211","first_frame":"","path":"http://static.boweiedu.test/resource/static/8d07d55f51/2024/02/cz9liud687yevkz36h.png","size":30124,"type":1,"uuid":"9939d624703f6a7eeea38c217578dbd3"},{"convert_status":"success","created_at":"2024-02-22 10:23:23","duration":0,"ext":"png","ext_type":"image","file":"微信截图_20240222102019","first_frame":"","path":"http://static.boweiedu.test/resource/static/8d07d55f51/2024/02/czb90svx0le6ihml3h.png","size":34891,"type":3,"uuid":"bff1922365a8769214bf0d41f1c838df"},{"convert_status":"success","created_at":"2024-02-22 10:41:00","duration":0,"ext":"png","ext_type":"image","file":"微信截图_20240222101738","first_frame":"","path":"http://static.boweiedu.test/resource/static/8d07d55f51/2024/02/czb9eaczt3fjrbck2j.png","size":97067,"type":1,"uuid":"4019b72faf42662fc36065f21a9bf447"},{"convert_status":"success","created_at":"2024-02-22 10:41:00","duration":0,"ext":"png","ext_type":"image","file":"微信截图_20240222102019","first_frame":"","path":"http://static.boweiedu.test/resource/static/8d07d55f51/2024/02/czb9ead14ik9agnqgc.png","size":34891,"type":1,"uuid":"d9e44bbc426616c90a76764e4db57c3b"},{"convert_status":"success","created_at":"2024-02-22 10:41:00","duration":0,"ext":"png","ext_type":"image","file":"微信截图_20240222102515","first_frame":"","path":"http://static.boweiedu.test/resource/static/8d07d55f51/2024/02/czb9eadd2fbdmyau6d.png","size":151266,"type":1,"uuid":"64a2dcec6183934e2601ac9804944852"},{"convert_status":"success","created_at":"2024-02-22 10:41:00","duration":0,"ext":"png","ext_type":"image","file":"微信截图_20240222102229","first_frame":"","path":"http://static.boweiedu.test/resource/static/8d07d55f51/2024/02/czb9eadf6gm468zgfo.png","size":148614,"type":1,"uuid":"02ff38c812b717675a88fcc4814d6e34"},{"convert_status":"success","created_at":"2024-02-22 14:49:06","duration":0,"ext":"png","ext_type":"image","file":"微信截图_20240222144858","first_frame":"","path":"http://static.boweiedu.test/resource/static/8d07d55f51/2024/02/czbeo8pumy0md8kvmz.png","size":6725,"type":0,"uuid":"610c901641e315bfc1454bbe04cdea93"},{"convert_status":"success","created_at":"2024-02-22 14:49:13","duration":0,"ext":"png","ext_type":"image","file":"微信截图_20240222144858","first_frame":"","path":"http://static.boweiedu.test/resource/static/8d07d55f51/2024/02/czbeobvvp88pm0njnj.png","size":6725,"type":0,"uuid":"58b53ffbba672e61227fc63774e98125"},{"convert_status":"success","created_at":"2024-02-28 10:15:20","duration":0,"ext":"docx","ext_type":"file","file":"新建 DOCX 文档","first_frame":"","path":"http://static.boweiedu.test/resource/static/8d07d55f51/2024/02/czgclwdqwy9hw8p9ai.docx","size":0,"type":1,"uuid":"7a02d9af8b1a1e3aa93e95c45114f2ff"}],"pagination":{"size":10,"total":525,"pages":53,"page":1}},"timestamp":1718064226,"req_id":"c9b96fa54fcad7176faa266ed17308c5"} 
[2024-06-11 08:03:47] [INFO] [test_resource_manage_api.py]/[line: 50]/[test_get_resource_list] 验证的结果为：True 
[2024-06-11 08:03:47] [INFO] [BaseApi.py]/[line: 82]/[send] 发起的请求地址为===========>http://api.boweiedu.test/backend/course/add 
[2024-06-11 08:03:47] [INFO] [BaseApi.py]/[line: 84]/[send] 接口的响应信息为<==========={"code":0,"msg":"success","data":{"uuid":"190a0de074b3287ad7055d1cd0f81705"},"timestamp":1718064226,"req_id":"b69d1eab4fcad71771aa266ef4539e13"} 
[2024-06-11 08:03:47] [INFO] [jsonpath_utils.py]/[line: 11]/[get] 通过jsonpath获取到的数据为['190a0de074b3287ad7055d1cd0f81705'] 
[2024-06-11 08:03:47] [INFO] [BaseApi.py]/[line: 82]/[send] 发起的请求地址为===========>http://api.boweiedu.test/backend/chapter/add 
[2024-06-11 08:03:47] [INFO] [BaseApi.py]/[line: 84]/[send] 接口的响应信息为<==========={"code":0,"msg":"success","data":{"uuid":"1398160e811ba31f788d7e80237719d2"},"timestamp":1718064226,"req_id":"5802abac4fcad71772aa266e33516a81"} 
[2024-06-11 08:03:47] [INFO] [jsonpath_utils.py]/[line: 11]/[get] 通过jsonpath获取到的数据为['1398160e811ba31f788d7e80237719d2'] 
[2024-06-11 08:03:47] [INFO] [BaseApi.py]/[line: 82]/[send] 发起的请求地址为===========>http://api.boweiedu.test/backend/lesson/add 
[2024-06-11 08:03:47] [INFO] [BaseApi.py]/[line: 84]/[send] 接口的响应信息为<==========={"code":0,"msg":"success","data":{"uuid":"704469c0bf3fe08bbcce74c478a27763"},"timestamp":1718064226,"req_id":"79f9ddad4fcad71773aa266eb21e248f"} 
[2024-06-11 08:03:47] [INFO] [jsonpath_utils.py]/[line: 11]/[get] 通过jsonpath获取到的数据为['704469c0bf3fe08bbcce74c478a27763'] 
[2024-06-11 08:03:47] [INFO] [BaseApi.py]/[line: 82]/[send] 发起的请求地址为===========>http://api.boweiedu.test/comm/upload 
[2024-06-11 08:03:47] [INFO] [BaseApi.py]/[line: 84]/[send] 接口的响应信息为<==========={"code":0,"msg":"success","data":{"uuid":"0994fa623ecdc02c172af53e40bc4071","filepath":"http://static.boweiedu.test/resource/static/0000000000/2024/06/d1wqxtr3mifjggoynf.jpeg","url":"http://static.boweiedu.test/resource/static/0000000000/2024/06/d1wqxtr3mifjggoynf.jpeg"},"timestamp":1718064226,"req_id":"9e8432ba4fcad71774aa266e865a8462"} 
[2024-06-11 08:03:47] [INFO] [jsonpath_utils.py]/[line: 11]/[get] 通过jsonpath获取到的数据为['0994fa623ecdc02c172af53e40bc4071'] 
[2024-06-11 08:03:47] [INFO] [BaseApi.py]/[line: 82]/[send] 发起的请求地址为===========>http://api.boweiedu.test/backend/resource/bind 
[2024-06-11 08:03:47] [INFO] [BaseApi.py]/[line: 84]/[send] 接口的响应信息为<==========={"code":0,"msg":"success","data":[],"timestamp":1718064226,"req_id":"fae2dfbe4fcad71775aa266e2055876e"} 
[2024-06-11 08:03:47] [INFO] [BaseApi.py]/[line: 82]/[send] 发起的请求地址为===========>http://api.boweiedu.test/backend/course/delete 
[2024-06-11 08:03:47] [INFO] [BaseApi.py]/[line: 84]/[send] 接口的响应信息为<==========={"code":0,"msg":"success","data":[],"timestamp":1718064226,"req_id":"9eee44c24fcad71776aa266e42be7fc8"} 
[2024-06-11 08:03:47] [INFO] [jsonpath_utils.py]/[line: 11]/[get] 通过jsonpath获取到的数据为[0] 
[2024-06-11 08:03:47] [INFO] [BaseApi.py]/[line: 82]/[send] 发起的请求地址为===========>http://api.boweiedu.test/backend/course/add 
[2024-06-11 08:03:47] [INFO] [BaseApi.py]/[line: 84]/[send] 接口的响应信息为<==========={"code":0,"msg":"success","data":{"uuid":"2cd0e898fcd5d4c28748e9513a5db48d"},"timestamp":1718064226,"req_id":"032050ca4fcad71779aa266e1c287bbb"} 
[2024-06-11 08:03:47] [INFO] [jsonpath_utils.py]/[line: 11]/[get] 通过jsonpath获取到的数据为['2cd0e898fcd5d4c28748e9513a5db48d'] 
[2024-06-11 08:03:47] [INFO] [BaseApi.py]/[line: 82]/[send] 发起的请求地址为===========>http://api.boweiedu.test/backend/chapter/add 
[2024-06-11 08:03:47] [INFO] [BaseApi.py]/[line: 84]/[send] 接口的响应信息为<==========={"code":0,"msg":"success","data":{"uuid":"24f0fa58524935c91aa412abcc7bd417"},"timestamp":1718064226,"req_id":"c633facd4fcad7177aaa266e13a94ef9"} 
[2024-06-11 08:03:47] [INFO] [jsonpath_utils.py]/[line: 11]/[get] 通过jsonpath获取到的数据为['24f0fa58524935c91aa412abcc7bd417'] 
[2024-06-11 08:03:47] [INFO] [BaseApi.py]/[line: 82]/[send] 发起的请求地址为===========>http://api.boweiedu.test/backend/lesson/add 
[2024-06-11 08:03:47] [INFO] [BaseApi.py]/[line: 84]/[send] 接口的响应信息为<==========={"code":0,"msg":"success","data":{"uuid":"2980c3d6cb332d93cd2bbb20df4c2483"},"timestamp":1718064227,"req_id":"387aefd14fcad7177baa266eeb2a1e8f"} 
[2024-06-11 08:03:47] [INFO] [jsonpath_utils.py]/[line: 11]/[get] 通过jsonpath获取到的数据为['2980c3d6cb332d93cd2bbb20df4c2483'] 
[2024-06-11 08:03:47] [INFO] [BaseApi.py]/[line: 82]/[send] 发起的请求地址为===========>http://api.boweiedu.test/comm/upload 
[2024-06-11 08:03:47] [INFO] [BaseApi.py]/[line: 84]/[send] 接口的响应信息为<==========={"code":0,"msg":"success","data":{"uuid":"a8bdb3b25124b6b9e30911d2b043a177","filepath":"http://static.boweiedu.test/resource/static/0000000000/2024/06/d1wqxu02iwrvmalrua.jpeg","url":"http://static.boweiedu.test/resource/static/0000000000/2024/06/d1wqxu02iwrvmalrua.jpeg"},"timestamp":1718064227,"req_id":"13288cda4fcad7177caa266efa82c435"} 
[2024-06-11 08:03:47] [INFO] [jsonpath_utils.py]/[line: 11]/[get] 通过jsonpath获取到的数据为['a8bdb3b25124b6b9e30911d2b043a177'] 
[2024-06-11 08:03:47] [INFO] [BaseApi.py]/[line: 82]/[send] 发起的请求地址为===========>http://api.boweiedu.test/backend/resource/bind 
[2024-06-11 08:03:48] [INFO] [BaseApi.py]/[line: 84]/[send] 接口的响应信息为<==========={"code":0,"msg":"success","data":[],"timestamp":1718064227,"req_id":"5dc532de4fcad7177daa266e4d0dc696"} 
[2024-06-11 08:03:48] [INFO] [BaseApi.py]/[line: 82]/[send] 发起的请求地址为===========>http://api.boweiedu.test/backend/resource/unbind 
[2024-06-11 08:03:48] [INFO] [BaseApi.py]/[line: 84]/[send] 接口的响应信息为<==========={"code":0,"msg":"success","data":[],"timestamp":1718064227,"req_id":"ad1761e24fcad7177eaa266e3e328edd"} 
[2024-06-11 08:03:48] [INFO] [BaseApi.py]/[line: 82]/[send] 发起的请求地址为===========>http://api.boweiedu.test/backend/course/delete 
[2024-06-11 08:03:48] [INFO] [BaseApi.py]/[line: 84]/[send] 接口的响应信息为<==========={"code":0,"msg":"success","data":[],"timestamp":1718064227,"req_id":"484287e74fcad7177faa266ef3983b14"} 
[2024-06-11 08:03:48] [INFO] [jsonpath_utils.py]/[line: 11]/[get] 通过jsonpath获取到的数据为[0] 
[2024-06-11 08:03:48] [INFO] [BaseApi.py]/[line: 82]/[send] 发起的请求地址为===========>http://api.boweiedu.test/backend/course/add 
[2024-06-11 08:03:48] [INFO] [BaseApi.py]/[line: 84]/[send] 接口的响应信息为<==========={"code":0,"msg":"success","data":{"uuid":"2d4cbdba49da6a667edb5dbed3daa7ed"},"timestamp":1718064227,"req_id":"03621fef4fcad71782aa266e765198c9"} 
[2024-06-11 08:03:48] [INFO] [jsonpath_utils.py]/[line: 11]/[get] 通过jsonpath获取到的数据为['2d4cbdba49da6a667edb5dbed3daa7ed'] 
[2024-06-11 08:03:48] [INFO] [BaseApi.py]/[line: 82]/[send] 发起的请求地址为===========>http://api.boweiedu.test/backend/chapter/add 
[2024-06-11 08:03:48] [INFO] [BaseApi.py]/[line: 84]/[send] 接口的响应信息为<==========={"code":0,"msg":"success","data":{"uuid":"158bb061c71f2a488f26c2a5c134957b"},"timestamp":1718064227,"req_id":"33b0b7f34fcad71783aa266eb6852109"} 
[2024-06-11 08:03:48] [INFO] [jsonpath_utils.py]/[line: 11]/[get] 通过jsonpath获取到的数据为['158bb061c71f2a488f26c2a5c134957b'] 
[2024-06-11 08:03:48] [INFO] [BaseApi.py]/[line: 82]/[send] 发起的请求地址为===========>http://api.boweiedu.test/backend/lesson/add 
[2024-06-11 08:03:48] [INFO] [BaseApi.py]/[line: 84]/[send] 接口的响应信息为<==========={"code":0,"msg":"success","data":{"uuid":"b622210a1d39e049d8cb09ac5fe04867"},"timestamp":1718064227,"req_id":"0b7334f74fcad71784aa266eefa04c24"} 
[2024-06-11 08:03:48] [INFO] [jsonpath_utils.py]/[line: 11]/[get] 通过jsonpath获取到的数据为['b622210a1d39e049d8cb09ac5fe04867'] 
[2024-06-11 08:03:48] [INFO] [BaseApi.py]/[line: 82]/[send] 发起的请求地址为===========>http://api.boweiedu.test/comm/upload 
[2024-06-11 08:03:48] [INFO] [BaseApi.py]/[line: 84]/[send] 接口的响应信息为<==========={"code":0,"msg":"success","data":{"uuid":"63b3b55c18ba0b7f74e0995c74ed4bf4","filepath":"http://static.boweiedu.test/resource/static/0000000000/2024/06/d1wqxuags3v6r0mo1h.jpeg","url":"http://static.boweiedu.test/resource/static/0000000000/2024/06/d1wqxuags3v6r0mo1h.jpeg"},"timestamp":1718064227,"req_id":"cc65040050cad71785aa266e368670e3"} 
[2024-06-11 08:03:48] [INFO] [jsonpath_utils.py]/[line: 11]/[get] 通过jsonpath获取到的数据为['63b3b55c18ba0b7f74e0995c74ed4bf4'] 
[2024-06-11 08:03:48] [INFO] [BaseApi.py]/[line: 82]/[send] 发起的请求地址为===========>http://api.boweiedu.test/backend/resource/bind 
[2024-06-11 08:03:48] [INFO] [BaseApi.py]/[line: 84]/[send] 接口的响应信息为<==========={"code":0,"msg":"success","data":[],"timestamp":1718064227,"req_id":"582bd00350cad71786aa266e384eb22f"} 
[2024-06-11 08:03:48] [INFO] [BaseApi.py]/[line: 82]/[send] 发起的请求地址为===========>http://api.boweiedu.test/backend/resource/edit 
[2024-06-11 08:03:48] [INFO] [BaseApi.py]/[line: 84]/[send] 接口的响应信息为<==========={"code":0,"msg":"success","data":[],"timestamp":1718064227,"req_id":"fd381f0550cad71787aa266e8c95b79c"} 
[2024-06-11 08:03:48] [INFO] [BaseApi.py]/[line: 82]/[send] 发起的请求地址为===========>http://api.boweiedu.test/backend/course/delete 
[2024-06-11 08:03:48] [INFO] [BaseApi.py]/[line: 84]/[send] 接口的响应信息为<==========={"code":0,"msg":"success","data":[],"timestamp":1718064227,"req_id":"3c52020650cad71788aa266e5782e276"} 
[2024-06-11 08:03:48] [INFO] [jsonpath_utils.py]/[line: 11]/[get] 通过jsonpath获取到的数据为[0] 
[2024-06-11 08:03:48] [INFO] [BaseApi.py]/[line: 82]/[send] 发起的请求地址为===========>http://api.boweiedu.test/backend/course/add 
[2024-06-11 08:03:48] [INFO] [BaseApi.py]/[line: 84]/[send] 接口的响应信息为<==========={"code":0,"msg":"success","data":{"uuid":"fcd08d4e9f984a885b4d006e07343403"},"timestamp":1718064228,"req_id":"cea9e01250cad7178baa266eda497b8c"} 
[2024-06-11 08:03:48] [INFO] [jsonpath_utils.py]/[line: 11]/[get] 通过jsonpath获取到的数据为['fcd08d4e9f984a885b4d006e07343403'] 
[2024-06-11 08:03:48] [INFO] [BaseApi.py]/[line: 82]/[send] 发起的请求地址为===========>http://api.boweiedu.test/backend/chapter/add 
[2024-06-11 08:03:49] [INFO] [BaseApi.py]/[line: 84]/[send] 接口的响应信息为<==========={"code":0,"msg":"success","data":{"uuid":"6204671717e4147e15baef37aabb3ff4"},"timestamp":1718064228,"req_id":"6fa9861650cad7178caa266eb9c62efb"} 
[2024-06-11 08:03:49] [INFO] [jsonpath_utils.py]/[line: 11]/[get] 通过jsonpath获取到的数据为['6204671717e4147e15baef37aabb3ff4'] 
[2024-06-11 08:03:49] [INFO] [BaseApi.py]/[line: 82]/[send] 发起的请求地址为===========>http://api.boweiedu.test/backend/lesson/add 
[2024-06-11 08:03:49] [INFO] [BaseApi.py]/[line: 84]/[send] 接口的响应信息为<==========={"code":0,"msg":"success","data":{"uuid":"816fe165c745f0ec889ad88b2e5e5a5d"},"timestamp":1718064228,"req_id":"92f7521a50cad7178daa266e10efaeda"} 
[2024-06-11 08:03:49] [INFO] [jsonpath_utils.py]/[line: 11]/[get] 通过jsonpath获取到的数据为['816fe165c745f0ec889ad88b2e5e5a5d'] 
[2024-06-11 08:03:49] [INFO] [BaseApi.py]/[line: 82]/[send] 发起的请求地址为===========>http://api.boweiedu.test/comm/upload 
[2024-06-11 08:03:49] [INFO] [BaseApi.py]/[line: 84]/[send] 接口的响应信息为<==========={"code":0,"msg":"success","data":{"uuid":"3f6b6f6cda1a1c5f299a825e840b4dfa","filepath":"http://static.boweiedu.test/resource/static/0000000000/2024/06/d1wqxuitgg1uqucjdp.jpeg","url":"http://static.boweiedu.test/resource/static/0000000000/2024/06/d1wqxuitgg1uqucjdp.jpeg"},"timestamp":1718064228,"req_id":"b7802c1e50cad7178eaa266efe86a3c7"} 
[2024-06-11 08:03:49] [INFO] [jsonpath_utils.py]/[line: 11]/[get] 通过jsonpath获取到的数据为['3f6b6f6cda1a1c5f299a825e840b4dfa'] 
[2024-06-11 08:03:49] [INFO] [BaseApi.py]/[line: 82]/[send] 发起的请求地址为===========>http://api.boweiedu.test/backend/resource/bind 
[2024-06-11 08:03:49] [INFO] [BaseApi.py]/[line: 84]/[send] 接口的响应信息为<==========={"code":0,"msg":"success","data":[],"timestamp":1718064228,"req_id":"d790641f50cad7178faa266e59749aa8"} 
[2024-06-11 08:03:49] [INFO] [BaseApi.py]/[line: 82]/[send] 发起的请求地址为===========>http://api.boweiedu.test/backend/resource/unbind 
[2024-06-11 08:03:49] [INFO] [BaseApi.py]/[line: 84]/[send] 接口的响应信息为<==========={"code":0,"msg":"success","data":[],"timestamp":1718064228,"req_id":"53c8d02050cad71790aa266eea5256e0"} 
[2024-06-11 08:03:49] [INFO] [BaseApi.py]/[line: 82]/[send] 发起的请求地址为===========>http://api.boweiedu.test/backend/resource/delete 
[2024-06-11 08:03:49] [INFO] [BaseApi.py]/[line: 84]/[send] 接口的响应信息为<==========={"code":0,"msg":"success","data":[],"timestamp":1718064228,"req_id":"aa6c472250cad71791aa266e79a24999"} 
[2024-06-11 08:03:49] [INFO] [BaseApi.py]/[line: 82]/[send] 发起的请求地址为===========>http://api.boweiedu.test/backend/course/delete 
[2024-06-11 08:03:49] [INFO] [BaseApi.py]/[line: 84]/[send] 接口的响应信息为<==========={"code":0,"msg":"success","data":[],"timestamp":1718064228,"req_id":"7c84682350cad71792aa266e0aa1d199"} 
[2024-06-11 08:03:49] [INFO] [jsonpath_utils.py]/[line: 11]/[get] 通过jsonpath获取到的数据为[0] 
[2024-06-11 08:03:49] [INFO] [BaseApi.py]/[line: 82]/[send] 发起的请求地址为===========>http://api.boweiedu.test/backend/course/add 
[2024-06-11 08:03:49] [INFO] [BaseApi.py]/[line: 84]/[send] 接口的响应信息为<==========={"code":0,"msg":"success","data":{"uuid":"76aa25ff545e55bbe120d58d7d008c8a"},"timestamp":1718064228,"req_id":"d4fa362750cad71795aa266e375431ae"} 
[2024-06-11 08:03:49] [INFO] [jsonpath_utils.py]/[line: 11]/[get] 通过jsonpath获取到的数据为['76aa25ff545e55bbe120d58d7d008c8a'] 
[2024-06-11 08:03:49] [INFO] [BaseApi.py]/[line: 82]/[send] 发起的请求地址为===========>http://api.boweiedu.test/backend/chapter/add 
[2024-06-11 08:03:49] [INFO] [BaseApi.py]/[line: 84]/[send] 接口的响应信息为<==========={"code":0,"msg":"success","data":{"uuid":"ccc3a8cdaca47853fa8f482a4a075e46"},"timestamp":1718064228,"req_id":"d74c8a2850cad71796aa266ef6fe869f"} 
[2024-06-11 08:03:49] [INFO] [jsonpath_utils.py]/[line: 11]/[get] 通过jsonpath获取到的数据为['ccc3a8cdaca47853fa8f482a4a075e46'] 
[2024-06-11 08:03:49] [INFO] [BaseApi.py]/[line: 82]/[send] 发起的请求地址为===========>http://api.boweiedu.test/backend/lesson/add 
[2024-06-11 08:03:49] [INFO] [BaseApi.py]/[line: 84]/[send] 接口的响应信息为<==========={"code":0,"msg":"success","data":{"uuid":"34d38a648a3c33f1256c9b5e236a0775"},"timestamp":1718064228,"req_id":"1daabe2950cad71797aa266e764e0188"} 
[2024-06-11 08:03:49] [INFO] [jsonpath_utils.py]/[line: 11]/[get] 通过jsonpath获取到的数据为['34d38a648a3c33f1256c9b5e236a0775'] 
[2024-06-11 08:03:49] [INFO] [BaseApi.py]/[line: 82]/[send] 发起的请求地址为===========>http://api.boweiedu.test/comm/upload 
[2024-06-11 08:03:49] [INFO] [BaseApi.py]/[line: 84]/[send] 接口的响应信息为<==========={"code":0,"msg":"success","data":{"uuid":"332b723977c836f4ad3dc79b0de0eedd","filepath":"http://static.boweiedu.test/resource/static/0000000000/2024/06/d1wqxun3iztcqclwac.jpeg","url":"http://static.boweiedu.test/resource/static/0000000000/2024/06/d1wqxun3iztcqclwac.jpeg"},"timestamp":1718064228,"req_id":"e6d7962d50cad71798aa266e47453967"} 
[2024-06-11 08:03:49] [INFO] [jsonpath_utils.py]/[line: 11]/[get] 通过jsonpath获取到的数据为['332b723977c836f4ad3dc79b0de0eedd'] 
[2024-06-11 08:03:49] [INFO] [BaseApi.py]/[line: 82]/[send] 发起的请求地址为===========>http://api.boweiedu.test/backend/resource/bind 
[2024-06-11 08:03:49] [INFO] [BaseApi.py]/[line: 84]/[send] 接口的响应信息为<==========={"code":0,"msg":"success","data":[],"timestamp":1718064228,"req_id":"bdc98f2e50cad71799aa266ec4bcafa4"} 
[2024-06-11 08:03:49] [INFO] [BaseApi.py]/[line: 82]/[send] 发起的请求地址为===========>http://api.boweiedu.test/comm/upload 
[2024-06-11 08:03:49] [INFO] [BaseApi.py]/[line: 84]/[send] 接口的响应信息为<==========={"code":0,"msg":"success","data":{"uuid":"604d166184780854d5e39c074eab3a98","filepath":"http://static.boweiedu.test/resource/static/0000000000/2024/06/d1wqxuojva3gx9twa7.jpeg","url":"http://static.boweiedu.test/resource/static/0000000000/2024/06/d1wqxuojva3gx9twa7.jpeg"},"timestamp":1718064228,"req_id":"04c6d63250cad7179aaa266e8dea499c"} 
[2024-06-11 08:03:49] [INFO] [jsonpath_utils.py]/[line: 11]/[get] 通过jsonpath获取到的数据为['604d166184780854d5e39c074eab3a98'] 
[2024-06-11 08:03:49] [INFO] [BaseApi.py]/[line: 82]/[send] 发起的请求地址为===========>http://api.boweiedu.test/backend/resource/bind 
[2024-06-11 08:03:49] [INFO] [BaseApi.py]/[line: 84]/[send] 接口的响应信息为<==========={"code":0,"msg":"success","data":[],"timestamp":1718064228,"req_id":"672bd73350cad7179baa266e23a4dc16"} 
[2024-06-11 08:03:49] [INFO] [BaseApi.py]/[line: 82]/[send] 发起的请求地址为===========>http://api.boweiedu.test/backend/course/detail 
[2024-06-11 08:03:49] [INFO] [BaseApi.py]/[line: 84]/[send] 接口的响应信息为<==========={"code":0,"msg":"success","data":{"uuid":"76aa25ff545e55bbe120d58d7d008c8a","static_domain":"","course_name":"测试课程资源","start_time":0,"end_time":0,"created_at":"2024-06-11 08:03:48","view":0,"publish":"publish","gradeInfo":null,"about":"测试课程资源描述","is_own":1,"group_introduce":"","chapters":[{"chapter_uuid":"ccc3a8cdaca47853fa8f482a4a075e46","number":1,"title":"测试章节资源名称","courseLessons":[{"uuid":"34d38a648a3c33f1256c9b5e236a0775","lesson_name":"测试课时资源名称","start_time":0,"end_time":0,"created_at":"2024-06-11 08:03:48","number":1,"view":10,"show_publish":1,"public":0,"class":0,"pull_urls":null,"learning_duration":0,"classroom_uuid":"","classroom_name":"","status":2,"resource":[{"uuid":"332b723977c836f4ad3dc79b0de0eedd","org_id":0,"file":"dog","filepath":"http://static.boweiedu.test/resource/static/0000000000/2024/06/d1wqxun3iztcqclwac.jpeg","created_at":"2024-06-11 08:03:48","url":"http://static.boweiedu.test/resource/static/0000000000/2024/06/d1wqxun3iztcqclwac.jpeg","type":0,"duration":0,"ext":"jpeg","first_frame":"","ext_type":"image","definition":null,"convert_status":"success","belong_id":1333,"number":1},{"uuid":"604d166184780854d5e39c074eab3a98","org_id":0,"file":"dog","filepath":"http://static.boweiedu.test/resource/static/0000000000/2024/06/d1wqxuojva3gx9twa7.jpeg","created_at":"2024-06-11 08:03:48","url":"http://static.boweiedu.test/resource/static/0000000000/2024/06/d1wqxuojva3gx9twa7.jpeg","type":0,"duration":0,"ext":"jpeg","first_frame":"","ext_type":"image","definition":null,"convert_status":"success","belong_id":1334,"number":2}]}]}],"teacher":{"user_uuid":"b101653d0371eb9206445dc5dc6aa467","nick_name":"常老师","avatar":"","real_name":"常老师","desc":""},"groups":null,"password":""},"timestamp":1718064228,"req_id":"2d761a3550cad7179caa266eeb578d99"} 
[2024-06-11 08:03:49] [INFO] [jsonpath_utils.py]/[line: 11]/[get] 通过jsonpath获取到的数据为[1333] 
[2024-06-11 08:03:49] [INFO] [BaseApi.py]/[line: 82]/[send] 发起的请求地址为===========>http://api.boweiedu.test/backend/resource/sort 
[2024-06-11 08:03:49] [INFO] [BaseApi.py]/[line: 84]/[send] 接口的响应信息为<==========={"code":0,"msg":"success","data":[],"timestamp":1718064228,"req_id":"2eb33b3850cad7179daa266eaaf4348e"} 
[2024-06-11 08:03:49] [INFO] [BaseApi.py]/[line: 82]/[send] 发起的请求地址为===========>http://api.boweiedu.test/backend/course/delete 
[2024-06-11 08:03:49] [INFO] [BaseApi.py]/[line: 84]/[send] 接口的响应信息为<==========={"code":0,"msg":"success","data":[],"timestamp":1718064228,"req_id":"2d29933950cad7179eaa266e8de9011e"} 
[2024-06-11 08:03:49] [INFO] [jsonpath_utils.py]/[line: 11]/[get] 通过jsonpath获取到的数据为[0] 
