[2024-06-07 18:10:32] [INFO] [BaseApi.py]/[line: 82]/[send] 发起的请求地址为===========>http://api.boweiedu.test/backend/resource/list 
[2024-06-07 18:10:32] [INFO] [BaseApi.py]/[line: 84]/[send] 接口的响应信息为<==========={"code":0,"msg":"success","data":{"list":[{"convert_status":"success","created_at":"2024-02-20 11:25:35","duration":0,"ext":"png","ext_type":"image","file":"微信截图_20240220102212","first_frame":"","path":"http://static.boweiedu.test/resource/static/8d07d55f51/2024/02/cz9l3c5iljspvizdko.png","size":30124,"type":0,"uuid":"70445e2d4ddcb5cb1d4cddefeae293e9"},{"convert_status":"success","created_at":"2024-02-20 11:45:51","duration":0,"ext":"png","ext_type":"image","file":"微信截图_2024022010221211","first_frame":"","path":"http://static.boweiedu.test/resource/static/8d07d55f51/2024/02/cz9liud687yevkz36h.png","size":30124,"type":1,"uuid":"9939d624703f6a7eeea38c217578dbd3"},{"convert_status":"success","created_at":"2024-02-22 10:23:23","duration":0,"ext":"png","ext_type":"image","file":"微信截图_20240222102019","first_frame":"","path":"http://static.boweiedu.test/resource/static/8d07d55f51/2024/02/czb90svx0le6ihml3h.png","size":34891,"type":3,"uuid":"bff1922365a8769214bf0d41f1c838df"},{"convert_status":"success","created_at":"2024-02-22 10:41:00","duration":0,"ext":"png","ext_type":"image","file":"微信截图_20240222101738","first_frame":"","path":"http://static.boweiedu.test/resource/static/8d07d55f51/2024/02/czb9eaczt3fjrbck2j.png","size":97067,"type":1,"uuid":"4019b72faf42662fc36065f21a9bf447"},{"convert_status":"success","created_at":"2024-02-22 10:41:00","duration":0,"ext":"png","ext_type":"image","file":"微信截图_20240222102019","first_frame":"","path":"http://static.boweiedu.test/resource/static/8d07d55f51/2024/02/czb9ead14ik9agnqgc.png","size":34891,"type":1,"uuid":"d9e44bbc426616c90a76764e4db57c3b"},{"convert_status":"success","created_at":"2024-02-22 10:41:00","duration":0,"ext":"png","ext_type":"image","file":"微信截图_20240222102515","first_frame":"","path":"http://static.boweiedu.test/resource/static/8d07d55f51/2024/02/czb9eadd2fbdmyau6d.png","size":151266,"type":1,"uuid":"64a2dcec6183934e2601ac9804944852"},{"convert_status":"success","created_at":"2024-02-22 10:41:00","duration":0,"ext":"png","ext_type":"image","file":"微信截图_20240222102229","first_frame":"","path":"http://static.boweiedu.test/resource/static/8d07d55f51/2024/02/czb9eadf6gm468zgfo.png","size":148614,"type":1,"uuid":"02ff38c812b717675a88fcc4814d6e34"},{"convert_status":"success","created_at":"2024-02-22 14:49:06","duration":0,"ext":"png","ext_type":"image","file":"微信截图_20240222144858","first_frame":"","path":"http://static.boweiedu.test/resource/static/8d07d55f51/2024/02/czbeo8pumy0md8kvmz.png","size":6725,"type":0,"uuid":"610c901641e315bfc1454bbe04cdea93"},{"convert_status":"success","created_at":"2024-02-22 14:49:13","duration":0,"ext":"png","ext_type":"image","file":"微信截图_20240222144858","first_frame":"","path":"http://static.boweiedu.test/resource/static/8d07d55f51/2024/02/czbeobvvp88pm0njnj.png","size":6725,"type":0,"uuid":"58b53ffbba672e61227fc63774e98125"},{"convert_status":"success","created_at":"2024-02-28 10:15:20","duration":0,"ext":"docx","ext_type":"file","file":"新建 DOCX 文档","first_frame":"","path":"http://static.boweiedu.test/resource/static/8d07d55f51/2024/02/czgclwdqwy9hw8p9ai.docx","size":0,"type":1,"uuid":"7a02d9af8b1a1e3aa93e95c45114f2ff"}],"pagination":{"size":10,"total":520,"pages":52,"page":1}},"timestamp":1717755032,"req_id":"80b0e5e419b1d61737aa266ecff11ecb"} 
[2024-06-07 18:10:32] [INFO] [test_resource_manage_api.py]/[line: 33]/[test_get_resource_lists] JSONSchema的结构为：{'$schema': 'http://json-schema.org/schema#', 'type': 'object', 'properties': {'code': {'type': 'integer'}, 'msg': {'type': 'string'}, 'data': {'type': 'object', 'properties': {'list': {'type': 'array', 'items': {'type': 'object', 'properties': {'convert_status': {'type': 'string'}, 'created_at': {'type': 'string'}, 'duration': {'type': 'integer'}, 'ext': {'type': 'string'}, 'ext_type': {'type': 'string'}, 'file': {'type': 'string'}, 'first_frame': {'type': 'string'}, 'path': {'type': 'string'}, 'size': {'type': 'integer'}, 'type': {'type': 'integer'}, 'uuid': {'type': 'string'}}, 'required': ['convert_status', 'created_at', 'duration', 'ext', 'ext_type', 'file', 'first_frame', 'path', 'size', 'type', 'uuid']}}, 'pagination': {'type': 'object', 'properties': {'size': {'type': 'integer'}, 'total': {'type': 'integer'}, 'pages': {'type': 'integer'}, 'page': {'type': 'integer'}}, 'required': ['page', 'pages', 'size', 'total']}}, 'required': ['list', 'pagination']}, 'timestamp': {'type': 'integer'}, 'req_id': {'type': 'string'}}, 'required': ['code', 'data', 'msg', 'req_id', 'timestamp']} 
[2024-06-07 18:10:32] [INFO] [BaseApi.py]/[line: 82]/[send] 发起的请求地址为===========>http://api.boweiedu.test/backend/resource/list 
[2024-06-07 18:10:32] [INFO] [BaseApi.py]/[line: 84]/[send] 接口的响应信息为<==========={"code":0,"msg":"success","data":{"list":[{"convert_status":"success","created_at":"2024-02-20 11:25:35","duration":0,"ext":"png","ext_type":"image","file":"微信截图_20240220102212","first_frame":"","path":"http://static.boweiedu.test/resource/static/8d07d55f51/2024/02/cz9l3c5iljspvizdko.png","size":30124,"type":0,"uuid":"70445e2d4ddcb5cb1d4cddefeae293e9"},{"convert_status":"success","created_at":"2024-02-20 11:45:51","duration":0,"ext":"png","ext_type":"image","file":"微信截图_2024022010221211","first_frame":"","path":"http://static.boweiedu.test/resource/static/8d07d55f51/2024/02/cz9liud687yevkz36h.png","size":30124,"type":1,"uuid":"9939d624703f6a7eeea38c217578dbd3"},{"convert_status":"success","created_at":"2024-02-22 10:23:23","duration":0,"ext":"png","ext_type":"image","file":"微信截图_20240222102019","first_frame":"","path":"http://static.boweiedu.test/resource/static/8d07d55f51/2024/02/czb90svx0le6ihml3h.png","size":34891,"type":3,"uuid":"bff1922365a8769214bf0d41f1c838df"},{"convert_status":"success","created_at":"2024-02-22 10:41:00","duration":0,"ext":"png","ext_type":"image","file":"微信截图_20240222101738","first_frame":"","path":"http://static.boweiedu.test/resource/static/8d07d55f51/2024/02/czb9eaczt3fjrbck2j.png","size":97067,"type":1,"uuid":"4019b72faf42662fc36065f21a9bf447"},{"convert_status":"success","created_at":"2024-02-22 10:41:00","duration":0,"ext":"png","ext_type":"image","file":"微信截图_20240222102019","first_frame":"","path":"http://static.boweiedu.test/resource/static/8d07d55f51/2024/02/czb9ead14ik9agnqgc.png","size":34891,"type":1,"uuid":"d9e44bbc426616c90a76764e4db57c3b"},{"convert_status":"success","created_at":"2024-02-22 10:41:00","duration":0,"ext":"png","ext_type":"image","file":"微信截图_20240222102515","first_frame":"","path":"http://static.boweiedu.test/resource/static/8d07d55f51/2024/02/czb9eadd2fbdmyau6d.png","size":151266,"type":1,"uuid":"64a2dcec6183934e2601ac9804944852"},{"convert_status":"success","created_at":"2024-02-22 10:41:00","duration":0,"ext":"png","ext_type":"image","file":"微信截图_20240222102229","first_frame":"","path":"http://static.boweiedu.test/resource/static/8d07d55f51/2024/02/czb9eadf6gm468zgfo.png","size":148614,"type":1,"uuid":"02ff38c812b717675a88fcc4814d6e34"},{"convert_status":"success","created_at":"2024-02-22 14:49:06","duration":0,"ext":"png","ext_type":"image","file":"微信截图_20240222144858","first_frame":"","path":"http://static.boweiedu.test/resource/static/8d07d55f51/2024/02/czbeo8pumy0md8kvmz.png","size":6725,"type":0,"uuid":"610c901641e315bfc1454bbe04cdea93"},{"convert_status":"success","created_at":"2024-02-22 14:49:13","duration":0,"ext":"png","ext_type":"image","file":"微信截图_20240222144858","first_frame":"","path":"http://static.boweiedu.test/resource/static/8d07d55f51/2024/02/czbeobvvp88pm0njnj.png","size":6725,"type":0,"uuid":"58b53ffbba672e61227fc63774e98125"},{"convert_status":"success","created_at":"2024-02-28 10:15:20","duration":0,"ext":"docx","ext_type":"file","file":"新建 DOCX 文档","first_frame":"","path":"http://static.boweiedu.test/resource/static/8d07d55f51/2024/02/czgclwdqwy9hw8p9ai.docx","size":0,"type":1,"uuid":"7a02d9af8b1a1e3aa93e95c45114f2ff"}],"pagination":{"size":10,"total":520,"pages":52,"page":1}},"timestamp":1717755032,"req_id":"7b7fcae619b1d61738aa266e64126335"} 
[2024-06-07 18:10:32] [INFO] [test_resource_manage_api.py]/[line: 36]/[test_get_resource_lists] 验证的结果为：True 
[2024-06-07 18:10:32] [INFO] [BaseApi.py]/[line: 82]/[send] 发起的请求地址为===========>http://api.boweiedu.test/backend/resource/list 
[2024-06-07 18:10:32] [INFO] [BaseApi.py]/[line: 84]/[send] 接口的响应信息为<==========={"code":0,"msg":"success","data":{"list":[{"convert_status":"success","created_at":"2024-02-20 11:25:35","duration":0,"ext":"png","ext_type":"image","file":"微信截图_20240220102212","first_frame":"","path":"http://static.boweiedu.test/resource/static/8d07d55f51/2024/02/cz9l3c5iljspvizdko.png","size":30124,"type":0,"uuid":"70445e2d4ddcb5cb1d4cddefeae293e9"},{"convert_status":"success","created_at":"2024-02-20 11:45:51","duration":0,"ext":"png","ext_type":"image","file":"微信截图_2024022010221211","first_frame":"","path":"http://static.boweiedu.test/resource/static/8d07d55f51/2024/02/cz9liud687yevkz36h.png","size":30124,"type":1,"uuid":"9939d624703f6a7eeea38c217578dbd3"},{"convert_status":"success","created_at":"2024-02-22 10:23:23","duration":0,"ext":"png","ext_type":"image","file":"微信截图_20240222102019","first_frame":"","path":"http://static.boweiedu.test/resource/static/8d07d55f51/2024/02/czb90svx0le6ihml3h.png","size":34891,"type":3,"uuid":"bff1922365a8769214bf0d41f1c838df"},{"convert_status":"success","created_at":"2024-02-22 10:41:00","duration":0,"ext":"png","ext_type":"image","file":"微信截图_20240222101738","first_frame":"","path":"http://static.boweiedu.test/resource/static/8d07d55f51/2024/02/czb9eaczt3fjrbck2j.png","size":97067,"type":1,"uuid":"4019b72faf42662fc36065f21a9bf447"},{"convert_status":"success","created_at":"2024-02-22 10:41:00","duration":0,"ext":"png","ext_type":"image","file":"微信截图_20240222102019","first_frame":"","path":"http://static.boweiedu.test/resource/static/8d07d55f51/2024/02/czb9ead14ik9agnqgc.png","size":34891,"type":1,"uuid":"d9e44bbc426616c90a76764e4db57c3b"},{"convert_status":"success","created_at":"2024-02-22 10:41:00","duration":0,"ext":"png","ext_type":"image","file":"微信截图_20240222102515","first_frame":"","path":"http://static.boweiedu.test/resource/static/8d07d55f51/2024/02/czb9eadd2fbdmyau6d.png","size":151266,"type":1,"uuid":"64a2dcec6183934e2601ac9804944852"},{"convert_status":"success","created_at":"2024-02-22 10:41:00","duration":0,"ext":"png","ext_type":"image","file":"微信截图_20240222102229","first_frame":"","path":"http://static.boweiedu.test/resource/static/8d07d55f51/2024/02/czb9eadf6gm468zgfo.png","size":148614,"type":1,"uuid":"02ff38c812b717675a88fcc4814d6e34"},{"convert_status":"success","created_at":"2024-02-22 14:49:06","duration":0,"ext":"png","ext_type":"image","file":"微信截图_20240222144858","first_frame":"","path":"http://static.boweiedu.test/resource/static/8d07d55f51/2024/02/czbeo8pumy0md8kvmz.png","size":6725,"type":0,"uuid":"610c901641e315bfc1454bbe04cdea93"},{"convert_status":"success","created_at":"2024-02-22 14:49:13","duration":0,"ext":"png","ext_type":"image","file":"微信截图_20240222144858","first_frame":"","path":"http://static.boweiedu.test/resource/static/8d07d55f51/2024/02/czbeobvvp88pm0njnj.png","size":6725,"type":0,"uuid":"58b53ffbba672e61227fc63774e98125"},{"convert_status":"success","created_at":"2024-02-28 10:15:20","duration":0,"ext":"docx","ext_type":"file","file":"新建 DOCX 文档","first_frame":"","path":"http://static.boweiedu.test/resource/static/8d07d55f51/2024/02/czgclwdqwy9hw8p9ai.docx","size":0,"type":1,"uuid":"7a02d9af8b1a1e3aa93e95c45114f2ff"}],"pagination":{"size":10,"total":520,"pages":52,"page":1}},"timestamp":1717755032,"req_id":"7deecae919b1d61739aa266e812b8c16"} 
[2024-06-07 18:10:32] [INFO] [BaseApi.py]/[line: 82]/[send] 发起的请求地址为===========>http://api.boweiedu.test/backend/resource/list 
[2024-06-07 18:10:32] [INFO] [BaseApi.py]/[line: 84]/[send] 接口的响应信息为<==========={"code":0,"msg":"success","data":{"list":[{"convert_status":"success","created_at":"2024-02-20 11:25:35","duration":0,"ext":"png","ext_type":"image","file":"微信截图_20240220102212","first_frame":"","path":"http://static.boweiedu.test/resource/static/8d07d55f51/2024/02/cz9l3c5iljspvizdko.png","size":30124,"type":0,"uuid":"70445e2d4ddcb5cb1d4cddefeae293e9"},{"convert_status":"success","created_at":"2024-02-20 11:45:51","duration":0,"ext":"png","ext_type":"image","file":"微信截图_2024022010221211","first_frame":"","path":"http://static.boweiedu.test/resource/static/8d07d55f51/2024/02/cz9liud687yevkz36h.png","size":30124,"type":1,"uuid":"9939d624703f6a7eeea38c217578dbd3"},{"convert_status":"success","created_at":"2024-02-22 10:23:23","duration":0,"ext":"png","ext_type":"image","file":"微信截图_20240222102019","first_frame":"","path":"http://static.boweiedu.test/resource/static/8d07d55f51/2024/02/czb90svx0le6ihml3h.png","size":34891,"type":3,"uuid":"bff1922365a8769214bf0d41f1c838df"},{"convert_status":"success","created_at":"2024-02-22 10:41:00","duration":0,"ext":"png","ext_type":"image","file":"微信截图_20240222101738","first_frame":"","path":"http://static.boweiedu.test/resource/static/8d07d55f51/2024/02/czb9eaczt3fjrbck2j.png","size":97067,"type":1,"uuid":"4019b72faf42662fc36065f21a9bf447"},{"convert_status":"success","created_at":"2024-02-22 10:41:00","duration":0,"ext":"png","ext_type":"image","file":"微信截图_20240222102019","first_frame":"","path":"http://static.boweiedu.test/resource/static/8d07d55f51/2024/02/czb9ead14ik9agnqgc.png","size":34891,"type":1,"uuid":"d9e44bbc426616c90a76764e4db57c3b"},{"convert_status":"success","created_at":"2024-02-22 10:41:00","duration":0,"ext":"png","ext_type":"image","file":"微信截图_20240222102515","first_frame":"","path":"http://static.boweiedu.test/resource/static/8d07d55f51/2024/02/czb9eadd2fbdmyau6d.png","size":151266,"type":1,"uuid":"64a2dcec6183934e2601ac9804944852"},{"convert_status":"success","created_at":"2024-02-22 10:41:00","duration":0,"ext":"png","ext_type":"image","file":"微信截图_20240222102229","first_frame":"","path":"http://static.boweiedu.test/resource/static/8d07d55f51/2024/02/czb9eadf6gm468zgfo.png","size":148614,"type":1,"uuid":"02ff38c812b717675a88fcc4814d6e34"},{"convert_status":"success","created_at":"2024-02-22 14:49:06","duration":0,"ext":"png","ext_type":"image","file":"微信截图_20240222144858","first_frame":"","path":"http://static.boweiedu.test/resource/static/8d07d55f51/2024/02/czbeo8pumy0md8kvmz.png","size":6725,"type":0,"uuid":"610c901641e315bfc1454bbe04cdea93"},{"convert_status":"success","created_at":"2024-02-22 14:49:13","duration":0,"ext":"png","ext_type":"image","file":"微信截图_20240222144858","first_frame":"","path":"http://static.boweiedu.test/resource/static/8d07d55f51/2024/02/czbeobvvp88pm0njnj.png","size":6725,"type":0,"uuid":"58b53ffbba672e61227fc63774e98125"},{"convert_status":"success","created_at":"2024-02-28 10:15:20","duration":0,"ext":"docx","ext_type":"file","file":"新建 DOCX 文档","first_frame":"","path":"http://static.boweiedu.test/resource/static/8d07d55f51/2024/02/czgclwdqwy9hw8p9ai.docx","size":0,"type":1,"uuid":"7a02d9af8b1a1e3aa93e95c45114f2ff"}],"pagination":{"size":10,"total":520,"pages":52,"page":1}},"timestamp":1717755032,"req_id":"525c16ec19b1d6173aaa266eb3c88233"} 
[2024-06-07 18:10:32] [INFO] [test_resource_manage_api.py]/[line: 50]/[test_get_resource_list] 验证的结果为：True 
[2024-06-07 18:10:32] [INFO] [BaseApi.py]/[line: 82]/[send] 发起的请求地址为===========>http://api.boweiedu.test/backend/course/add 
[2024-06-07 18:10:32] [INFO] [BaseApi.py]/[line: 84]/[send] 接口的响应信息为<==========={"code":0,"msg":"success","data":{"uuid":"25b859769974fcb7fd2a5ec3cbf63c61"},"timestamp":1717755032,"req_id":"e94f3af019b1d6173caa266eee816742"} 
[2024-06-07 18:10:32] [INFO] [jsonpath_utils.py]/[line: 11]/[get] 通过jsonpath获取到的数据为['25b859769974fcb7fd2a5ec3cbf63c61'] 
[2024-06-07 18:10:32] [INFO] [BaseApi.py]/[line: 82]/[send] 发起的请求地址为===========>http://api.boweiedu.test/backend/chapter/add 
[2024-06-07 18:10:32] [INFO] [BaseApi.py]/[line: 84]/[send] 接口的响应信息为<==========={"code":0,"msg":"success","data":{"uuid":"2044318aa1490a0eb1599513738dd594"},"timestamp":1717755032,"req_id":"7505b7f119b1d6173daa266ef5834a7f"} 
[2024-06-07 18:10:32] [INFO] [jsonpath_utils.py]/[line: 11]/[get] 通过jsonpath获取到的数据为['2044318aa1490a0eb1599513738dd594'] 
[2024-06-07 18:10:32] [INFO] [BaseApi.py]/[line: 82]/[send] 发起的请求地址为===========>http://api.boweiedu.test/backend/lesson/add 
[2024-06-07 18:10:32] [INFO] [BaseApi.py]/[line: 84]/[send] 接口的响应信息为<==========={"code":0,"msg":"success","data":{"uuid":"1c7be27b0493f5b8aca665461d9e60d5"},"timestamp":1717755032,"req_id":"f90176f319b1d6173eaa266ecd7d8d8f"} 
[2024-06-07 18:10:32] [INFO] [jsonpath_utils.py]/[line: 11]/[get] 通过jsonpath获取到的数据为['1c7be27b0493f5b8aca665461d9e60d5'] 
[2024-06-07 18:10:32] [INFO] [BaseApi.py]/[line: 82]/[send] 发起的请求地址为===========>http://api.boweiedu.test/comm/upload 
[2024-06-07 18:10:32] [INFO] [BaseApi.py]/[line: 84]/[send] 接口的响应信息为<==========={"code":0,"msg":"success","data":{"uuid":"f40486c3b7e2768f149700af848e2032","filepath":"http://static.boweiedu.test/resource/static/0000000000/2024/06/d1tpc85iyn3bo8fwlc.jpeg","url":"http://static.boweiedu.test/resource/static/0000000000/2024/06/d1tpc85iyn3bo8fwlc.jpeg"},"timestamp":1717755033,"req_id":"43f6dbf819b1d6173faa266e31f42c08"} 
[2024-06-07 18:10:32] [INFO] [jsonpath_utils.py]/[line: 11]/[get] 通过jsonpath获取到的数据为['f40486c3b7e2768f149700af848e2032'] 
[2024-06-07 18:10:32] [INFO] [BaseApi.py]/[line: 82]/[send] 发起的请求地址为===========>http://api.boweiedu.test/backend/resource/bind 
[2024-06-07 18:10:32] [INFO] [BaseApi.py]/[line: 84]/[send] 接口的响应信息为<==========={"code":0,"msg":"success","data":[],"timestamp":1717755033,"req_id":"5f3f75fa19b1d61740aa266e46181d56"} 
[2024-06-07 18:10:32] [INFO] [BaseApi.py]/[line: 82]/[send] 发起的请求地址为===========>http://api.boweiedu.test/backend/course/delete 
[2024-06-07 18:10:33] [INFO] [BaseApi.py]/[line: 84]/[send] 接口的响应信息为<==========={"code":0,"msg":"success","data":[],"timestamp":1717755033,"req_id":"0fb2fefc19b1d61741aa266e9fa37124"} 
[2024-06-07 18:10:33] [INFO] [jsonpath_utils.py]/[line: 11]/[get] 通过jsonpath获取到的数据为[0] 
[2024-06-07 18:10:33] [INFO] [BaseApi.py]/[line: 82]/[send] 发起的请求地址为===========>http://api.boweiedu.test/backend/course/add 
[2024-06-07 18:10:33] [INFO] [BaseApi.py]/[line: 84]/[send] 接口的响应信息为<==========={"code":0,"msg":"success","data":{"uuid":"5a6b0cf977fdcf4d6d237f7b58819d6d"},"timestamp":1717755033,"req_id":"8cfe1f011ab1d61744aa266e276d8269"} 
[2024-06-07 18:10:33] [INFO] [jsonpath_utils.py]/[line: 11]/[get] 通过jsonpath获取到的数据为['5a6b0cf977fdcf4d6d237f7b58819d6d'] 
[2024-06-07 18:10:33] [INFO] [BaseApi.py]/[line: 82]/[send] 发起的请求地址为===========>http://api.boweiedu.test/backend/chapter/add 
[2024-06-07 18:10:33] [INFO] [BaseApi.py]/[line: 84]/[send] 接口的响应信息为<==========={"code":0,"msg":"success","data":{"uuid":"e52ca4b8a6e35d2581e16517ea80ecee"},"timestamp":1717755033,"req_id":"46b97f021ab1d61745aa266edc289a7c"} 
[2024-06-07 18:10:33] [INFO] [jsonpath_utils.py]/[line: 11]/[get] 通过jsonpath获取到的数据为['e52ca4b8a6e35d2581e16517ea80ecee'] 
[2024-06-07 18:10:33] [INFO] [BaseApi.py]/[line: 82]/[send] 发起的请求地址为===========>http://api.boweiedu.test/backend/lesson/add 
[2024-06-07 18:10:33] [INFO] [BaseApi.py]/[line: 84]/[send] 接口的响应信息为<==========={"code":0,"msg":"success","data":{"uuid":"83ec22f39618f8fba17f68b75da0b803"},"timestamp":1717755033,"req_id":"87e8c8031ab1d61746aa266e522b290a"} 
[2024-06-07 18:10:33] [INFO] [jsonpath_utils.py]/[line: 11]/[get] 通过jsonpath获取到的数据为['83ec22f39618f8fba17f68b75da0b803'] 
[2024-06-07 18:10:33] [INFO] [BaseApi.py]/[line: 82]/[send] 发起的请求地址为===========>http://api.boweiedu.test/comm/upload 
[2024-06-07 18:10:33] [INFO] [BaseApi.py]/[line: 84]/[send] 接口的响应信息为<==========={"code":0,"msg":"success","data":{"uuid":"e1da0e4d35306fc4cb525390c1c5f845","filepath":"http://static.boweiedu.test/resource/static/0000000000/2024/06/d1tpc89pthecqctlhs.jpeg","url":"http://static.boweiedu.test/resource/static/0000000000/2024/06/d1tpc89pthecqctlhs.jpeg"},"timestamp":1717755033,"req_id":"5e6ad9071ab1d61747aa266e74c77d8f"} 
[2024-06-07 18:10:33] [INFO] [jsonpath_utils.py]/[line: 11]/[get] 通过jsonpath获取到的数据为['e1da0e4d35306fc4cb525390c1c5f845'] 
[2024-06-07 18:10:33] [INFO] [BaseApi.py]/[line: 82]/[send] 发起的请求地址为===========>http://api.boweiedu.test/backend/resource/bind 
[2024-06-07 18:10:33] [INFO] [BaseApi.py]/[line: 84]/[send] 接口的响应信息为<==========={"code":0,"msg":"success","data":[],"timestamp":1717755033,"req_id":"a3bb50091ab1d61748aa266e0950313d"} 
[2024-06-07 18:10:33] [INFO] [BaseApi.py]/[line: 82]/[send] 发起的请求地址为===========>http://api.boweiedu.test/backend/resource/unbind 
[2024-06-07 18:10:33] [INFO] [BaseApi.py]/[line: 84]/[send] 接口的响应信息为<==========={"code":0,"msg":"success","data":[],"timestamp":1717755033,"req_id":"acd8d10a1ab1d61749aa266e0ef57198"} 
[2024-06-07 18:10:33] [INFO] [BaseApi.py]/[line: 82]/[send] 发起的请求地址为===========>http://api.boweiedu.test/backend/course/delete 
[2024-06-07 18:10:33] [INFO] [BaseApi.py]/[line: 84]/[send] 接口的响应信息为<==========={"code":0,"msg":"success","data":[],"timestamp":1717755033,"req_id":"b539420c1ab1d6174aaa266e3e0ab0cc"} 
[2024-06-07 18:10:33] [INFO] [jsonpath_utils.py]/[line: 11]/[get] 通过jsonpath获取到的数据为[0] 
[2024-06-07 18:10:33] [INFO] [BaseApi.py]/[line: 82]/[send] 发起的请求地址为===========>http://api.boweiedu.test/backend/course/add 
[2024-06-07 18:10:33] [INFO] [BaseApi.py]/[line: 84]/[send] 接口的响应信息为<==========={"code":0,"msg":"success","data":{"uuid":"b91731f96e409c687608bc9a0242f142"},"timestamp":1717755033,"req_id":"c67685111ab1d6174daa266e6872a86a"} 
[2024-06-07 18:10:33] [INFO] [jsonpath_utils.py]/[line: 11]/[get] 通过jsonpath获取到的数据为['b91731f96e409c687608bc9a0242f142'] 
[2024-06-07 18:10:33] [INFO] [BaseApi.py]/[line: 82]/[send] 发起的请求地址为===========>http://api.boweiedu.test/backend/chapter/add 
[2024-06-07 18:10:33] [INFO] [BaseApi.py]/[line: 84]/[send] 接口的响应信息为<==========={"code":0,"msg":"success","data":{"uuid":"24edc7efb8f9db8d816f910358017636"},"timestamp":1717755033,"req_id":"df4cd0121ab1d6174eaa266e26e41d66"} 
[2024-06-07 18:10:33] [INFO] [jsonpath_utils.py]/[line: 11]/[get] 通过jsonpath获取到的数据为['24edc7efb8f9db8d816f910358017636'] 
[2024-06-07 18:10:33] [INFO] [BaseApi.py]/[line: 82]/[send] 发起的请求地址为===========>http://api.boweiedu.test/backend/lesson/add 
[2024-06-07 18:10:33] [INFO] [BaseApi.py]/[line: 84]/[send] 接口的响应信息为<==========={"code":0,"msg":"success","data":{"uuid":"7b2070ef54c3ad0930adfa4e45048356"},"timestamp":1717755033,"req_id":"2c3409141ab1d6174faa266eed85ee34"} 
[2024-06-07 18:10:33] [INFO] [jsonpath_utils.py]/[line: 11]/[get] 通过jsonpath获取到的数据为['7b2070ef54c3ad0930adfa4e45048356'] 
[2024-06-07 18:10:33] [INFO] [BaseApi.py]/[line: 82]/[send] 发起的请求地址为===========>http://api.boweiedu.test/comm/upload 
[2024-06-07 18:10:33] [INFO] [BaseApi.py]/[line: 84]/[send] 接口的响应信息为<==========={"code":0,"msg":"success","data":{"uuid":"066902c2ee48b5a9ecba4f1ec8ff6478","filepath":"http://static.boweiedu.test/resource/static/0000000000/2024/06/d1tpc8ek0uasjmnns6.jpeg","url":"http://static.boweiedu.test/resource/static/0000000000/2024/06/d1tpc8ek0uasjmnns6.jpeg"},"timestamp":1717755033,"req_id":"6c617a191ab1d61750aa266e3832a4bc"} 
[2024-06-07 18:10:33] [INFO] [jsonpath_utils.py]/[line: 11]/[get] 通过jsonpath获取到的数据为['066902c2ee48b5a9ecba4f1ec8ff6478'] 
[2024-06-07 18:10:33] [INFO] [BaseApi.py]/[line: 82]/[send] 发起的请求地址为===========>http://api.boweiedu.test/backend/resource/bind 
[2024-06-07 18:10:33] [INFO] [BaseApi.py]/[line: 84]/[send] 接口的响应信息为<==========={"code":0,"msg":"success","data":[],"timestamp":1717755033,"req_id":"82f4de1a1ab1d61751aa266e47548dac"} 
[2024-06-07 18:10:33] [INFO] [BaseApi.py]/[line: 82]/[send] 发起的请求地址为===========>http://api.boweiedu.test/backend/resource/edit 
[2024-06-07 18:10:33] [INFO] [BaseApi.py]/[line: 84]/[send] 接口的响应信息为<==========={"code":0,"msg":"success","data":[],"timestamp":1717755033,"req_id":"56074b1c1ab1d61752aa266e3fef2124"} 
[2024-06-07 18:10:33] [INFO] [BaseApi.py]/[line: 82]/[send] 发起的请求地址为===========>http://api.boweiedu.test/backend/course/delete 
[2024-06-07 18:10:33] [INFO] [BaseApi.py]/[line: 84]/[send] 接口的响应信息为<==========={"code":0,"msg":"success","data":[],"timestamp":1717755033,"req_id":"38cb3b1d1ab1d61753aa266e18bba6b8"} 
[2024-06-07 18:10:33] [INFO] [jsonpath_utils.py]/[line: 11]/[get] 通过jsonpath获取到的数据为[0] 
[2024-06-07 18:10:33] [INFO] [BaseApi.py]/[line: 82]/[send] 发起的请求地址为===========>http://api.boweiedu.test/backend/course/add 
[2024-06-07 18:10:33] [INFO] [BaseApi.py]/[line: 84]/[send] 接口的响应信息为<==========={"code":0,"msg":"success","data":{"uuid":"b52e68e9f995dff13e1db491a957168c"},"timestamp":1717755033,"req_id":"4b11bc201ab1d61756aa266eff2df77d"} 
[2024-06-07 18:10:33] [INFO] [jsonpath_utils.py]/[line: 11]/[get] 通过jsonpath获取到的数据为['b52e68e9f995dff13e1db491a957168c'] 
[2024-06-07 18:10:33] [INFO] [BaseApi.py]/[line: 82]/[send] 发起的请求地址为===========>http://api.boweiedu.test/backend/chapter/add 
[2024-06-07 18:10:33] [INFO] [BaseApi.py]/[line: 84]/[send] 接口的响应信息为<==========={"code":0,"msg":"success","data":{"uuid":"b9a54fb494c2dcc210667242807c3a0e"},"timestamp":1717755033,"req_id":"857de7211ab1d61757aa266e5d507571"} 
[2024-06-07 18:10:33] [INFO] [jsonpath_utils.py]/[line: 11]/[get] 通过jsonpath获取到的数据为['b9a54fb494c2dcc210667242807c3a0e'] 
[2024-06-07 18:10:33] [INFO] [BaseApi.py]/[line: 82]/[send] 发起的请求地址为===========>http://api.boweiedu.test/backend/lesson/add 
[2024-06-07 18:10:33] [INFO] [BaseApi.py]/[line: 84]/[send] 接口的响应信息为<==========={"code":0,"msg":"success","data":{"uuid":"5c8c3ae5170469b48cb11e4773bd38cc"},"timestamp":1717755033,"req_id":"726121231ab1d61758aa266e5730b9b6"} 
[2024-06-07 18:10:33] [INFO] [jsonpath_utils.py]/[line: 11]/[get] 通过jsonpath获取到的数据为['5c8c3ae5170469b48cb11e4773bd38cc'] 
[2024-06-07 18:10:33] [INFO] [BaseApi.py]/[line: 82]/[send] 发起的请求地址为===========>http://api.boweiedu.test/comm/upload 
[2024-06-07 18:10:33] [INFO] [BaseApi.py]/[line: 84]/[send] 接口的响应信息为<==========={"code":0,"msg":"success","data":{"uuid":"22d6df5f91279852bf1bc105b734eefa","filepath":"http://static.boweiedu.test/resource/static/0000000000/2024/06/d1tpc8ieioebyvwpjx.jpeg","url":"http://static.boweiedu.test/resource/static/0000000000/2024/06/d1tpc8ieioebyvwpjx.jpeg"},"timestamp":1717755033,"req_id":"7e524d271ab1d61759aa266ea634c8d6"} 
[2024-06-07 18:10:33] [INFO] [jsonpath_utils.py]/[line: 11]/[get] 通过jsonpath获取到的数据为['22d6df5f91279852bf1bc105b734eefa'] 
[2024-06-07 18:10:33] [INFO] [BaseApi.py]/[line: 82]/[send] 发起的请求地址为===========>http://api.boweiedu.test/backend/resource/bind 
[2024-06-07 18:10:33] [INFO] [BaseApi.py]/[line: 84]/[send] 接口的响应信息为<==========={"code":0,"msg":"success","data":[],"timestamp":1717755033,"req_id":"b56579281ab1d6175aaa266e380b4937"} 
[2024-06-07 18:10:33] [INFO] [BaseApi.py]/[line: 82]/[send] 发起的请求地址为===========>http://api.boweiedu.test/backend/resource/unbind 
[2024-06-07 18:10:33] [INFO] [BaseApi.py]/[line: 84]/[send] 接口的响应信息为<==========={"code":0,"msg":"success","data":[],"timestamp":1717755033,"req_id":"2060e0291ab1d6175baa266ef01e6dad"} 
[2024-06-07 18:10:33] [INFO] [BaseApi.py]/[line: 82]/[send] 发起的请求地址为===========>http://api.boweiedu.test/backend/resource/delete 
[2024-06-07 18:10:33] [INFO] [BaseApi.py]/[line: 84]/[send] 接口的响应信息为<==========={"code":0,"msg":"success","data":[],"timestamp":1717755033,"req_id":"1df0e42b1ab1d6175caa266e293f422e"} 
[2024-06-07 18:10:33] [INFO] [BaseApi.py]/[line: 82]/[send] 发起的请求地址为===========>http://api.boweiedu.test/backend/course/delete 
[2024-06-07 18:10:33] [INFO] [BaseApi.py]/[line: 84]/[send] 接口的响应信息为<==========={"code":0,"msg":"success","data":[],"timestamp":1717755033,"req_id":"6cfcf42c1ab1d6175daa266eec1b09b4"} 
[2024-06-07 18:10:33] [INFO] [jsonpath_utils.py]/[line: 11]/[get] 通过jsonpath获取到的数据为[0] 
[2024-06-07 18:10:33] [INFO] [BaseApi.py]/[line: 82]/[send] 发起的请求地址为===========>http://api.boweiedu.test/backend/course/add 
[2024-06-07 18:10:33] [INFO] [BaseApi.py]/[line: 84]/[send] 接口的响应信息为<==========={"code":0,"msg":"success","data":{"uuid":"de6c59bce014a3abe270edcb716dcb0b"},"timestamp":1717755033,"req_id":"aabf7b301ab1d61760aa266eb5eb68d7"} 
[2024-06-07 18:10:33] [INFO] [jsonpath_utils.py]/[line: 11]/[get] 通过jsonpath获取到的数据为['de6c59bce014a3abe270edcb716dcb0b'] 
[2024-06-07 18:10:33] [INFO] [BaseApi.py]/[line: 82]/[send] 发起的请求地址为===========>http://api.boweiedu.test/backend/chapter/add 
[2024-06-07 18:10:33] [INFO] [BaseApi.py]/[line: 84]/[send] 接口的响应信息为<==========={"code":0,"msg":"success","data":{"uuid":"7b7331a2f3226a40a3ef3d86018c49df"},"timestamp":1717755033,"req_id":"2844c6311ab1d61761aa266ea75f2c2d"} 
[2024-06-07 18:10:33] [INFO] [jsonpath_utils.py]/[line: 11]/[get] 通过jsonpath获取到的数据为['7b7331a2f3226a40a3ef3d86018c49df'] 
[2024-06-07 18:10:33] [INFO] [BaseApi.py]/[line: 82]/[send] 发起的请求地址为===========>http://api.boweiedu.test/backend/lesson/add 
[2024-06-07 18:10:33] [INFO] [BaseApi.py]/[line: 84]/[send] 接口的响应信息为<==========={"code":0,"msg":"success","data":{"uuid":"19cabd84e961a0110ade6b5cc4c60426"},"timestamp":1717755033,"req_id":"b55d24331ab1d61762aa266e8f2a2795"} 
[2024-06-07 18:10:33] [INFO] [jsonpath_utils.py]/[line: 11]/[get] 通过jsonpath获取到的数据为['19cabd84e961a0110ade6b5cc4c60426'] 
[2024-06-07 18:10:33] [INFO] [BaseApi.py]/[line: 82]/[send] 发起的请求地址为===========>http://api.boweiedu.test/comm/upload 
[2024-06-07 18:10:34] [INFO] [BaseApi.py]/[line: 84]/[send] 接口的响应信息为<==========={"code":0,"msg":"success","data":{"uuid":"bb405dd0edcce684a112a3e2ba9fd2d1","filepath":"http://static.boweiedu.test/resource/static/0000000000/2024/06/d1tpc8myuq1rdlffrd.jpeg","url":"http://static.boweiedu.test/resource/static/0000000000/2024/06/d1tpc8myuq1rdlffrd.jpeg"},"timestamp":1717755034,"req_id":"e637c3371ab1d61763aa266e7dd26ab4"} 
[2024-06-07 18:10:34] [INFO] [jsonpath_utils.py]/[line: 11]/[get] 通过jsonpath获取到的数据为['bb405dd0edcce684a112a3e2ba9fd2d1'] 
[2024-06-07 18:10:34] [INFO] [BaseApi.py]/[line: 82]/[send] 发起的请求地址为===========>http://api.boweiedu.test/backend/resource/bind 
[2024-06-07 18:10:34] [INFO] [BaseApi.py]/[line: 84]/[send] 接口的响应信息为<==========={"code":0,"msg":"success","data":[],"timestamp":1717755034,"req_id":"e887de381ab1d61764aa266eb856ebac"} 
[2024-06-07 18:10:34] [INFO] [BaseApi.py]/[line: 82]/[send] 发起的请求地址为===========>http://api.boweiedu.test/comm/upload 
[2024-06-07 18:10:34] [INFO] [BaseApi.py]/[line: 84]/[send] 接口的响应信息为<==========={"code":0,"msg":"success","data":{"uuid":"b3ace04e3d8496f6654a52e77105245f","filepath":"http://static.boweiedu.test/resource/static/0000000000/2024/06/d1tpc8ohzsftkknrqo.jpeg","url":"http://static.boweiedu.test/resource/static/0000000000/2024/06/d1tpc8ohzsftkknrqo.jpeg"},"timestamp":1717755034,"req_id":"7ddc2f3d1ab1d61765aa266e54f00477"} 
[2024-06-07 18:10:34] [INFO] [jsonpath_utils.py]/[line: 11]/[get] 通过jsonpath获取到的数据为['b3ace04e3d8496f6654a52e77105245f'] 
[2024-06-07 18:10:34] [INFO] [BaseApi.py]/[line: 82]/[send] 发起的请求地址为===========>http://api.boweiedu.test/backend/resource/bind 
[2024-06-07 18:10:34] [INFO] [BaseApi.py]/[line: 84]/[send] 接口的响应信息为<==========={"code":0,"msg":"success","data":[],"timestamp":1717755034,"req_id":"7210753e1ab1d61766aa266eab563478"} 
[2024-06-07 18:10:34] [INFO] [BaseApi.py]/[line: 82]/[send] 发起的请求地址为===========>http://api.boweiedu.test/backend/course/detail 
[2024-06-07 18:10:34] [INFO] [BaseApi.py]/[line: 84]/[send] 接口的响应信息为<==========={"code":0,"msg":"success","data":{"uuid":"de6c59bce014a3abe270edcb716dcb0b","static_domain":"","course_name":"测试课程资源","start_time":0,"end_time":0,"created_at":"2024-06-07 18:10:33","view":0,"publish":"publish","gradeInfo":null,"about":"测试课程资源描述","is_own":1,"group_introduce":"","chapters":[{"chapter_uuid":"7b7331a2f3226a40a3ef3d86018c49df","number":1,"title":"测试章节资源名称","courseLessons":[{"uuid":"19cabd84e961a0110ade6b5cc4c60426","lesson_name":"测试课时资源名称","start_time":0,"end_time":0,"created_at":"2024-06-07 18:10:33","number":1,"view":10,"show_publish":1,"public":0,"class":0,"pull_urls":null,"learning_duration":0,"classroom_uuid":"","classroom_name":"","status":2,"resource":[{"uuid":"bb405dd0edcce684a112a3e2ba9fd2d1","org_id":0,"file":"dog","filepath":"http://static.boweiedu.test/resource/static/0000000000/2024/06/d1tpc8myuq1rdlffrd.jpeg","created_at":"2024-06-07 18:10:34","url":"http://static.boweiedu.test/resource/static/0000000000/2024/06/d1tpc8myuq1rdlffrd.jpeg","type":0,"duration":0,"ext":"jpeg","first_frame":"","ext_type":"image","definition":null,"convert_status":"success","belong_id":1327,"number":1},{"uuid":"b3ace04e3d8496f6654a52e77105245f","org_id":0,"file":"dog","filepath":"http://static.boweiedu.test/resource/static/0000000000/2024/06/d1tpc8ohzsftkknrqo.jpeg","created_at":"2024-06-07 18:10:34","url":"http://static.boweiedu.test/resource/static/0000000000/2024/06/d1tpc8ohzsftkknrqo.jpeg","type":0,"duration":0,"ext":"jpeg","first_frame":"","ext_type":"image","definition":null,"convert_status":"success","belong_id":1328,"number":2}]}]}],"teacher":{"user_uuid":"b101653d0371eb9206445dc5dc6aa467","nick_name":"常老师","avatar":"","real_name":"常老师","desc":""},"groups":null,"password":""},"timestamp":1717755034,"req_id":"8506a5401ab1d61767aa266e0f80cefc"} 
[2024-06-07 18:10:34] [INFO] [jsonpath_utils.py]/[line: 11]/[get] 通过jsonpath获取到的数据为[1327] 
[2024-06-07 18:10:34] [INFO] [BaseApi.py]/[line: 82]/[send] 发起的请求地址为===========>http://api.boweiedu.test/backend/resource/sort 
[2024-06-07 18:10:34] [INFO] [BaseApi.py]/[line: 84]/[send] 接口的响应信息为<==========={"code":0,"msg":"success","data":[],"timestamp":1717755034,"req_id":"217197441ab1d61768aa266ea34aad80"} 
[2024-06-07 18:10:34] [INFO] [BaseApi.py]/[line: 82]/[send] 发起的请求地址为===========>http://api.boweiedu.test/backend/course/delete 
[2024-06-07 18:10:34] [INFO] [BaseApi.py]/[line: 84]/[send] 接口的响应信息为<==========={"code":0,"msg":"success","data":[],"timestamp":1717755034,"req_id":"18b808461ab1d61769aa266e30fa9ad4"} 
[2024-06-07 18:10:34] [INFO] [jsonpath_utils.py]/[line: 11]/[get] 通过jsonpath获取到的数据为[0] 
