[2024-07-14 09:50:44] [INFO] [BaseApi.py]/[line: 80]/[send] 发起的请求地址为===========>https://papi.boweiedu.com/backend/course/add 
[2024-07-14 09:50:44] [INFO] [BaseApi.py]/[line: 82]/[send] 接口的响应信息为<==========={"code":0,"msg":"success","data":{"uuid":"667f746e6fd1c5f004d3ffdf74ea7d0a"},"timestamp":1720921844,"req_id":"926acfca4cf1e1176cd357442e1433b4"} 
[2024-07-14 09:50:44] [INFO] [jsonpath_utils.py]/[line: 11]/[get] 通过jsonpath获取到的数据为['667f746e6fd1c5f004d3ffdf74ea7d0a'] 
[2024-07-14 09:50:44] [INFO] [BaseApi.py]/[line: 80]/[send] 发起的请求地址为===========>https://papi.boweiedu.com/backend/chapter/add 
[2024-07-14 09:50:44] [INFO] [BaseApi.py]/[line: 82]/[send] 接口的响应信息为<==========={"code":0,"msg":"success","data":{"uuid":"315003a29f12d369bab4b3213f78fcac"},"timestamp":1720921844,"req_id":"b74f17d04cf1e1176dd3574447f59289"} 
[2024-07-14 09:50:44] [INFO] [jsonpath_utils.py]/[line: 11]/[get] 通过jsonpath获取到的数据为[0] 
[2024-07-14 09:50:44] [INFO] [BaseApi.py]/[line: 80]/[send] 发起的请求地址为===========>https://papi.boweiedu.com/backend/course/delete 
[2024-07-14 09:50:44] [INFO] [BaseApi.py]/[line: 82]/[send] 接口的响应信息为<==========={"code":0,"msg":"success","data":[],"timestamp":1720921844,"req_id":"9b3c2ed74cf1e1176ed35744b2c285d2"} 
[2024-07-14 09:50:44] [INFO] [BaseApi.py]/[line: 80]/[send] 发起的请求地址为===========>https://papi.boweiedu.com/backend/course/add 
[2024-07-14 09:50:44] [INFO] [BaseApi.py]/[line: 82]/[send] 接口的响应信息为<==========={"code":0,"msg":"success","data":{"uuid":"074f69e89a62e962c91ee0669f6e6b91"},"timestamp":1720921845,"req_id":"a9df73e74cf1e11771d35744202b27ba"} 
[2024-07-14 09:50:44] [INFO] [jsonpath_utils.py]/[line: 11]/[get] 通过jsonpath获取到的数据为['074f69e89a62e962c91ee0669f6e6b91'] 
[2024-07-14 09:50:44] [INFO] [BaseApi.py]/[line: 80]/[send] 发起的请求地址为===========>https://papi.boweiedu.com/backend/chapter/add 
[2024-07-14 09:50:45] [INFO] [BaseApi.py]/[line: 82]/[send] 接口的响应信息为<==========={"code":0,"msg":"success","data":{"uuid":"68cf2031f3a1c61d22d4474b76c1d231"},"timestamp":1720921845,"req_id":"3a352eed4cf1e11772d357444a20007c"} 
[2024-07-14 09:50:45] [INFO] [jsonpath_utils.py]/[line: 11]/[get] 通过jsonpath获取到的数据为['68cf2031f3a1c61d22d4474b76c1d231'] 
[2024-07-14 09:50:45] [INFO] [BaseApi.py]/[line: 80]/[send] 发起的请求地址为===========>https://papi.boweiedu.com/backend/chapter/edit 
[2024-07-14 09:50:45] [INFO] [BaseApi.py]/[line: 82]/[send] 接口的响应信息为<==========={"code":0,"msg":"success","data":[],"timestamp":1720921845,"req_id":"c7c71bf34cf1e11773d35744310092d7"} 
[2024-07-14 09:50:45] [INFO] [jsonpath_utils.py]/[line: 11]/[get] 通过jsonpath获取到的数据为[0] 
[2024-07-14 09:50:45] [INFO] [BaseApi.py]/[line: 80]/[send] 发起的请求地址为===========>https://papi.boweiedu.com/backend/course/delete 
[2024-07-14 09:50:45] [INFO] [BaseApi.py]/[line: 82]/[send] 接口的响应信息为<==========={"code":0,"msg":"success","data":[],"timestamp":1720921845,"req_id":"af07b7f94cf1e11774d35744c1b6dacd"} 
[2024-07-14 09:50:45] [INFO] [BaseApi.py]/[line: 80]/[send] 发起的请求地址为===========>https://papi.boweiedu.com/backend/resource/list 
[2024-07-14 09:50:45] [INFO] [BaseApi.py]/[line: 82]/[send] 接口的响应信息为<==========={"code":0,"msg":"success","data":{"list":[{"convert_status":"success","created_at":"2023-12-20 18:38:17","duration":0,"ext":"jpg","ext_type":"image","file":"22","first_frame":"","path":"https://pstatic.boweiedu.com/resource/static/759a85a6fc/2023/12/cxt3gukyahx29wt3hj.jpg","size":70188,"type":0,"uuid":"1ffac4f57250436b40050520118e8042"},{"convert_status":"success","created_at":"2023-12-20 18:38:17","duration":0,"ext":"jpg","ext_type":"image","file":"23","first_frame":"","path":"https://pstatic.boweiedu.com/resource/static/759a85a6fc/2023/12/cxt3gul8i7lpik1jqo.jpg","size":27186,"type":0,"uuid":"e90049df2dc60b21e3cca81e309401b7"},{"convert_status":"success","created_at":"2023-12-20 18:38:17","duration":0,"ext":"jpg","ext_type":"image","file":"24","first_frame":"","path":"https://pstatic.boweiedu.com/resource/static/759a85a6fc/2023/12/cxt3gulih5b3rzttsm.jpg","size":106240,"type":0,"uuid":"e590fc2d4e7156ed2a9b3ec87a098639"},{"convert_status":"success","created_at":"2023-12-20 18:40:51","duration":1752,"ext":"m3u8","ext_type":"video","file":"直播回放1220_191122","first_frame":"","path":"https://vodobs.boweiedu.com/6cbce17evodcq1500022954/960b1a253270835013921956367/playlist_eof.m3u8","size":408349335,"type":6,"uuid":"558f2307ce99796522fb970969578c7e"},{"convert_status":"success","created_at":"2023-12-20 19:14:42","duration":29,"ext":"m3u8","ext_type":"video","file":"直播回放1220_191609","first_frame":"","path":"https://vodobs.boweiedu.com/6cbce17evodcq1500022954/881f4a583270835013921368024/playlist_eof.m3u8","size":3908384,"type":6,"uuid":"f4812c11448590b759b69e6e77a8c50b"},{"convert_status":"success","created_at":"2023-12-20 19:16:41","duration":1749,"ext":"m3u8","ext_type":"video","file":"直播回放1220_194650","first_frame":"","path":"https://vodobs.boweiedu.com/6cbce17evodcq1500022954/25e7b8f63270835013502158291/playlist_eof.m3u8","size":388912846,"type":6,"uuid":"58dd867a37aeb4d5138f67a00c397526"},{"convert_status":"success","created_at":"2023-12-20 20:20:39","duration":0,"ext":"jpg","ext_type":"image","file":"18","first_frame":"","path":"https://pstatic.boweiedu.com/resource/static/759a85a6fc/2023/12/cxt5n8aetaemtni9cs.jpg","size":41674,"type":0,"uuid":"091dd7f2e3c6230a85d1b534299dedfc"},{"convert_status":"success","created_at":"2023-12-20 20:20:44","duration":0,"ext":"jpg","ext_type":"image","file":"20","first_frame":"","path":"https://pstatic.boweiedu.com/resource/static/759a85a6fc/2023/12/cxt5nas6lcjxylekqn.jpg","size":53946,"type":0,"uuid":"ba72375f2bd0105658b9ae41a145149e"},{"convert_status":"success","created_at":"2023-12-20 20:20:44","duration":0,"ext":"jpg","ext_type":"image","file":"23","first_frame":"","path":"https://pstatic.boweiedu.com/resource/static/759a85a6fc/2023/12/cxt5nas9wclxbuc5cp.jpg","size":27186,"type":0,"uuid":"76ca48ffc09779df8c873f7d9f2e082c"},{"convert_status":"success","created_at":"2023-12-20 20:20:44","duration":0,"ext":"jpg","ext_type":"image","file":"21","first_frame":"","path":"https://pstatic.boweiedu.com/resource/static/759a85a6fc/2023/12/cxt5nasgtz9dvxoef6.jpg","size":99678,"type":0,"uuid":"2de2e612c3397cd9ec640cf659be75c5"}],"pagination":{"size":10,"total":801,"pages":81,"page":1}},"timestamp":1720921845,"req_id":"829ea3ff4cf1e11776d35744ca5b87f1"} 
[2024-07-14 09:50:45] [INFO] [BaseApi.py]/[line: 80]/[send] 发起的请求地址为===========>https://papi.boweiedu.com/backend/resource/list 
[2024-07-14 09:50:45] [INFO] [BaseApi.py]/[line: 82]/[send] 接口的响应信息为<==========={"code":0,"msg":"success","data":{"list":[{"convert_status":"success","created_at":"2023-12-20 18:38:17","duration":0,"ext":"jpg","ext_type":"image","file":"22","first_frame":"","path":"https://pstatic.boweiedu.com/resource/static/759a85a6fc/2023/12/cxt3gukyahx29wt3hj.jpg","size":70188,"type":0,"uuid":"1ffac4f57250436b40050520118e8042"},{"convert_status":"success","created_at":"2023-12-20 18:38:17","duration":0,"ext":"jpg","ext_type":"image","file":"23","first_frame":"","path":"https://pstatic.boweiedu.com/resource/static/759a85a6fc/2023/12/cxt3gul8i7lpik1jqo.jpg","size":27186,"type":0,"uuid":"e90049df2dc60b21e3cca81e309401b7"},{"convert_status":"success","created_at":"2023-12-20 18:38:17","duration":0,"ext":"jpg","ext_type":"image","file":"24","first_frame":"","path":"https://pstatic.boweiedu.com/resource/static/759a85a6fc/2023/12/cxt3gulih5b3rzttsm.jpg","size":106240,"type":0,"uuid":"e590fc2d4e7156ed2a9b3ec87a098639"},{"convert_status":"success","created_at":"2023-12-20 18:40:51","duration":1752,"ext":"m3u8","ext_type":"video","file":"直播回放1220_191122","first_frame":"","path":"https://vodobs.boweiedu.com/6cbce17evodcq1500022954/960b1a253270835013921956367/playlist_eof.m3u8","size":408349335,"type":6,"uuid":"558f2307ce99796522fb970969578c7e"},{"convert_status":"success","created_at":"2023-12-20 19:14:42","duration":29,"ext":"m3u8","ext_type":"video","file":"直播回放1220_191609","first_frame":"","path":"https://vodobs.boweiedu.com/6cbce17evodcq1500022954/881f4a583270835013921368024/playlist_eof.m3u8","size":3908384,"type":6,"uuid":"f4812c11448590b759b69e6e77a8c50b"},{"convert_status":"success","created_at":"2023-12-20 19:16:41","duration":1749,"ext":"m3u8","ext_type":"video","file":"直播回放1220_194650","first_frame":"","path":"https://vodobs.boweiedu.com/6cbce17evodcq1500022954/25e7b8f63270835013502158291/playlist_eof.m3u8","size":388912846,"type":6,"uuid":"58dd867a37aeb4d5138f67a00c397526"},{"convert_status":"success","created_at":"2023-12-20 20:20:39","duration":0,"ext":"jpg","ext_type":"image","file":"18","first_frame":"","path":"https://pstatic.boweiedu.com/resource/static/759a85a6fc/2023/12/cxt5n8aetaemtni9cs.jpg","size":41674,"type":0,"uuid":"091dd7f2e3c6230a85d1b534299dedfc"},{"convert_status":"success","created_at":"2023-12-20 20:20:44","duration":0,"ext":"jpg","ext_type":"image","file":"20","first_frame":"","path":"https://pstatic.boweiedu.com/resource/static/759a85a6fc/2023/12/cxt5nas6lcjxylekqn.jpg","size":53946,"type":0,"uuid":"ba72375f2bd0105658b9ae41a145149e"},{"convert_status":"success","created_at":"2023-12-20 20:20:44","duration":0,"ext":"jpg","ext_type":"image","file":"23","first_frame":"","path":"https://pstatic.boweiedu.com/resource/static/759a85a6fc/2023/12/cxt5nas9wclxbuc5cp.jpg","size":27186,"type":0,"uuid":"76ca48ffc09779df8c873f7d9f2e082c"},{"convert_status":"success","created_at":"2023-12-20 20:20:44","duration":0,"ext":"jpg","ext_type":"image","file":"21","first_frame":"","path":"https://pstatic.boweiedu.com/resource/static/759a85a6fc/2023/12/cxt5nasgtz9dvxoef6.jpg","size":99678,"type":0,"uuid":"2de2e612c3397cd9ec640cf659be75c5"}],"pagination":{"size":10,"total":801,"pages":81,"page":1}},"timestamp":1720921845,"req_id":"082d74044df1e11777d357448ec00baf"} 
[2024-07-14 09:50:45] [INFO] [test_resource_manage_api.py]/[line: 41]/[test_get_resource_lists] JSONSchema的结构为：{'$schema': 'http://json-schema.org/schema#', 'type': 'object', 'properties': {'code': {'type': 'integer'}, 'msg': {'type': 'string'}, 'data': {'type': 'object', 'properties': {'list': {'type': 'array', 'items': {'type': 'object', 'properties': {'convert_status': {'type': 'string'}, 'created_at': {'type': 'string'}, 'duration': {'type': 'integer'}, 'ext': {'type': 'string'}, 'ext_type': {'type': 'string'}, 'file': {'type': 'string'}, 'first_frame': {'type': 'string'}, 'path': {'type': 'string'}, 'size': {'type': 'integer'}, 'type': {'type': 'integer'}, 'uuid': {'type': 'string'}}, 'required': ['convert_status', 'created_at', 'duration', 'ext', 'ext_type', 'file', 'first_frame', 'path', 'size', 'type', 'uuid']}}, 'pagination': {'type': 'object', 'properties': {'size': {'type': 'integer'}, 'total': {'type': 'integer'}, 'pages': {'type': 'integer'}, 'page': {'type': 'integer'}}, 'required': ['page', 'pages', 'size', 'total']}}, 'required': ['list', 'pagination']}, 'timestamp': {'type': 'integer'}, 'req_id': {'type': 'string'}}, 'required': ['code', 'data', 'msg', 'req_id', 'timestamp']} 
[2024-07-14 09:50:45] [INFO] [BaseApi.py]/[line: 80]/[send] 发起的请求地址为===========>https://papi.boweiedu.com/backend/resource/list 
[2024-07-14 09:50:45] [INFO] [BaseApi.py]/[line: 82]/[send] 接口的响应信息为<==========={"code":0,"msg":"success","data":{"list":[{"convert_status":"success","created_at":"2023-12-20 18:38:17","duration":0,"ext":"jpg","ext_type":"image","file":"22","first_frame":"","path":"https://pstatic.boweiedu.com/resource/static/759a85a6fc/2023/12/cxt3gukyahx29wt3hj.jpg","size":70188,"type":0,"uuid":"1ffac4f57250436b40050520118e8042"},{"convert_status":"success","created_at":"2023-12-20 18:38:17","duration":0,"ext":"jpg","ext_type":"image","file":"23","first_frame":"","path":"https://pstatic.boweiedu.com/resource/static/759a85a6fc/2023/12/cxt3gul8i7lpik1jqo.jpg","size":27186,"type":0,"uuid":"e90049df2dc60b21e3cca81e309401b7"},{"convert_status":"success","created_at":"2023-12-20 18:38:17","duration":0,"ext":"jpg","ext_type":"image","file":"24","first_frame":"","path":"https://pstatic.boweiedu.com/resource/static/759a85a6fc/2023/12/cxt3gulih5b3rzttsm.jpg","size":106240,"type":0,"uuid":"e590fc2d4e7156ed2a9b3ec87a098639"},{"convert_status":"success","created_at":"2023-12-20 18:40:51","duration":1752,"ext":"m3u8","ext_type":"video","file":"直播回放1220_191122","first_frame":"","path":"https://vodobs.boweiedu.com/6cbce17evodcq1500022954/960b1a253270835013921956367/playlist_eof.m3u8","size":408349335,"type":6,"uuid":"558f2307ce99796522fb970969578c7e"},{"convert_status":"success","created_at":"2023-12-20 19:14:42","duration":29,"ext":"m3u8","ext_type":"video","file":"直播回放1220_191609","first_frame":"","path":"https://vodobs.boweiedu.com/6cbce17evodcq1500022954/881f4a583270835013921368024/playlist_eof.m3u8","size":3908384,"type":6,"uuid":"f4812c11448590b759b69e6e77a8c50b"},{"convert_status":"success","created_at":"2023-12-20 19:16:41","duration":1749,"ext":"m3u8","ext_type":"video","file":"直播回放1220_194650","first_frame":"","path":"https://vodobs.boweiedu.com/6cbce17evodcq1500022954/25e7b8f63270835013502158291/playlist_eof.m3u8","size":388912846,"type":6,"uuid":"58dd867a37aeb4d5138f67a00c397526"},{"convert_status":"success","created_at":"2023-12-20 20:20:39","duration":0,"ext":"jpg","ext_type":"image","file":"18","first_frame":"","path":"https://pstatic.boweiedu.com/resource/static/759a85a6fc/2023/12/cxt5n8aetaemtni9cs.jpg","size":41674,"type":0,"uuid":"091dd7f2e3c6230a85d1b534299dedfc"},{"convert_status":"success","created_at":"2023-12-20 20:20:44","duration":0,"ext":"jpg","ext_type":"image","file":"20","first_frame":"","path":"https://pstatic.boweiedu.com/resource/static/759a85a6fc/2023/12/cxt5nas6lcjxylekqn.jpg","size":53946,"type":0,"uuid":"ba72375f2bd0105658b9ae41a145149e"},{"convert_status":"success","created_at":"2023-12-20 20:20:44","duration":0,"ext":"jpg","ext_type":"image","file":"23","first_frame":"","path":"https://pstatic.boweiedu.com/resource/static/759a85a6fc/2023/12/cxt5nas9wclxbuc5cp.jpg","size":27186,"type":0,"uuid":"76ca48ffc09779df8c873f7d9f2e082c"},{"convert_status":"success","created_at":"2023-12-20 20:20:44","duration":0,"ext":"jpg","ext_type":"image","file":"21","first_frame":"","path":"https://pstatic.boweiedu.com/resource/static/759a85a6fc/2023/12/cxt5nasgtz9dvxoef6.jpg","size":99678,"type":0,"uuid":"2de2e612c3397cd9ec640cf659be75c5"}],"pagination":{"size":10,"total":801,"pages":81,"page":1}},"timestamp":1720921845,"req_id":"c61a07094df1e11778d35744390350d5"} 
[2024-07-14 09:50:45] [INFO] [test_resource_manage_api.py]/[line: 44]/[test_get_resource_lists] 验证的结果为：True 
[2024-07-14 09:50:45] [INFO] [BaseApi.py]/[line: 80]/[send] 发起的请求地址为===========>https://papi.boweiedu.com/backend/resource/list 
[2024-07-14 09:50:45] [INFO] [BaseApi.py]/[line: 82]/[send] 接口的响应信息为<==========={"code":0,"msg":"success","data":{"list":[{"convert_status":"success","created_at":"2023-12-20 18:38:17","duration":0,"ext":"jpg","ext_type":"image","file":"22","first_frame":"","path":"https://pstatic.boweiedu.com/resource/static/759a85a6fc/2023/12/cxt3gukyahx29wt3hj.jpg","size":70188,"type":0,"uuid":"1ffac4f57250436b40050520118e8042"},{"convert_status":"success","created_at":"2023-12-20 18:38:17","duration":0,"ext":"jpg","ext_type":"image","file":"23","first_frame":"","path":"https://pstatic.boweiedu.com/resource/static/759a85a6fc/2023/12/cxt3gul8i7lpik1jqo.jpg","size":27186,"type":0,"uuid":"e90049df2dc60b21e3cca81e309401b7"},{"convert_status":"success","created_at":"2023-12-20 18:38:17","duration":0,"ext":"jpg","ext_type":"image","file":"24","first_frame":"","path":"https://pstatic.boweiedu.com/resource/static/759a85a6fc/2023/12/cxt3gulih5b3rzttsm.jpg","size":106240,"type":0,"uuid":"e590fc2d4e7156ed2a9b3ec87a098639"},{"convert_status":"success","created_at":"2023-12-20 18:40:51","duration":1752,"ext":"m3u8","ext_type":"video","file":"直播回放1220_191122","first_frame":"","path":"https://vodobs.boweiedu.com/6cbce17evodcq1500022954/960b1a253270835013921956367/playlist_eof.m3u8","size":408349335,"type":6,"uuid":"558f2307ce99796522fb970969578c7e"},{"convert_status":"success","created_at":"2023-12-20 19:14:42","duration":29,"ext":"m3u8","ext_type":"video","file":"直播回放1220_191609","first_frame":"","path":"https://vodobs.boweiedu.com/6cbce17evodcq1500022954/881f4a583270835013921368024/playlist_eof.m3u8","size":3908384,"type":6,"uuid":"f4812c11448590b759b69e6e77a8c50b"},{"convert_status":"success","created_at":"2023-12-20 19:16:41","duration":1749,"ext":"m3u8","ext_type":"video","file":"直播回放1220_194650","first_frame":"","path":"https://vodobs.boweiedu.com/6cbce17evodcq1500022954/25e7b8f63270835013502158291/playlist_eof.m3u8","size":388912846,"type":6,"uuid":"58dd867a37aeb4d5138f67a00c397526"},{"convert_status":"success","created_at":"2023-12-20 20:20:39","duration":0,"ext":"jpg","ext_type":"image","file":"18","first_frame":"","path":"https://pstatic.boweiedu.com/resource/static/759a85a6fc/2023/12/cxt5n8aetaemtni9cs.jpg","size":41674,"type":0,"uuid":"091dd7f2e3c6230a85d1b534299dedfc"},{"convert_status":"success","created_at":"2023-12-20 20:20:44","duration":0,"ext":"jpg","ext_type":"image","file":"20","first_frame":"","path":"https://pstatic.boweiedu.com/resource/static/759a85a6fc/2023/12/cxt5nas6lcjxylekqn.jpg","size":53946,"type":0,"uuid":"ba72375f2bd0105658b9ae41a145149e"},{"convert_status":"success","created_at":"2023-12-20 20:20:44","duration":0,"ext":"jpg","ext_type":"image","file":"23","first_frame":"","path":"https://pstatic.boweiedu.com/resource/static/759a85a6fc/2023/12/cxt5nas9wclxbuc5cp.jpg","size":27186,"type":0,"uuid":"76ca48ffc09779df8c873f7d9f2e082c"},{"convert_status":"success","created_at":"2023-12-20 20:20:44","duration":0,"ext":"jpg","ext_type":"image","file":"21","first_frame":"","path":"https://pstatic.boweiedu.com/resource/static/759a85a6fc/2023/12/cxt5nasgtz9dvxoef6.jpg","size":99678,"type":0,"uuid":"2de2e612c3397cd9ec640cf659be75c5"}],"pagination":{"size":10,"total":801,"pages":81,"page":1}},"timestamp":1720921845,"req_id":"2663c50e4df1e11779d35744a341d25d"} 
[2024-07-14 09:50:45] [INFO] [BaseApi.py]/[line: 80]/[send] 发起的请求地址为===========>https://papi.boweiedu.com/backend/resource/list 
[2024-07-14 09:50:45] [INFO] [BaseApi.py]/[line: 82]/[send] 接口的响应信息为<==========={"code":0,"msg":"success","data":{"list":[{"convert_status":"success","created_at":"2023-12-20 18:38:17","duration":0,"ext":"jpg","ext_type":"image","file":"22","first_frame":"","path":"https://pstatic.boweiedu.com/resource/static/759a85a6fc/2023/12/cxt3gukyahx29wt3hj.jpg","size":70188,"type":0,"uuid":"1ffac4f57250436b40050520118e8042"},{"convert_status":"success","created_at":"2023-12-20 18:38:17","duration":0,"ext":"jpg","ext_type":"image","file":"23","first_frame":"","path":"https://pstatic.boweiedu.com/resource/static/759a85a6fc/2023/12/cxt3gul8i7lpik1jqo.jpg","size":27186,"type":0,"uuid":"e90049df2dc60b21e3cca81e309401b7"},{"convert_status":"success","created_at":"2023-12-20 18:38:17","duration":0,"ext":"jpg","ext_type":"image","file":"24","first_frame":"","path":"https://pstatic.boweiedu.com/resource/static/759a85a6fc/2023/12/cxt3gulih5b3rzttsm.jpg","size":106240,"type":0,"uuid":"e590fc2d4e7156ed2a9b3ec87a098639"},{"convert_status":"success","created_at":"2023-12-20 18:40:51","duration":1752,"ext":"m3u8","ext_type":"video","file":"直播回放1220_191122","first_frame":"","path":"https://vodobs.boweiedu.com/6cbce17evodcq1500022954/960b1a253270835013921956367/playlist_eof.m3u8","size":408349335,"type":6,"uuid":"558f2307ce99796522fb970969578c7e"},{"convert_status":"success","created_at":"2023-12-20 19:14:42","duration":29,"ext":"m3u8","ext_type":"video","file":"直播回放1220_191609","first_frame":"","path":"https://vodobs.boweiedu.com/6cbce17evodcq1500022954/881f4a583270835013921368024/playlist_eof.m3u8","size":3908384,"type":6,"uuid":"f4812c11448590b759b69e6e77a8c50b"},{"convert_status":"success","created_at":"2023-12-20 19:16:41","duration":1749,"ext":"m3u8","ext_type":"video","file":"直播回放1220_194650","first_frame":"","path":"https://vodobs.boweiedu.com/6cbce17evodcq1500022954/25e7b8f63270835013502158291/playlist_eof.m3u8","size":388912846,"type":6,"uuid":"58dd867a37aeb4d5138f67a00c397526"},{"convert_status":"success","created_at":"2023-12-20 20:20:39","duration":0,"ext":"jpg","ext_type":"image","file":"18","first_frame":"","path":"https://pstatic.boweiedu.com/resource/static/759a85a6fc/2023/12/cxt5n8aetaemtni9cs.jpg","size":41674,"type":0,"uuid":"091dd7f2e3c6230a85d1b534299dedfc"},{"convert_status":"success","created_at":"2023-12-20 20:20:44","duration":0,"ext":"jpg","ext_type":"image","file":"20","first_frame":"","path":"https://pstatic.boweiedu.com/resource/static/759a85a6fc/2023/12/cxt5nas6lcjxylekqn.jpg","size":53946,"type":0,"uuid":"ba72375f2bd0105658b9ae41a145149e"},{"convert_status":"success","created_at":"2023-12-20 20:20:44","duration":0,"ext":"jpg","ext_type":"image","file":"23","first_frame":"","path":"https://pstatic.boweiedu.com/resource/static/759a85a6fc/2023/12/cxt5nas9wclxbuc5cp.jpg","size":27186,"type":0,"uuid":"76ca48ffc09779df8c873f7d9f2e082c"},{"convert_status":"success","created_at":"2023-12-20 20:20:44","duration":0,"ext":"jpg","ext_type":"image","file":"21","first_frame":"","path":"https://pstatic.boweiedu.com/resource/static/759a85a6fc/2023/12/cxt5nasgtz9dvxoef6.jpg","size":99678,"type":0,"uuid":"2de2e612c3397cd9ec640cf659be75c5"}],"pagination":{"size":10,"total":801,"pages":81,"page":1}},"timestamp":1720921845,"req_id":"c106c0134df1e1177ad357441fc90114"} 
[2024-07-14 09:50:45] [INFO] [test_resource_manage_api.py]/[line: 58]/[test_get_resource_list] 验证的结果为：True 
[2024-07-14 09:50:45] [INFO] [BaseApi.py]/[line: 80]/[send] 发起的请求地址为===========>https://papi.boweiedu.com/backend/course/add 
[2024-07-14 09:50:45] [INFO] [BaseApi.py]/[line: 82]/[send] 接口的响应信息为<==========={"code":0,"msg":"success","data":{"uuid":"86a72f78482ea7f7b7d7610fe0079d7a"},"timestamp":1720921846,"req_id":"c0c1f51d4df1e1177cd3574437289b05"} 
[2024-07-14 09:50:45] [INFO] [jsonpath_utils.py]/[line: 11]/[get] 通过jsonpath获取到的数据为['86a72f78482ea7f7b7d7610fe0079d7a'] 
[2024-07-14 09:50:45] [INFO] [BaseApi.py]/[line: 80]/[send] 发起的请求地址为===========>https://papi.boweiedu.com/backend/chapter/add 
[2024-07-14 09:50:45] [INFO] [BaseApi.py]/[line: 82]/[send] 接口的响应信息为<==========={"code":0,"msg":"success","data":{"uuid":"2541f6c0e3dfee422d271e9a24a86389"},"timestamp":1720921846,"req_id":"930aa0224df1e1177dd35744c5e72b2d"} 
[2024-07-14 09:50:45] [INFO] [jsonpath_utils.py]/[line: 11]/[get] 通过jsonpath获取到的数据为['2541f6c0e3dfee422d271e9a24a86389'] 
[2024-07-14 09:50:45] [INFO] [BaseApi.py]/[line: 80]/[send] 发起的请求地址为===========>https://papi.boweiedu.com/backend/lesson/add 
[2024-07-14 09:50:46] [INFO] [BaseApi.py]/[line: 82]/[send] 接口的响应信息为<==========={"code":0,"msg":"success","data":{"uuid":"732aa061f624d873b45d088e5ae5515f"},"timestamp":1720921846,"req_id":"e6dd62274df1e1177ed357445b033133"} 
[2024-07-14 09:50:46] [INFO] [jsonpath_utils.py]/[line: 11]/[get] 通过jsonpath获取到的数据为['732aa061f624d873b45d088e5ae5515f'] 
[2024-07-14 09:50:46] [INFO] [BaseApi.py]/[line: 80]/[send] 发起的请求地址为===========>https://papi.boweiedu.com/comm/upload 
[2024-07-14 09:50:46] [INFO] [BaseApi.py]/[line: 82]/[send] 接口的响应信息为<==========={"code":0,"msg":"success","data":{"uuid":"0d1e0bfc12621aa5855242a916a5f922","filepath":"https://pstatic.boweiedu.com/resource/static/0000000000/2024/07/d2ovvq98of5fqrfyt8.jpeg","url":"https://pstatic.boweiedu.com/resource/static/0000000000/2024/07/d2ovvq98of5fqrfyt8.jpeg"},"timestamp":1720921846,"req_id":"8e722a3b4df1e1177fd35744bbfcf60f"} 
[2024-07-14 09:50:46] [INFO] [jsonpath_utils.py]/[line: 11]/[get] 通过jsonpath获取到的数据为['0d1e0bfc12621aa5855242a916a5f922'] 
[2024-07-14 09:50:46] [INFO] [BaseApi.py]/[line: 80]/[send] 发起的请求地址为===========>https://papi.boweiedu.com/backend/resource/bind 
[2024-07-14 09:50:46] [INFO] [BaseApi.py]/[line: 82]/[send] 接口的响应信息为<==========={"code":0,"msg":"success","data":[],"timestamp":1720921846,"req_id":"6e30a1414df1e11780d35744a3547b52"} 
[2024-07-14 09:50:46] [INFO] [BaseApi.py]/[line: 80]/[send] 发起的请求地址为===========>https://papi.boweiedu.com/backend/course/delete 
[2024-07-14 09:50:46] [INFO] [BaseApi.py]/[line: 82]/[send] 接口的响应信息为<==========={"code":0,"msg":"success","data":[],"timestamp":1720921846,"req_id":"e932a7474df1e11781d35744260849df"} 
[2024-07-14 09:50:46] [INFO] [jsonpath_utils.py]/[line: 11]/[get] 通过jsonpath获取到的数据为[0] 
[2024-07-14 09:50:46] [INFO] [BaseApi.py]/[line: 80]/[send] 发起的请求地址为===========>https://papi.boweiedu.com/backend/course/add 
[2024-07-14 09:50:46] [INFO] [BaseApi.py]/[line: 82]/[send] 接口的响应信息为<==========={"code":0,"msg":"success","data":{"uuid":"4d0606b6a6d9c83d5b5612e22e85cfbf"},"timestamp":1720921847,"req_id":"f70195534df1e11784d35744f41db177"} 
[2024-07-14 09:50:46] [INFO] [jsonpath_utils.py]/[line: 11]/[get] 通过jsonpath获取到的数据为['4d0606b6a6d9c83d5b5612e22e85cfbf'] 
[2024-07-14 09:50:46] [INFO] [BaseApi.py]/[line: 80]/[send] 发起的请求地址为===========>https://papi.boweiedu.com/backend/chapter/add 
[2024-07-14 09:50:46] [INFO] [BaseApi.py]/[line: 82]/[send] 接口的响应信息为<==========={"code":0,"msg":"success","data":{"uuid":"7ab1ace1c3c644c1f05f22f28b65b2f9"},"timestamp":1720921847,"req_id":"99380a5a4df1e11785d35744823dd246"} 
[2024-07-14 09:50:46] [INFO] [jsonpath_utils.py]/[line: 11]/[get] 通过jsonpath获取到的数据为['7ab1ace1c3c644c1f05f22f28b65b2f9'] 
[2024-07-14 09:50:46] [INFO] [BaseApi.py]/[line: 80]/[send] 发起的请求地址为===========>https://papi.boweiedu.com/backend/lesson/add 
[2024-07-14 09:50:46] [INFO] [BaseApi.py]/[line: 82]/[send] 接口的响应信息为<==========={"code":0,"msg":"success","data":{"uuid":"0541dd6e4b605d26860c1fe41db6d197"},"timestamp":1720921847,"req_id":"47dae75f4df1e11786d357449c7158d1"} 
[2024-07-14 09:50:46] [INFO] [jsonpath_utils.py]/[line: 11]/[get] 通过jsonpath获取到的数据为['0541dd6e4b605d26860c1fe41db6d197'] 
[2024-07-14 09:50:46] [INFO] [BaseApi.py]/[line: 80]/[send] 发起的请求地址为===========>https://papi.boweiedu.com/comm/upload 
[2024-07-14 09:50:47] [INFO] [BaseApi.py]/[line: 82]/[send] 接口的响应信息为<==========={"code":0,"msg":"success","data":{"uuid":"9e93076cd6d6d6193b7bef1d6e5317eb","filepath":"https://pstatic.boweiedu.com/resource/static/0000000000/2024/07/d2ovvqnv0gshnffrox.jpeg","url":"https://pstatic.boweiedu.com/resource/static/0000000000/2024/07/d2ovvqnv0gshnffrox.jpeg"},"timestamp":1720921847,"req_id":"633ed96f4df1e11787d357445fe61f26"} 
[2024-07-14 09:50:47] [INFO] [jsonpath_utils.py]/[line: 11]/[get] 通过jsonpath获取到的数据为['9e93076cd6d6d6193b7bef1d6e5317eb'] 
[2024-07-14 09:50:47] [INFO] [BaseApi.py]/[line: 80]/[send] 发起的请求地址为===========>https://papi.boweiedu.com/backend/resource/bind 
[2024-07-14 09:50:47] [INFO] [BaseApi.py]/[line: 82]/[send] 接口的响应信息为<==========={"code":0,"msg":"success","data":[],"timestamp":1720921847,"req_id":"5162fb754df1e11788d35744b8937910"} 
[2024-07-14 09:50:47] [INFO] [BaseApi.py]/[line: 80]/[send] 发起的请求地址为===========>https://papi.boweiedu.com/backend/resource/unbind 
[2024-07-14 09:50:47] [INFO] [BaseApi.py]/[line: 82]/[send] 接口的响应信息为<==========={"code":0,"msg":"success","data":[],"timestamp":1720921847,"req_id":"b660407c4df1e11789d357440d311e13"} 
[2024-07-14 09:50:47] [INFO] [BaseApi.py]/[line: 80]/[send] 发起的请求地址为===========>https://papi.boweiedu.com/backend/course/delete 
[2024-07-14 09:50:47] [INFO] [BaseApi.py]/[line: 82]/[send] 接口的响应信息为<==========={"code":0,"msg":"success","data":[],"timestamp":1720921847,"req_id":"fd20e3804df1e1178ad357440fd5ff95"} 
[2024-07-14 09:50:47] [INFO] [jsonpath_utils.py]/[line: 11]/[get] 通过jsonpath获取到的数据为[0] 
[2024-07-14 09:50:47] [INFO] [BaseApi.py]/[line: 80]/[send] 发起的请求地址为===========>https://papi.boweiedu.com/backend/course/add 
[2024-07-14 09:50:47] [INFO] [BaseApi.py]/[line: 82]/[send] 接口的响应信息为<==========={"code":0,"msg":"success","data":{"uuid":"79bb06f37a18ab60a23b30470b09c7fe"},"timestamp":1720921848,"req_id":"66895a8e4df1e1178ed357445631319c"} 
[2024-07-14 09:50:47] [INFO] [jsonpath_utils.py]/[line: 11]/[get] 通过jsonpath获取到的数据为['79bb06f37a18ab60a23b30470b09c7fe'] 
[2024-07-14 09:50:47] [INFO] [BaseApi.py]/[line: 80]/[send] 发起的请求地址为===========>https://papi.boweiedu.com/backend/chapter/add 
[2024-07-14 09:50:47] [INFO] [BaseApi.py]/[line: 82]/[send] 接口的响应信息为<==========={"code":0,"msg":"success","data":{"uuid":"6ba83af033c14506c916e416c1bd0db9"},"timestamp":1720921848,"req_id":"1c8584934df1e1178fd3574481ceb214"} 
[2024-07-14 09:50:47] [INFO] [jsonpath_utils.py]/[line: 11]/[get] 通过jsonpath获取到的数据为['6ba83af033c14506c916e416c1bd0db9'] 
[2024-07-14 09:50:47] [INFO] [BaseApi.py]/[line: 80]/[send] 发起的请求地址为===========>https://papi.boweiedu.com/backend/lesson/add 
[2024-07-14 09:50:47] [INFO] [BaseApi.py]/[line: 82]/[send] 接口的响应信息为<==========={"code":0,"msg":"success","data":{"uuid":"b5187c4daee3bc4f8d981517149be9da"},"timestamp":1720921848,"req_id":"12a8a9994df1e11790d35744c4872a7b"} 
[2024-07-14 09:50:47] [INFO] [jsonpath_utils.py]/[line: 11]/[get] 通过jsonpath获取到的数据为['b5187c4daee3bc4f8d981517149be9da'] 
[2024-07-14 09:50:47] [INFO] [BaseApi.py]/[line: 80]/[send] 发起的请求地址为===========>https://papi.boweiedu.com/comm/upload 
[2024-07-14 09:50:48] [INFO] [BaseApi.py]/[line: 82]/[send] 接口的响应信息为<==========={"code":0,"msg":"success","data":{"uuid":"64127a32a0bff6ec3944ac994badef27","filepath":"https://pstatic.boweiedu.com/resource/static/0000000000/2024/07/d2ovvr3z27nec5c6v8.jpeg","url":"https://pstatic.boweiedu.com/resource/static/0000000000/2024/07/d2ovvr3z27nec5c6v8.jpeg"},"timestamp":1720921848,"req_id":"f8abeaa94df1e11791d357445cabcb3f"} 
[2024-07-14 09:50:48] [INFO] [jsonpath_utils.py]/[line: 11]/[get] 通过jsonpath获取到的数据为['64127a32a0bff6ec3944ac994badef27'] 
[2024-07-14 09:50:48] [INFO] [BaseApi.py]/[line: 80]/[send] 发起的请求地址为===========>https://papi.boweiedu.com/backend/resource/bind 
[2024-07-14 09:50:48] [INFO] [BaseApi.py]/[line: 82]/[send] 接口的响应信息为<==========={"code":0,"msg":"success","data":[],"timestamp":1720921848,"req_id":"49b1efb04df1e11792d35744e3a39128"} 
[2024-07-14 09:50:48] [INFO] [BaseApi.py]/[line: 80]/[send] 发起的请求地址为===========>https://papi.boweiedu.com/backend/resource/edit 
[2024-07-14 09:50:48] [INFO] [BaseApi.py]/[line: 82]/[send] 接口的响应信息为<==========={"code":0,"msg":"success","data":[],"timestamp":1720921848,"req_id":"8e0e3ab64df1e11793d35744c9c76322"} 
[2024-07-14 09:50:48] [INFO] [BaseApi.py]/[line: 80]/[send] 发起的请求地址为===========>https://papi.boweiedu.com/backend/course/delete 
[2024-07-14 09:50:48] [INFO] [BaseApi.py]/[line: 82]/[send] 接口的响应信息为<==========={"code":0,"msg":"success","data":[],"timestamp":1720921848,"req_id":"d70474bb4df1e11794d3574410d7f2a2"} 
[2024-07-14 09:50:48] [INFO] [jsonpath_utils.py]/[line: 11]/[get] 通过jsonpath获取到的数据为[0] 
[2024-07-14 09:50:48] [INFO] [BaseApi.py]/[line: 80]/[send] 发起的请求地址为===========>https://papi.boweiedu.com/backend/course/add 
[2024-07-14 09:50:48] [INFO] [BaseApi.py]/[line: 82]/[send] 接口的响应信息为<==========={"code":0,"msg":"success","data":{"uuid":"922bba63609ed86f25d2f5f3ec7f9775"},"timestamp":1720921849,"req_id":"476427ca4df1e11797d357441b4aae1d"} 
[2024-07-14 09:50:48] [INFO] [jsonpath_utils.py]/[line: 11]/[get] 通过jsonpath获取到的数据为['922bba63609ed86f25d2f5f3ec7f9775'] 
[2024-07-14 09:50:48] [INFO] [BaseApi.py]/[line: 80]/[send] 发起的请求地址为===========>https://papi.boweiedu.com/backend/chapter/add 
[2024-07-14 09:50:48] [INFO] [BaseApi.py]/[line: 82]/[send] 接口的响应信息为<==========={"code":0,"msg":"success","data":{"uuid":"1e60c5fff7ea2130e6bee90a1da701d6"},"timestamp":1720921849,"req_id":"a2883bcf4df1e11798d35744f961c45f"} 
[2024-07-14 09:50:48] [INFO] [jsonpath_utils.py]/[line: 11]/[get] 通过jsonpath获取到的数据为['1e60c5fff7ea2130e6bee90a1da701d6'] 
[2024-07-14 09:50:48] [INFO] [BaseApi.py]/[line: 80]/[send] 发起的请求地址为===========>https://papi.boweiedu.com/backend/lesson/add 
[2024-07-14 09:50:48] [INFO] [BaseApi.py]/[line: 82]/[send] 接口的响应信息为<==========={"code":0,"msg":"success","data":{"uuid":"4bb4d2abfaa29f21fcc931f6d82fe99d"},"timestamp":1720921849,"req_id":"cb5508d54df1e11799d357441ed8c828"} 
[2024-07-14 09:50:48] [INFO] [jsonpath_utils.py]/[line: 11]/[get] 通过jsonpath获取到的数据为['4bb4d2abfaa29f21fcc931f6d82fe99d'] 
[2024-07-14 09:50:48] [INFO] [BaseApi.py]/[line: 80]/[send] 发起的请求地址为===========>https://papi.boweiedu.com/comm/upload 
[2024-07-14 09:50:49] [INFO] [BaseApi.py]/[line: 82]/[send] 接口的响应信息为<==========={"code":0,"msg":"success","data":{"uuid":"9e07e01dbaeedbe0bdfe21abf0561e69","filepath":"https://pstatic.boweiedu.com/resource/static/0000000000/2024/07/d2ovvrk8xeysommfcr.jpeg","url":"https://pstatic.boweiedu.com/resource/static/0000000000/2024/07/d2ovvrk8xeysommfcr.jpeg"},"timestamp":1720921849,"req_id":"46ae92e44df1e1179ad3574494f51e7d"} 
[2024-07-14 09:50:49] [INFO] [jsonpath_utils.py]/[line: 11]/[get] 通过jsonpath获取到的数据为['9e07e01dbaeedbe0bdfe21abf0561e69'] 
[2024-07-14 09:50:49] [INFO] [BaseApi.py]/[line: 80]/[send] 发起的请求地址为===========>https://papi.boweiedu.com/backend/resource/bind 
[2024-07-14 09:50:49] [INFO] [BaseApi.py]/[line: 82]/[send] 接口的响应信息为<==========={"code":0,"msg":"success","data":[],"timestamp":1720921849,"req_id":"24b811eb4df1e1179bd3574495d2ca14"} 
[2024-07-14 09:50:49] [INFO] [BaseApi.py]/[line: 80]/[send] 发起的请求地址为===========>https://papi.boweiedu.com/backend/resource/unbind 
[2024-07-14 09:50:49] [INFO] [BaseApi.py]/[line: 82]/[send] 接口的响应信息为<==========={"code":0,"msg":"success","data":[],"timestamp":1720921849,"req_id":"1c8fbef14df1e1179cd35744086ab8f2"} 
[2024-07-14 09:50:49] [INFO] [BaseApi.py]/[line: 80]/[send] 发起的请求地址为===========>https://papi.boweiedu.com/backend/resource/delete 
[2024-07-14 09:50:49] [INFO] [BaseApi.py]/[line: 82]/[send] 接口的响应信息为<==========={"code":0,"msg":"success","data":[],"timestamp":1720921849,"req_id":"65cdd8f74df1e1179dd35744eb223102"} 
[2024-07-14 09:50:49] [INFO] [BaseApi.py]/[line: 80]/[send] 发起的请求地址为===========>https://papi.boweiedu.com/backend/course/delete 
[2024-07-14 09:50:49] [INFO] [BaseApi.py]/[line: 82]/[send] 接口的响应信息为<==========={"code":0,"msg":"success","data":[],"timestamp":1720921849,"req_id":"aae849fd4df1e1179ed3574473dce386"} 
[2024-07-14 09:50:49] [INFO] [jsonpath_utils.py]/[line: 11]/[get] 通过jsonpath获取到的数据为[0] 
[2024-07-14 09:50:49] [INFO] [BaseApi.py]/[line: 80]/[send] 发起的请求地址为===========>https://papi.boweiedu.com/backend/course/add 
[2024-07-14 09:50:49] [INFO] [BaseApi.py]/[line: 82]/[send] 接口的响应信息为<==========={"code":0,"msg":"success","data":{"uuid":"671dde8ec90ce24c819e8da5a944b377"},"timestamp":1720921850,"req_id":"0325900a4ef1e117a1d35744e6bdb14a"} 
[2024-07-14 09:50:49] [INFO] [jsonpath_utils.py]/[line: 11]/[get] 通过jsonpath获取到的数据为['671dde8ec90ce24c819e8da5a944b377'] 
[2024-07-14 09:50:49] [INFO] [BaseApi.py]/[line: 80]/[send] 发起的请求地址为===========>https://papi.boweiedu.com/backend/chapter/add 
[2024-07-14 09:50:49] [INFO] [BaseApi.py]/[line: 82]/[send] 接口的响应信息为<==========={"code":0,"msg":"success","data":{"uuid":"db438e4c4d8186d9771a4e916c958ba4"},"timestamp":1720921850,"req_id":"18b9d80f4ef1e117a2d35744e281e7f8"} 
[2024-07-14 09:50:49] [INFO] [jsonpath_utils.py]/[line: 11]/[get] 通过jsonpath获取到的数据为['db438e4c4d8186d9771a4e916c958ba4'] 
[2024-07-14 09:50:49] [INFO] [BaseApi.py]/[line: 80]/[send] 发起的请求地址为===========>https://papi.boweiedu.com/backend/lesson/add 
[2024-07-14 09:50:49] [INFO] [BaseApi.py]/[line: 82]/[send] 接口的响应信息为<==========={"code":0,"msg":"success","data":{"uuid":"a164194b961d3c7df20663a3b0525f53"},"timestamp":1720921850,"req_id":"d14660154ef1e117a3d35744d22c4bd4"} 
[2024-07-14 09:50:49] [INFO] [jsonpath_utils.py]/[line: 11]/[get] 通过jsonpath获取到的数据为['a164194b961d3c7df20663a3b0525f53'] 
[2024-07-14 09:50:50] [INFO] [BaseApi.py]/[line: 80]/[send] 发起的请求地址为===========>https://papi.boweiedu.com/comm/upload 
[2024-07-14 09:50:50] [INFO] [BaseApi.py]/[line: 82]/[send] 接口的响应信息为<==========={"code":0,"msg":"success","data":{"uuid":"e003131565cf75bfab1a2aa1e8595a0e","filepath":"https://pstatic.boweiedu.com/resource/static/0000000000/2024/07/d2ovvs2b570zzc6ijl.jpeg","url":"https://pstatic.boweiedu.com/resource/static/0000000000/2024/07/d2ovvs2b570zzc6ijl.jpeg"},"timestamp":1720921850,"req_id":"314cb3254ef1e117a4d3574489d67507"} 
[2024-07-14 09:50:50] [INFO] [jsonpath_utils.py]/[line: 11]/[get] 通过jsonpath获取到的数据为['e003131565cf75bfab1a2aa1e8595a0e'] 
[2024-07-14 09:50:50] [INFO] [BaseApi.py]/[line: 80]/[send] 发起的请求地址为===========>https://papi.boweiedu.com/backend/resource/bind 
[2024-07-14 09:50:50] [INFO] [BaseApi.py]/[line: 82]/[send] 接口的响应信息为<==========={"code":0,"msg":"success","data":[],"timestamp":1720921850,"req_id":"891fc82b4ef1e117a5d35744a9cb53f4"} 
[2024-07-14 09:50:50] [INFO] [BaseApi.py]/[line: 80]/[send] 发起的请求地址为===========>https://papi.boweiedu.com/comm/upload 
[2024-07-14 09:50:50] [INFO] [BaseApi.py]/[line: 82]/[send] 接口的响应信息为<==========={"code":0,"msg":"success","data":{"uuid":"1472321f830f7da73852c4f6f2bad123","filepath":"https://pstatic.boweiedu.com/resource/static/0000000000/2024/07/d2ovvs8j4imsanns42.jpeg","url":"https://pstatic.boweiedu.com/resource/static/0000000000/2024/07/d2ovvs8j4imsanns42.jpeg"},"timestamp":1720921850,"req_id":"82ec1e3c4ef1e117a6d35744ce0267a6"} 
[2024-07-14 09:50:50] [INFO] [jsonpath_utils.py]/[line: 11]/[get] 通过jsonpath获取到的数据为['1472321f830f7da73852c4f6f2bad123'] 
[2024-07-14 09:50:50] [INFO] [BaseApi.py]/[line: 80]/[send] 发起的请求地址为===========>https://papi.boweiedu.com/backend/resource/bind 
[2024-07-14 09:50:50] [INFO] [BaseApi.py]/[line: 82]/[send] 接口的响应信息为<==========={"code":0,"msg":"success","data":[],"timestamp":1720921851,"req_id":"6eb360414ef1e117a7d35744605d60f5"} 
[2024-07-14 09:50:50] [INFO] [BaseApi.py]/[line: 80]/[send] 发起的请求地址为===========>https://papi.boweiedu.com/backend/course/detail 
[2024-07-14 09:50:50] [INFO] [BaseApi.py]/[line: 82]/[send] 接口的响应信息为<==========={"code":0,"msg":"success","data":{"uuid":"671dde8ec90ce24c819e8da5a944b377","static_domain":"","course_name":"测试课程资源","start_time":0,"end_time":0,"created_at":"2024-07-14 09:50:50","view":0,"publish":"publish","gradeInfo":null,"about":"测试课程资源描述","is_own":1,"group_introduce":"","chapters":[{"chapter_uuid":"db438e4c4d8186d9771a4e916c958ba4","number":1,"title":"测试章节资源名称","courseLessons":[{"uuid":"a164194b961d3c7df20663a3b0525f53","lesson_name":"测试课时资源名称","start_time":0,"end_time":0,"created_at":"2024-07-14 09:50:50","number":1,"view":10,"show_publish":1,"public":0,"class":0,"pull_urls":null,"learning_duration":0,"classroom_uuid":"","classroom_name":"","status":2,"resource":[{"uuid":"e003131565cf75bfab1a2aa1e8595a0e","org_id":0,"file":"dog","filepath":"https://pstatic.boweiedu.com/resource/static/0000000000/2024/07/d2ovvs2b570zzc6ijl.jpeg","created_at":"2024-07-14 09:50:50","url":"https://pstatic.boweiedu.com/resource/static/0000000000/2024/07/d2ovvs2b570zzc6ijl.jpeg","type":0,"duration":0,"ext":"jpeg","first_frame":"","ext_type":"image","definition":null,"convert_status":"success","belong_id":1798,"number":1},{"uuid":"1472321f830f7da73852c4f6f2bad123","org_id":0,"file":"dog","filepath":"https://pstatic.boweiedu.com/resource/static/0000000000/2024/07/d2ovvs8j4imsanns42.jpeg","created_at":"2024-07-14 09:50:50","url":"https://pstatic.boweiedu.com/resource/static/0000000000/2024/07/d2ovvs8j4imsanns42.jpeg","type":0,"duration":0,"ext":"jpeg","first_frame":"","ext_type":"image","definition":null,"convert_status":"success","belong_id":1799,"number":2}]}]}],"teacher":{"user_uuid":"2c0326b9ade84619bd2f68bc4bb322c1","nick_name":"sam","avatar":"","real_name":"sam","desc":""},"groups":null,"password":""},"timestamp":1720921851,"req_id":"c744a6474ef1e117a8d357441622b439"} 
[2024-07-14 09:50:50] [INFO] [jsonpath_utils.py]/[line: 11]/[get] 通过jsonpath获取到的数据为[1798] 
[2024-07-14 09:50:50] [INFO] [BaseApi.py]/[line: 80]/[send] 发起的请求地址为===========>https://papi.boweiedu.com/backend/resource/sort 
[2024-07-14 09:50:51] [INFO] [BaseApi.py]/[line: 82]/[send] 接口的响应信息为<==========={"code":0,"msg":"success","data":[],"timestamp":1720921851,"req_id":"eec25d534ef1e117a9d35744c88bb06b"} 
[2024-07-14 09:50:51] [INFO] [BaseApi.py]/[line: 80]/[send] 发起的请求地址为===========>https://papi.boweiedu.com/backend/course/delete 
[2024-07-14 09:50:51] [INFO] [BaseApi.py]/[line: 82]/[send] 接口的响应信息为<==========={"code":0,"msg":"success","data":[],"timestamp":1720921851,"req_id":"0e20eb584ef1e117aad357447fa421f3"} 
[2024-07-14 09:50:51] [INFO] [jsonpath_utils.py]/[line: 11]/[get] 通过jsonpath获取到的数据为[0] 
[2024-07-14 10:08:11] [INFO] [BaseApi.py]/[line: 80]/[send] 发起的请求地址为===========>https://papi.boweiedu.com/backend/course/add 
[2024-07-14 10:08:11] [INFO] [BaseApi.py]/[line: 82]/[send] 接口的响应信息为<==========={"code":0,"msg":"success","data":{"uuid":"6f027b3088405323fd9601e92f872eb7"},"timestamp":1720922891,"req_id":"dcef529240f2e11739d45744d3f9ace7"} 
[2024-07-14 10:08:11] [INFO] [jsonpath_utils.py]/[line: 11]/[get] 通过jsonpath获取到的数据为['6f027b3088405323fd9601e92f872eb7'] 
[2024-07-14 10:08:11] [INFO] [BaseApi.py]/[line: 80]/[send] 发起的请求地址为===========>https://papi.boweiedu.com/backend/chapter/add 
[2024-07-14 10:08:11] [INFO] [BaseApi.py]/[line: 82]/[send] 接口的响应信息为<==========={"code":0,"msg":"success","data":{"uuid":"21e1aa8164530686843429a81f20ab66"},"timestamp":1720922891,"req_id":"34d27e9940f2e1173ad457446f0b8a10"} 
[2024-07-14 10:08:11] [INFO] [jsonpath_utils.py]/[line: 11]/[get] 通过jsonpath获取到的数据为[0] 
[2024-07-14 10:08:11] [INFO] [BaseApi.py]/[line: 80]/[send] 发起的请求地址为===========>https://papi.boweiedu.com/backend/course/delete 
[2024-07-14 10:08:11] [INFO] [BaseApi.py]/[line: 82]/[send] 接口的响应信息为<==========={"code":0,"msg":"success","data":[],"timestamp":1720922892,"req_id":"a5ee1fa040f2e1173bd45744624fce67"} 
[2024-07-14 10:08:11] [INFO] [BaseApi.py]/[line: 80]/[send] 发起的请求地址为===========>https://papi.boweiedu.com/backend/course/add 
[2024-07-14 10:08:11] [INFO] [BaseApi.py]/[line: 82]/[send] 接口的响应信息为<==========={"code":0,"msg":"success","data":{"uuid":"133f382554a41ac3f912eafda04d68af"},"timestamp":1720922892,"req_id":"45559fac40f2e1173ed45744ee5c4540"} 
[2024-07-14 10:08:11] [INFO] [jsonpath_utils.py]/[line: 11]/[get] 通过jsonpath获取到的数据为['133f382554a41ac3f912eafda04d68af'] 
[2024-07-14 10:08:11] [INFO] [BaseApi.py]/[line: 80]/[send] 发起的请求地址为===========>https://papi.boweiedu.com/backend/chapter/add 
[2024-07-14 10:08:12] [INFO] [BaseApi.py]/[line: 82]/[send] 接口的响应信息为<==========={"code":0,"msg":"success","data":{"uuid":"1bce45c38cce6f917cb435406b9fc560"},"timestamp":1720922892,"req_id":"3fb7dab240f2e1173fd45744d2ad4347"} 
[2024-07-14 10:08:12] [INFO] [jsonpath_utils.py]/[line: 11]/[get] 通过jsonpath获取到的数据为['1bce45c38cce6f917cb435406b9fc560'] 
[2024-07-14 10:08:12] [INFO] [BaseApi.py]/[line: 80]/[send] 发起的请求地址为===========>https://papi.boweiedu.com/backend/chapter/edit 
[2024-07-14 10:08:12] [INFO] [BaseApi.py]/[line: 82]/[send] 接口的响应信息为<==========={"code":0,"msg":"success","data":[],"timestamp":1720922892,"req_id":"6f3198b840f2e11740d457448aaf2510"} 
[2024-07-14 10:08:12] [INFO] [jsonpath_utils.py]/[line: 11]/[get] 通过jsonpath获取到的数据为[0] 
[2024-07-14 10:08:12] [INFO] [BaseApi.py]/[line: 80]/[send] 发起的请求地址为===========>https://papi.boweiedu.com/backend/course/delete 
[2024-07-14 10:08:12] [INFO] [BaseApi.py]/[line: 82]/[send] 接口的响应信息为<==========={"code":0,"msg":"success","data":[],"timestamp":1720922892,"req_id":"1cc16bbf40f2e11741d45744b29b529f"} 
[2024-07-14 10:08:12] [INFO] [BaseApi.py]/[line: 80]/[send] 发起的请求地址为===========>https://papi.boweiedu.com/backend/resource/list 
[2024-07-14 10:08:12] [INFO] [BaseApi.py]/[line: 82]/[send] 接口的响应信息为<==========={"code":0,"msg":"success","data":{"list":[{"convert_status":"success","created_at":"2023-12-20 18:38:17","duration":0,"ext":"jpg","ext_type":"image","file":"22","first_frame":"","path":"https://pstatic.boweiedu.com/resource/static/759a85a6fc/2023/12/cxt3gukyahx29wt3hj.jpg","size":70188,"type":0,"uuid":"1ffac4f57250436b40050520118e8042"},{"convert_status":"success","created_at":"2023-12-20 18:38:17","duration":0,"ext":"jpg","ext_type":"image","file":"23","first_frame":"","path":"https://pstatic.boweiedu.com/resource/static/759a85a6fc/2023/12/cxt3gul8i7lpik1jqo.jpg","size":27186,"type":0,"uuid":"e90049df2dc60b21e3cca81e309401b7"},{"convert_status":"success","created_at":"2023-12-20 18:38:17","duration":0,"ext":"jpg","ext_type":"image","file":"24","first_frame":"","path":"https://pstatic.boweiedu.com/resource/static/759a85a6fc/2023/12/cxt3gulih5b3rzttsm.jpg","size":106240,"type":0,"uuid":"e590fc2d4e7156ed2a9b3ec87a098639"},{"convert_status":"success","created_at":"2023-12-20 18:40:51","duration":1752,"ext":"m3u8","ext_type":"video","file":"直播回放1220_191122","first_frame":"","path":"https://vodobs.boweiedu.com/6cbce17evodcq1500022954/960b1a253270835013921956367/playlist_eof.m3u8","size":408349335,"type":6,"uuid":"558f2307ce99796522fb970969578c7e"},{"convert_status":"success","created_at":"2023-12-20 19:14:42","duration":29,"ext":"m3u8","ext_type":"video","file":"直播回放1220_191609","first_frame":"","path":"https://vodobs.boweiedu.com/6cbce17evodcq1500022954/881f4a583270835013921368024/playlist_eof.m3u8","size":3908384,"type":6,"uuid":"f4812c11448590b759b69e6e77a8c50b"},{"convert_status":"success","created_at":"2023-12-20 19:16:41","duration":1749,"ext":"m3u8","ext_type":"video","file":"直播回放1220_194650","first_frame":"","path":"https://vodobs.boweiedu.com/6cbce17evodcq1500022954/25e7b8f63270835013502158291/playlist_eof.m3u8","size":388912846,"type":6,"uuid":"58dd867a37aeb4d5138f67a00c397526"},{"convert_status":"success","created_at":"2023-12-20 20:20:39","duration":0,"ext":"jpg","ext_type":"image","file":"18","first_frame":"","path":"https://pstatic.boweiedu.com/resource/static/759a85a6fc/2023/12/cxt5n8aetaemtni9cs.jpg","size":41674,"type":0,"uuid":"091dd7f2e3c6230a85d1b534299dedfc"},{"convert_status":"success","created_at":"2023-12-20 20:20:44","duration":0,"ext":"jpg","ext_type":"image","file":"20","first_frame":"","path":"https://pstatic.boweiedu.com/resource/static/759a85a6fc/2023/12/cxt5nas6lcjxylekqn.jpg","size":53946,"type":0,"uuid":"ba72375f2bd0105658b9ae41a145149e"},{"convert_status":"success","created_at":"2023-12-20 20:20:44","duration":0,"ext":"jpg","ext_type":"image","file":"23","first_frame":"","path":"https://pstatic.boweiedu.com/resource/static/759a85a6fc/2023/12/cxt5nas9wclxbuc5cp.jpg","size":27186,"type":0,"uuid":"76ca48ffc09779df8c873f7d9f2e082c"},{"convert_status":"success","created_at":"2023-12-20 20:20:44","duration":0,"ext":"jpg","ext_type":"image","file":"21","first_frame":"","path":"https://pstatic.boweiedu.com/resource/static/759a85a6fc/2023/12/cxt5nasgtz9dvxoef6.jpg","size":99678,"type":0,"uuid":"2de2e612c3397cd9ec640cf659be75c5"}],"pagination":{"size":10,"total":806,"pages":81,"page":1}},"timestamp":1720922892,"req_id":"a99f01c740f2e11743d4574425c49266"} 
[2024-07-14 10:08:12] [INFO] [BaseApi.py]/[line: 80]/[send] 发起的请求地址为===========>https://papi.boweiedu.com/backend/resource/list 
[2024-07-14 10:08:12] [INFO] [BaseApi.py]/[line: 82]/[send] 接口的响应信息为<==========={"code":0,"msg":"success","data":{"list":[{"convert_status":"success","created_at":"2023-12-20 18:38:17","duration":0,"ext":"jpg","ext_type":"image","file":"22","first_frame":"","path":"https://pstatic.boweiedu.com/resource/static/759a85a6fc/2023/12/cxt3gukyahx29wt3hj.jpg","size":70188,"type":0,"uuid":"1ffac4f57250436b40050520118e8042"},{"convert_status":"success","created_at":"2023-12-20 18:38:17","duration":0,"ext":"jpg","ext_type":"image","file":"23","first_frame":"","path":"https://pstatic.boweiedu.com/resource/static/759a85a6fc/2023/12/cxt3gul8i7lpik1jqo.jpg","size":27186,"type":0,"uuid":"e90049df2dc60b21e3cca81e309401b7"},{"convert_status":"success","created_at":"2023-12-20 18:38:17","duration":0,"ext":"jpg","ext_type":"image","file":"24","first_frame":"","path":"https://pstatic.boweiedu.com/resource/static/759a85a6fc/2023/12/cxt3gulih5b3rzttsm.jpg","size":106240,"type":0,"uuid":"e590fc2d4e7156ed2a9b3ec87a098639"},{"convert_status":"success","created_at":"2023-12-20 18:40:51","duration":1752,"ext":"m3u8","ext_type":"video","file":"直播回放1220_191122","first_frame":"","path":"https://vodobs.boweiedu.com/6cbce17evodcq1500022954/960b1a253270835013921956367/playlist_eof.m3u8","size":408349335,"type":6,"uuid":"558f2307ce99796522fb970969578c7e"},{"convert_status":"success","created_at":"2023-12-20 19:14:42","duration":29,"ext":"m3u8","ext_type":"video","file":"直播回放1220_191609","first_frame":"","path":"https://vodobs.boweiedu.com/6cbce17evodcq1500022954/881f4a583270835013921368024/playlist_eof.m3u8","size":3908384,"type":6,"uuid":"f4812c11448590b759b69e6e77a8c50b"},{"convert_status":"success","created_at":"2023-12-20 19:16:41","duration":1749,"ext":"m3u8","ext_type":"video","file":"直播回放1220_194650","first_frame":"","path":"https://vodobs.boweiedu.com/6cbce17evodcq1500022954/25e7b8f63270835013502158291/playlist_eof.m3u8","size":388912846,"type":6,"uuid":"58dd867a37aeb4d5138f67a00c397526"},{"convert_status":"success","created_at":"2023-12-20 20:20:39","duration":0,"ext":"jpg","ext_type":"image","file":"18","first_frame":"","path":"https://pstatic.boweiedu.com/resource/static/759a85a6fc/2023/12/cxt5n8aetaemtni9cs.jpg","size":41674,"type":0,"uuid":"091dd7f2e3c6230a85d1b534299dedfc"},{"convert_status":"success","created_at":"2023-12-20 20:20:44","duration":0,"ext":"jpg","ext_type":"image","file":"20","first_frame":"","path":"https://pstatic.boweiedu.com/resource/static/759a85a6fc/2023/12/cxt5nas6lcjxylekqn.jpg","size":53946,"type":0,"uuid":"ba72375f2bd0105658b9ae41a145149e"},{"convert_status":"success","created_at":"2023-12-20 20:20:44","duration":0,"ext":"jpg","ext_type":"image","file":"23","first_frame":"","path":"https://pstatic.boweiedu.com/resource/static/759a85a6fc/2023/12/cxt5nas9wclxbuc5cp.jpg","size":27186,"type":0,"uuid":"76ca48ffc09779df8c873f7d9f2e082c"},{"convert_status":"success","created_at":"2023-12-20 20:20:44","duration":0,"ext":"jpg","ext_type":"image","file":"21","first_frame":"","path":"https://pstatic.boweiedu.com/resource/static/759a85a6fc/2023/12/cxt5nasgtz9dvxoef6.jpg","size":99678,"type":0,"uuid":"2de2e612c3397cd9ec640cf659be75c5"}],"pagination":{"size":10,"total":806,"pages":81,"page":1}},"timestamp":1720922892,"req_id":"fee921cd40f2e11744d457448d5501a8"} 
[2024-07-14 10:08:12] [INFO] [test_resource_manage_api.py]/[line: 41]/[test_get_resource_lists] JSONSchema的结构为：{'$schema': 'http://json-schema.org/schema#', 'type': 'object', 'properties': {'code': {'type': 'integer'}, 'msg': {'type': 'string'}, 'data': {'type': 'object', 'properties': {'list': {'type': 'array', 'items': {'type': 'object', 'properties': {'convert_status': {'type': 'string'}, 'created_at': {'type': 'string'}, 'duration': {'type': 'integer'}, 'ext': {'type': 'string'}, 'ext_type': {'type': 'string'}, 'file': {'type': 'string'}, 'first_frame': {'type': 'string'}, 'path': {'type': 'string'}, 'size': {'type': 'integer'}, 'type': {'type': 'integer'}, 'uuid': {'type': 'string'}}, 'required': ['convert_status', 'created_at', 'duration', 'ext', 'ext_type', 'file', 'first_frame', 'path', 'size', 'type', 'uuid']}}, 'pagination': {'type': 'object', 'properties': {'size': {'type': 'integer'}, 'total': {'type': 'integer'}, 'pages': {'type': 'integer'}, 'page': {'type': 'integer'}}, 'required': ['page', 'pages', 'size', 'total']}}, 'required': ['list', 'pagination']}, 'timestamp': {'type': 'integer'}, 'req_id': {'type': 'string'}}, 'required': ['code', 'data', 'msg', 'req_id', 'timestamp']} 
[2024-07-14 10:08:12] [INFO] [BaseApi.py]/[line: 80]/[send] 发起的请求地址为===========>https://papi.boweiedu.com/backend/resource/list 
[2024-07-14 10:08:12] [INFO] [BaseApi.py]/[line: 82]/[send] 接口的响应信息为<==========={"code":0,"msg":"success","data":{"list":[{"convert_status":"success","created_at":"2023-12-20 18:38:17","duration":0,"ext":"jpg","ext_type":"image","file":"22","first_frame":"","path":"https://pstatic.boweiedu.com/resource/static/759a85a6fc/2023/12/cxt3gukyahx29wt3hj.jpg","size":70188,"type":0,"uuid":"1ffac4f57250436b40050520118e8042"},{"convert_status":"success","created_at":"2023-12-20 18:38:17","duration":0,"ext":"jpg","ext_type":"image","file":"23","first_frame":"","path":"https://pstatic.boweiedu.com/resource/static/759a85a6fc/2023/12/cxt3gul8i7lpik1jqo.jpg","size":27186,"type":0,"uuid":"e90049df2dc60b21e3cca81e309401b7"},{"convert_status":"success","created_at":"2023-12-20 18:38:17","duration":0,"ext":"jpg","ext_type":"image","file":"24","first_frame":"","path":"https://pstatic.boweiedu.com/resource/static/759a85a6fc/2023/12/cxt3gulih5b3rzttsm.jpg","size":106240,"type":0,"uuid":"e590fc2d4e7156ed2a9b3ec87a098639"},{"convert_status":"success","created_at":"2023-12-20 18:40:51","duration":1752,"ext":"m3u8","ext_type":"video","file":"直播回放1220_191122","first_frame":"","path":"https://vodobs.boweiedu.com/6cbce17evodcq1500022954/960b1a253270835013921956367/playlist_eof.m3u8","size":408349335,"type":6,"uuid":"558f2307ce99796522fb970969578c7e"},{"convert_status":"success","created_at":"2023-12-20 19:14:42","duration":29,"ext":"m3u8","ext_type":"video","file":"直播回放1220_191609","first_frame":"","path":"https://vodobs.boweiedu.com/6cbce17evodcq1500022954/881f4a583270835013921368024/playlist_eof.m3u8","size":3908384,"type":6,"uuid":"f4812c11448590b759b69e6e77a8c50b"},{"convert_status":"success","created_at":"2023-12-20 19:16:41","duration":1749,"ext":"m3u8","ext_type":"video","file":"直播回放1220_194650","first_frame":"","path":"https://vodobs.boweiedu.com/6cbce17evodcq1500022954/25e7b8f63270835013502158291/playlist_eof.m3u8","size":388912846,"type":6,"uuid":"58dd867a37aeb4d5138f67a00c397526"},{"convert_status":"success","created_at":"2023-12-20 20:20:39","duration":0,"ext":"jpg","ext_type":"image","file":"18","first_frame":"","path":"https://pstatic.boweiedu.com/resource/static/759a85a6fc/2023/12/cxt5n8aetaemtni9cs.jpg","size":41674,"type":0,"uuid":"091dd7f2e3c6230a85d1b534299dedfc"},{"convert_status":"success","created_at":"2023-12-20 20:20:44","duration":0,"ext":"jpg","ext_type":"image","file":"20","first_frame":"","path":"https://pstatic.boweiedu.com/resource/static/759a85a6fc/2023/12/cxt5nas6lcjxylekqn.jpg","size":53946,"type":0,"uuid":"ba72375f2bd0105658b9ae41a145149e"},{"convert_status":"success","created_at":"2023-12-20 20:20:44","duration":0,"ext":"jpg","ext_type":"image","file":"23","first_frame":"","path":"https://pstatic.boweiedu.com/resource/static/759a85a6fc/2023/12/cxt5nas9wclxbuc5cp.jpg","size":27186,"type":0,"uuid":"76ca48ffc09779df8c873f7d9f2e082c"},{"convert_status":"success","created_at":"2023-12-20 20:20:44","duration":0,"ext":"jpg","ext_type":"image","file":"21","first_frame":"","path":"https://pstatic.boweiedu.com/resource/static/759a85a6fc/2023/12/cxt5nasgtz9dvxoef6.jpg","size":99678,"type":0,"uuid":"2de2e612c3397cd9ec640cf659be75c5"}],"pagination":{"size":10,"total":806,"pages":81,"page":1}},"timestamp":1720922892,"req_id":"919938d340f2e11745d45744ba39018e"} 
[2024-07-14 10:08:12] [INFO] [test_resource_manage_api.py]/[line: 44]/[test_get_resource_lists] 验证的结果为：True 
[2024-07-14 10:08:12] [INFO] [BaseApi.py]/[line: 80]/[send] 发起的请求地址为===========>https://papi.boweiedu.com/backend/resource/list 
[2024-07-14 10:08:12] [INFO] [BaseApi.py]/[line: 82]/[send] 接口的响应信息为<==========={"code":0,"msg":"success","data":{"list":[{"convert_status":"success","created_at":"2023-12-20 18:38:17","duration":0,"ext":"jpg","ext_type":"image","file":"22","first_frame":"","path":"https://pstatic.boweiedu.com/resource/static/759a85a6fc/2023/12/cxt3gukyahx29wt3hj.jpg","size":70188,"type":0,"uuid":"1ffac4f57250436b40050520118e8042"},{"convert_status":"success","created_at":"2023-12-20 18:38:17","duration":0,"ext":"jpg","ext_type":"image","file":"23","first_frame":"","path":"https://pstatic.boweiedu.com/resource/static/759a85a6fc/2023/12/cxt3gul8i7lpik1jqo.jpg","size":27186,"type":0,"uuid":"e90049df2dc60b21e3cca81e309401b7"},{"convert_status":"success","created_at":"2023-12-20 18:38:17","duration":0,"ext":"jpg","ext_type":"image","file":"24","first_frame":"","path":"https://pstatic.boweiedu.com/resource/static/759a85a6fc/2023/12/cxt3gulih5b3rzttsm.jpg","size":106240,"type":0,"uuid":"e590fc2d4e7156ed2a9b3ec87a098639"},{"convert_status":"success","created_at":"2023-12-20 18:40:51","duration":1752,"ext":"m3u8","ext_type":"video","file":"直播回放1220_191122","first_frame":"","path":"https://vodobs.boweiedu.com/6cbce17evodcq1500022954/960b1a253270835013921956367/playlist_eof.m3u8","size":408349335,"type":6,"uuid":"558f2307ce99796522fb970969578c7e"},{"convert_status":"success","created_at":"2023-12-20 19:14:42","duration":29,"ext":"m3u8","ext_type":"video","file":"直播回放1220_191609","first_frame":"","path":"https://vodobs.boweiedu.com/6cbce17evodcq1500022954/881f4a583270835013921368024/playlist_eof.m3u8","size":3908384,"type":6,"uuid":"f4812c11448590b759b69e6e77a8c50b"},{"convert_status":"success","created_at":"2023-12-20 19:16:41","duration":1749,"ext":"m3u8","ext_type":"video","file":"直播回放1220_194650","first_frame":"","path":"https://vodobs.boweiedu.com/6cbce17evodcq1500022954/25e7b8f63270835013502158291/playlist_eof.m3u8","size":388912846,"type":6,"uuid":"58dd867a37aeb4d5138f67a00c397526"},{"convert_status":"success","created_at":"2023-12-20 20:20:39","duration":0,"ext":"jpg","ext_type":"image","file":"18","first_frame":"","path":"https://pstatic.boweiedu.com/resource/static/759a85a6fc/2023/12/cxt5n8aetaemtni9cs.jpg","size":41674,"type":0,"uuid":"091dd7f2e3c6230a85d1b534299dedfc"},{"convert_status":"success","created_at":"2023-12-20 20:20:44","duration":0,"ext":"jpg","ext_type":"image","file":"20","first_frame":"","path":"https://pstatic.boweiedu.com/resource/static/759a85a6fc/2023/12/cxt5nas6lcjxylekqn.jpg","size":53946,"type":0,"uuid":"ba72375f2bd0105658b9ae41a145149e"},{"convert_status":"success","created_at":"2023-12-20 20:20:44","duration":0,"ext":"jpg","ext_type":"image","file":"23","first_frame":"","path":"https://pstatic.boweiedu.com/resource/static/759a85a6fc/2023/12/cxt5nas9wclxbuc5cp.jpg","size":27186,"type":0,"uuid":"76ca48ffc09779df8c873f7d9f2e082c"},{"convert_status":"success","created_at":"2023-12-20 20:20:44","duration":0,"ext":"jpg","ext_type":"image","file":"21","first_frame":"","path":"https://pstatic.boweiedu.com/resource/static/759a85a6fc/2023/12/cxt5nasgtz9dvxoef6.jpg","size":99678,"type":0,"uuid":"2de2e612c3397cd9ec640cf659be75c5"}],"pagination":{"size":10,"total":806,"pages":81,"page":1}},"timestamp":1720922892,"req_id":"6ffed0d940f2e11746d457442712d7d5"} 
[2024-07-14 10:08:12] [INFO] [BaseApi.py]/[line: 80]/[send] 发起的请求地址为===========>https://papi.boweiedu.com/backend/resource/list 
[2024-07-14 10:08:12] [INFO] [BaseApi.py]/[line: 82]/[send] 接口的响应信息为<==========={"code":0,"msg":"success","data":{"list":[{"convert_status":"success","created_at":"2023-12-20 18:38:17","duration":0,"ext":"jpg","ext_type":"image","file":"22","first_frame":"","path":"https://pstatic.boweiedu.com/resource/static/759a85a6fc/2023/12/cxt3gukyahx29wt3hj.jpg","size":70188,"type":0,"uuid":"1ffac4f57250436b40050520118e8042"},{"convert_status":"success","created_at":"2023-12-20 18:38:17","duration":0,"ext":"jpg","ext_type":"image","file":"23","first_frame":"","path":"https://pstatic.boweiedu.com/resource/static/759a85a6fc/2023/12/cxt3gul8i7lpik1jqo.jpg","size":27186,"type":0,"uuid":"e90049df2dc60b21e3cca81e309401b7"},{"convert_status":"success","created_at":"2023-12-20 18:38:17","duration":0,"ext":"jpg","ext_type":"image","file":"24","first_frame":"","path":"https://pstatic.boweiedu.com/resource/static/759a85a6fc/2023/12/cxt3gulih5b3rzttsm.jpg","size":106240,"type":0,"uuid":"e590fc2d4e7156ed2a9b3ec87a098639"},{"convert_status":"success","created_at":"2023-12-20 18:40:51","duration":1752,"ext":"m3u8","ext_type":"video","file":"直播回放1220_191122","first_frame":"","path":"https://vodobs.boweiedu.com/6cbce17evodcq1500022954/960b1a253270835013921956367/playlist_eof.m3u8","size":408349335,"type":6,"uuid":"558f2307ce99796522fb970969578c7e"},{"convert_status":"success","created_at":"2023-12-20 19:14:42","duration":29,"ext":"m3u8","ext_type":"video","file":"直播回放1220_191609","first_frame":"","path":"https://vodobs.boweiedu.com/6cbce17evodcq1500022954/881f4a583270835013921368024/playlist_eof.m3u8","size":3908384,"type":6,"uuid":"f4812c11448590b759b69e6e77a8c50b"},{"convert_status":"success","created_at":"2023-12-20 19:16:41","duration":1749,"ext":"m3u8","ext_type":"video","file":"直播回放1220_194650","first_frame":"","path":"https://vodobs.boweiedu.com/6cbce17evodcq1500022954/25e7b8f63270835013502158291/playlist_eof.m3u8","size":388912846,"type":6,"uuid":"58dd867a37aeb4d5138f67a00c397526"},{"convert_status":"success","created_at":"2023-12-20 20:20:39","duration":0,"ext":"jpg","ext_type":"image","file":"18","first_frame":"","path":"https://pstatic.boweiedu.com/resource/static/759a85a6fc/2023/12/cxt5n8aetaemtni9cs.jpg","size":41674,"type":0,"uuid":"091dd7f2e3c6230a85d1b534299dedfc"},{"convert_status":"success","created_at":"2023-12-20 20:20:44","duration":0,"ext":"jpg","ext_type":"image","file":"20","first_frame":"","path":"https://pstatic.boweiedu.com/resource/static/759a85a6fc/2023/12/cxt5nas6lcjxylekqn.jpg","size":53946,"type":0,"uuid":"ba72375f2bd0105658b9ae41a145149e"},{"convert_status":"success","created_at":"2023-12-20 20:20:44","duration":0,"ext":"jpg","ext_type":"image","file":"23","first_frame":"","path":"https://pstatic.boweiedu.com/resource/static/759a85a6fc/2023/12/cxt5nas9wclxbuc5cp.jpg","size":27186,"type":0,"uuid":"76ca48ffc09779df8c873f7d9f2e082c"},{"convert_status":"success","created_at":"2023-12-20 20:20:44","duration":0,"ext":"jpg","ext_type":"image","file":"21","first_frame":"","path":"https://pstatic.boweiedu.com/resource/static/759a85a6fc/2023/12/cxt5nasgtz9dvxoef6.jpg","size":99678,"type":0,"uuid":"2de2e612c3397cd9ec640cf659be75c5"}],"pagination":{"size":10,"total":806,"pages":81,"page":1}},"timestamp":1720922893,"req_id":"6adf01e040f2e11747d457442aa4da96"} 
[2024-07-14 10:08:12] [INFO] [test_resource_manage_api.py]/[line: 58]/[test_get_resource_list] 验证的结果为：True 
[2024-07-14 10:08:12] [INFO] [BaseApi.py]/[line: 80]/[send] 发起的请求地址为===========>https://papi.boweiedu.com/backend/course/add 
[2024-07-14 10:08:13] [INFO] [BaseApi.py]/[line: 82]/[send] 接口的响应信息为<==========={"code":0,"msg":"success","data":{"uuid":"62a81256b9e2688cb9fc62203f651f3a"},"timestamp":1720922893,"req_id":"59889af240f2e11749d4574409075bf3"} 
[2024-07-14 10:08:13] [INFO] [jsonpath_utils.py]/[line: 11]/[get] 通过jsonpath获取到的数据为['62a81256b9e2688cb9fc62203f651f3a'] 
[2024-07-14 10:08:13] [INFO] [BaseApi.py]/[line: 80]/[send] 发起的请求地址为===========>https://papi.boweiedu.com/backend/chapter/add 
[2024-07-14 10:08:13] [INFO] [BaseApi.py]/[line: 82]/[send] 接口的响应信息为<==========={"code":0,"msg":"success","data":{"uuid":"a80309579931c6a4b7548d7760189604"},"timestamp":1720922893,"req_id":"82ced4f840f2e1174ad45744325105ac"} 
[2024-07-14 10:08:13] [INFO] [jsonpath_utils.py]/[line: 11]/[get] 通过jsonpath获取到的数据为['a80309579931c6a4b7548d7760189604'] 
[2024-07-14 10:08:13] [INFO] [BaseApi.py]/[line: 80]/[send] 发起的请求地址为===========>https://papi.boweiedu.com/backend/lesson/add 
[2024-07-14 10:08:13] [INFO] [BaseApi.py]/[line: 82]/[send] 接口的响应信息为<==========={"code":0,"msg":"success","data":{"uuid":"071b105680d311bb073fb4206bb4ede6"},"timestamp":1720922893,"req_id":"0ef239ff40f2e1174bd45744a5730300"} 
[2024-07-14 10:08:13] [INFO] [jsonpath_utils.py]/[line: 11]/[get] 通过jsonpath获取到的数据为['071b105680d311bb073fb4206bb4ede6'] 
[2024-07-14 10:08:13] [INFO] [BaseApi.py]/[line: 80]/[send] 发起的请求地址为===========>https://papi.boweiedu.com/comm/upload 
[2024-07-14 10:08:13] [INFO] [BaseApi.py]/[line: 82]/[send] 接口的响应信息为<==========={"code":0,"msg":"success","data":{"uuid":"1336d940163f8968ceeb322b612db295","filepath":"https://pstatic.boweiedu.com/resource/static/0000000000/2024/07/d2ow93cogallfef9wi.jpeg","url":"https://pstatic.boweiedu.com/resource/static/0000000000/2024/07/d2ow93cogallfef9wi.jpeg"},"timestamp":1720922893,"req_id":"eacb8a0f41f2e1174cd457448d08196b"} 
[2024-07-14 10:08:13] [INFO] [jsonpath_utils.py]/[line: 11]/[get] 通过jsonpath获取到的数据为['1336d940163f8968ceeb322b612db295'] 
[2024-07-14 10:08:13] [INFO] [BaseApi.py]/[line: 80]/[send] 发起的请求地址为===========>https://papi.boweiedu.com/backend/resource/bind 
[2024-07-14 10:08:13] [INFO] [BaseApi.py]/[line: 82]/[send] 接口的响应信息为<==========={"code":0,"msg":"success","data":[],"timestamp":1720922894,"req_id":"2b37971641f2e1174dd45744db63a89f"} 
[2024-07-14 10:08:13] [INFO] [BaseApi.py]/[line: 80]/[send] 发起的请求地址为===========>https://papi.boweiedu.com/backend/course/delete 
[2024-07-14 10:08:13] [INFO] [BaseApi.py]/[line: 82]/[send] 接口的响应信息为<==========={"code":0,"msg":"success","data":[],"timestamp":1720922894,"req_id":"f935771d41f2e1174ed45744bf380186"} 
[2024-07-14 10:08:13] [INFO] [jsonpath_utils.py]/[line: 11]/[get] 通过jsonpath获取到的数据为[0] 
[2024-07-14 10:08:13] [INFO] [BaseApi.py]/[line: 80]/[send] 发起的请求地址为===========>https://papi.boweiedu.com/backend/course/add 
[2024-07-14 10:08:14] [INFO] [BaseApi.py]/[line: 82]/[send] 接口的响应信息为<==========={"code":0,"msg":"success","data":{"uuid":"da493729f30950823ee97ec5798bd4d5"},"timestamp":1720922894,"req_id":"2bd59b2941f2e11751d45744cc6e97a5"} 
[2024-07-14 10:08:14] [INFO] [jsonpath_utils.py]/[line: 11]/[get] 通过jsonpath获取到的数据为['da493729f30950823ee97ec5798bd4d5'] 
[2024-07-14 10:08:14] [INFO] [BaseApi.py]/[line: 80]/[send] 发起的请求地址为===========>https://papi.boweiedu.com/backend/chapter/add 
[2024-07-14 10:08:14] [INFO] [BaseApi.py]/[line: 82]/[send] 接口的响应信息为<==========={"code":0,"msg":"success","data":{"uuid":"931784ab75090298e9aec8d047ce89b4"},"timestamp":1720922894,"req_id":"06e2553041f2e11752d4574474fd754e"} 
[2024-07-14 10:08:14] [INFO] [jsonpath_utils.py]/[line: 11]/[get] 通过jsonpath获取到的数据为['931784ab75090298e9aec8d047ce89b4'] 
[2024-07-14 10:08:14] [INFO] [BaseApi.py]/[line: 80]/[send] 发起的请求地址为===========>https://papi.boweiedu.com/backend/lesson/add 
[2024-07-14 10:08:14] [INFO] [BaseApi.py]/[line: 82]/[send] 接口的响应信息为<==========={"code":0,"msg":"success","data":{"uuid":"d5d0f6fb912650fc88223a1540b317dd"},"timestamp":1720922894,"req_id":"e9052f3641f2e11753d45744ac652add"} 
[2024-07-14 10:08:14] [INFO] [jsonpath_utils.py]/[line: 11]/[get] 通过jsonpath获取到的数据为['d5d0f6fb912650fc88223a1540b317dd'] 
[2024-07-14 10:08:14] [INFO] [BaseApi.py]/[line: 80]/[send] 发起的请求地址为===========>https://papi.boweiedu.com/comm/upload 
[2024-07-14 10:08:14] [INFO] [BaseApi.py]/[line: 82]/[send] 接口的响应信息为<==========={"code":0,"msg":"success","data":{"uuid":"a9f3083cca938ea141779c2f5a240e55","filepath":"https://pstatic.boweiedu.com/resource/static/0000000000/2024/07/d2ow93r3pnvw6jsazv.jpeg","url":"https://pstatic.boweiedu.com/resource/static/0000000000/2024/07/d2ow93r3pnvw6jsazv.jpeg"},"timestamp":1720922894,"req_id":"a61e874341f2e11754d45744c05a6080"} 
[2024-07-14 10:08:14] [INFO] [jsonpath_utils.py]/[line: 11]/[get] 通过jsonpath获取到的数据为['a9f3083cca938ea141779c2f5a240e55'] 
[2024-07-14 10:08:14] [INFO] [BaseApi.py]/[line: 80]/[send] 发起的请求地址为===========>https://papi.boweiedu.com/backend/resource/bind 
[2024-07-14 10:08:14] [INFO] [BaseApi.py]/[line: 82]/[send] 接口的响应信息为<==========={"code":0,"msg":"success","data":[],"timestamp":1720922894,"req_id":"f6d3f04b41f2e11755d45744b2c76ba1"} 
[2024-07-14 10:08:14] [INFO] [BaseApi.py]/[line: 80]/[send] 发起的请求地址为===========>https://papi.boweiedu.com/backend/resource/unbind 
[2024-07-14 10:08:14] [INFO] [BaseApi.py]/[line: 82]/[send] 接口的响应信息为<==========={"code":0,"msg":"success","data":[],"timestamp":1720922895,"req_id":"5e23ca5141f2e11756d45744375a4f34"} 
[2024-07-14 10:08:14] [INFO] [BaseApi.py]/[line: 80]/[send] 发起的请求地址为===========>https://papi.boweiedu.com/backend/course/delete 
[2024-07-14 10:08:14] [INFO] [BaseApi.py]/[line: 82]/[send] 接口的响应信息为<==========={"code":0,"msg":"success","data":[],"timestamp":1720922895,"req_id":"d57a375841f2e11757d45744867c1b0c"} 
[2024-07-14 10:08:14] [INFO] [jsonpath_utils.py]/[line: 11]/[get] 通过jsonpath获取到的数据为[0] 
[2024-07-14 10:08:14] [INFO] [BaseApi.py]/[line: 80]/[send] 发起的请求地址为===========>https://papi.boweiedu.com/backend/course/add 
[2024-07-14 10:08:15] [INFO] [BaseApi.py]/[line: 82]/[send] 接口的响应信息为<==========={"code":0,"msg":"success","data":{"uuid":"f3c9358e1ed792da5b98216ac8c63d8c"},"timestamp":1720922895,"req_id":"0268f66541f2e1175ad45744cc435482"} 
[2024-07-14 10:08:15] [INFO] [jsonpath_utils.py]/[line: 11]/[get] 通过jsonpath获取到的数据为['f3c9358e1ed792da5b98216ac8c63d8c'] 
[2024-07-14 10:08:15] [INFO] [BaseApi.py]/[line: 80]/[send] 发起的请求地址为===========>https://papi.boweiedu.com/backend/chapter/add 
[2024-07-14 10:08:15] [INFO] [BaseApi.py]/[line: 82]/[send] 接口的响应信息为<==========={"code":0,"msg":"success","data":{"uuid":"97b879d8f662d4ea896ea3e251671275"},"timestamp":1720922895,"req_id":"97e2406c41f2e1175bd45744bcd63dc8"} 
[2024-07-14 10:08:15] [INFO] [jsonpath_utils.py]/[line: 11]/[get] 通过jsonpath获取到的数据为['97b879d8f662d4ea896ea3e251671275'] 
[2024-07-14 10:08:15] [INFO] [BaseApi.py]/[line: 80]/[send] 发起的请求地址为===========>https://papi.boweiedu.com/backend/lesson/add 
[2024-07-14 10:08:15] [INFO] [BaseApi.py]/[line: 82]/[send] 接口的响应信息为<==========={"code":0,"msg":"success","data":{"uuid":"836a88d80200ca61240753ed988436b9"},"timestamp":1720922895,"req_id":"0f51507341f2e1175cd4574413aefc57"} 
[2024-07-14 10:08:15] [INFO] [jsonpath_utils.py]/[line: 11]/[get] 通过jsonpath获取到的数据为['836a88d80200ca61240753ed988436b9'] 
[2024-07-14 10:08:15] [INFO] [BaseApi.py]/[line: 80]/[send] 发起的请求地址为===========>https://papi.boweiedu.com/comm/upload 
[2024-07-14 10:08:15] [INFO] [BaseApi.py]/[line: 82]/[send] 接口的响应信息为<==========={"code":0,"msg":"success","data":{"uuid":"aa95cedb7c3fa0238278ef6648dca64f","filepath":"https://pstatic.boweiedu.com/resource/static/0000000000/2024/07/d2ow948ftrc2lswiw0.jpeg","url":"https://pstatic.boweiedu.com/resource/static/0000000000/2024/07/d2ow948ftrc2lswiw0.jpeg"},"timestamp":1720922895,"req_id":"5ea7058241f2e1175dd4574448499323"} 
[2024-07-14 10:08:15] [INFO] [jsonpath_utils.py]/[line: 11]/[get] 通过jsonpath获取到的数据为['aa95cedb7c3fa0238278ef6648dca64f'] 
[2024-07-14 10:08:15] [INFO] [BaseApi.py]/[line: 80]/[send] 发起的请求地址为===========>https://papi.boweiedu.com/backend/resource/bind 
[2024-07-14 10:08:15] [INFO] [BaseApi.py]/[line: 82]/[send] 接口的响应信息为<==========={"code":0,"msg":"success","data":[],"timestamp":1720922895,"req_id":"0fa0988941f2e1175ed4574459669b98"} 
[2024-07-14 10:08:15] [INFO] [BaseApi.py]/[line: 80]/[send] 发起的请求地址为===========>https://papi.boweiedu.com/backend/resource/edit 
[2024-07-14 10:08:15] [INFO] [BaseApi.py]/[line: 82]/[send] 接口的响应信息为<==========={"code":0,"msg":"success","data":[],"timestamp":1720922896,"req_id":"af65a89041f2e1175fd45744832c431d"} 
[2024-07-14 10:08:15] [INFO] [BaseApi.py]/[line: 80]/[send] 发起的请求地址为===========>https://papi.boweiedu.com/backend/course/delete 
[2024-07-14 10:08:15] [INFO] [BaseApi.py]/[line: 82]/[send] 接口的响应信息为<==========={"code":0,"msg":"success","data":[],"timestamp":1720922896,"req_id":"4e500d9841f2e11760d45744e52c066a"} 
[2024-07-14 10:08:15] [INFO] [jsonpath_utils.py]/[line: 11]/[get] 通过jsonpath获取到的数据为[0] 
[2024-07-14 10:08:15] [INFO] [BaseApi.py]/[line: 80]/[send] 发起的请求地址为===========>https://papi.boweiedu.com/backend/course/add 
[2024-07-14 10:08:16] [INFO] [BaseApi.py]/[line: 82]/[send] 接口的响应信息为<==========={"code":0,"msg":"success","data":{"uuid":"74d08e78718345c16d616c0198b88376"},"timestamp":1720922896,"req_id":"659ff1a441f2e11763d4574400c8b06b"} 
[2024-07-14 10:08:16] [INFO] [jsonpath_utils.py]/[line: 11]/[get] 通过jsonpath获取到的数据为['74d08e78718345c16d616c0198b88376'] 
[2024-07-14 10:08:16] [INFO] [BaseApi.py]/[line: 80]/[send] 发起的请求地址为===========>https://papi.boweiedu.com/backend/chapter/add 
[2024-07-14 10:08:16] [INFO] [BaseApi.py]/[line: 82]/[send] 接口的响应信息为<==========={"code":0,"msg":"success","data":{"uuid":"0e312303b11365653869cdd9db9762ca"},"timestamp":1720922896,"req_id":"d80bd5aa41f2e11764d45744d8e01674"} 
[2024-07-14 10:08:16] [INFO] [jsonpath_utils.py]/[line: 11]/[get] 通过jsonpath获取到的数据为['0e312303b11365653869cdd9db9762ca'] 
[2024-07-14 10:08:16] [INFO] [BaseApi.py]/[line: 80]/[send] 发起的请求地址为===========>https://papi.boweiedu.com/backend/lesson/add 
[2024-07-14 10:08:16] [INFO] [BaseApi.py]/[line: 82]/[send] 接口的响应信息为<==========={"code":0,"msg":"success","data":{"uuid":"0fbbffe000f6db90e4cfc97f6ee47162"},"timestamp":1720922896,"req_id":"79b568b041f2e11765d45744df115314"} 
[2024-07-14 10:08:16] [INFO] [jsonpath_utils.py]/[line: 11]/[get] 通过jsonpath获取到的数据为['0fbbffe000f6db90e4cfc97f6ee47162'] 
[2024-07-14 10:08:16] [INFO] [BaseApi.py]/[line: 80]/[send] 发起的请求地址为===========>https://papi.boweiedu.com/comm/upload 
[2024-07-14 10:08:16] [INFO] [BaseApi.py]/[line: 82]/[send] 接口的响应信息为<==========={"code":0,"msg":"success","data":{"uuid":"3e55d68b9ef834b4b1ad6e3835b7e721","filepath":"https://pstatic.boweiedu.com/resource/static/0000000000/2024/07/d2ow94qnb36xpytjf6.jpeg","url":"https://pstatic.boweiedu.com/resource/static/0000000000/2024/07/d2ow94qnb36xpytjf6.jpeg"},"timestamp":1720922896,"req_id":"228ca1c341f2e11766d45744c6531e7f"} 
[2024-07-14 10:08:16] [INFO] [jsonpath_utils.py]/[line: 11]/[get] 通过jsonpath获取到的数据为['3e55d68b9ef834b4b1ad6e3835b7e721'] 
[2024-07-14 10:08:16] [INFO] [BaseApi.py]/[line: 80]/[send] 发起的请求地址为===========>https://papi.boweiedu.com/backend/resource/bind 
[2024-07-14 10:08:16] [INFO] [BaseApi.py]/[line: 82]/[send] 接口的响应信息为<==========={"code":0,"msg":"success","data":[],"timestamp":1720922897,"req_id":"5797fecd41f2e11767d45744ca399af2"} 
[2024-07-14 10:08:16] [INFO] [BaseApi.py]/[line: 80]/[send] 发起的请求地址为===========>https://papi.boweiedu.com/backend/resource/unbind 
[2024-07-14 10:08:16] [INFO] [BaseApi.py]/[line: 82]/[send] 接口的响应信息为<==========={"code":0,"msg":"success","data":[],"timestamp":1720922897,"req_id":"609260d441f2e11768d457447b51360a"} 
[2024-07-14 10:08:16] [INFO] [BaseApi.py]/[line: 80]/[send] 发起的请求地址为===========>https://papi.boweiedu.com/backend/resource/delete 
[2024-07-14 10:08:16] [INFO] [BaseApi.py]/[line: 82]/[send] 接口的响应信息为<==========={"code":0,"msg":"success","data":[],"timestamp":1720922897,"req_id":"93581dda41f2e11769d4574488d6fb7a"} 
[2024-07-14 10:08:16] [INFO] [BaseApi.py]/[line: 80]/[send] 发起的请求地址为===========>https://papi.boweiedu.com/backend/course/delete 
[2024-07-14 10:08:17] [INFO] [BaseApi.py]/[line: 82]/[send] 接口的响应信息为<==========={"code":0,"msg":"success","data":[],"timestamp":1720922897,"req_id":"5fbfdfdf41f2e1176ad457446679beb1"} 
[2024-07-14 10:08:17] [INFO] [jsonpath_utils.py]/[line: 11]/[get] 通过jsonpath获取到的数据为[0] 
[2024-07-14 10:08:17] [INFO] [BaseApi.py]/[line: 80]/[send] 发起的请求地址为===========>https://papi.boweiedu.com/backend/course/add 
[2024-07-14 10:08:17] [INFO] [BaseApi.py]/[line: 82]/[send] 接口的响应信息为<==========={"code":0,"msg":"success","data":{"uuid":"1c3b3bc1b657d102b29662b3848d6917"},"timestamp":1720922897,"req_id":"000bf1eb41f2e1176dd45744b494374e"} 
[2024-07-14 10:08:17] [INFO] [jsonpath_utils.py]/[line: 11]/[get] 通过jsonpath获取到的数据为['1c3b3bc1b657d102b29662b3848d6917'] 
[2024-07-14 10:08:17] [INFO] [BaseApi.py]/[line: 80]/[send] 发起的请求地址为===========>https://papi.boweiedu.com/backend/chapter/add 
[2024-07-14 10:08:17] [INFO] [BaseApi.py]/[line: 82]/[send] 接口的响应信息为<==========={"code":0,"msg":"success","data":{"uuid":"5b8b30bec620e8ab28620540fc6fd50b"},"timestamp":1720922897,"req_id":"7211a5f141f2e1176ed4574412e98fcb"} 
[2024-07-14 10:08:17] [INFO] [jsonpath_utils.py]/[line: 11]/[get] 通过jsonpath获取到的数据为['5b8b30bec620e8ab28620540fc6fd50b'] 
[2024-07-14 10:08:17] [INFO] [BaseApi.py]/[line: 80]/[send] 发起的请求地址为===========>https://papi.boweiedu.com/backend/lesson/add 
[2024-07-14 10:08:17] [INFO] [BaseApi.py]/[line: 82]/[send] 接口的响应信息为<==========={"code":0,"msg":"success","data":{"uuid":"41e2d2439841a5b4509178484d21af2e"},"timestamp":1720922897,"req_id":"95f122f841f2e1176fd45744e6c16eed"} 
[2024-07-14 10:08:17] [INFO] [jsonpath_utils.py]/[line: 11]/[get] 通过jsonpath获取到的数据为['41e2d2439841a5b4509178484d21af2e'] 
[2024-07-14 10:08:17] [INFO] [BaseApi.py]/[line: 80]/[send] 发起的请求地址为===========>https://papi.boweiedu.com/comm/upload 
[2024-07-14 10:08:17] [INFO] [BaseApi.py]/[line: 82]/[send] 接口的响应信息为<==========={"code":0,"msg":"success","data":{"uuid":"863f4060350ee4218863940b3bcefb0e","filepath":"https://pstatic.boweiedu.com/resource/static/0000000000/2024/07/d2ow959hz5zw0m5yke.jpeg","url":"https://pstatic.boweiedu.com/resource/static/0000000000/2024/07/d2ow959hz5zw0m5yke.jpeg"},"timestamp":1720922898,"req_id":"57fa930742f2e11771d45744fd696bd1"} 
[2024-07-14 10:08:17] [INFO] [jsonpath_utils.py]/[line: 11]/[get] 通过jsonpath获取到的数据为['863f4060350ee4218863940b3bcefb0e'] 
[2024-07-14 10:08:17] [INFO] [BaseApi.py]/[line: 80]/[send] 发起的请求地址为===========>https://papi.boweiedu.com/backend/resource/bind 
[2024-07-14 10:08:17] [INFO] [BaseApi.py]/[line: 82]/[send] 接口的响应信息为<==========={"code":0,"msg":"success","data":[],"timestamp":1720922898,"req_id":"02c2820d42f2e11772d4574468aea37a"} 
[2024-07-14 10:08:17] [INFO] [BaseApi.py]/[line: 80]/[send] 发起的请求地址为===========>https://papi.boweiedu.com/comm/upload 
[2024-07-14 10:08:18] [INFO] [BaseApi.py]/[line: 82]/[send] 接口的响应信息为<==========={"code":0,"msg":"success","data":{"uuid":"4418007cca357ab6419f1a48e1dd8da2","filepath":"https://pstatic.boweiedu.com/resource/static/0000000000/2024/07/d2ow95fqegwbqmvjwe.jpeg","url":"https://pstatic.boweiedu.com/resource/static/0000000000/2024/07/d2ow95fqegwbqmvjwe.jpeg"},"timestamp":1720922898,"req_id":"20460d1e42f2e11773d457443ac13fc7"} 
[2024-07-14 10:08:18] [INFO] [jsonpath_utils.py]/[line: 11]/[get] 通过jsonpath获取到的数据为['4418007cca357ab6419f1a48e1dd8da2'] 
[2024-07-14 10:08:18] [INFO] [BaseApi.py]/[line: 80]/[send] 发起的请求地址为===========>https://papi.boweiedu.com/backend/resource/bind 
[2024-07-14 10:08:18] [INFO] [BaseApi.py]/[line: 82]/[send] 接口的响应信息为<==========={"code":0,"msg":"success","data":[],"timestamp":1720922898,"req_id":"8387c62442f2e11774d45744e71f9887"} 
[2024-07-14 10:08:18] [INFO] [BaseApi.py]/[line: 80]/[send] 发起的请求地址为===========>https://papi.boweiedu.com/backend/course/detail 
[2024-07-14 10:08:18] [INFO] [BaseApi.py]/[line: 82]/[send] 接口的响应信息为<==========={"code":0,"msg":"success","data":{"uuid":"1c3b3bc1b657d102b29662b3848d6917","static_domain":"","course_name":"测试课程资源","start_time":0,"end_time":0,"created_at":"2024-07-14 10:08:17","view":0,"publish":"publish","gradeInfo":null,"about":"测试课程资源描述","is_own":1,"group_introduce":"","chapters":[{"chapter_uuid":"5b8b30bec620e8ab28620540fc6fd50b","number":1,"title":"测试章节资源名称","courseLessons":[{"uuid":"41e2d2439841a5b4509178484d21af2e","lesson_name":"测试课时资源名称","start_time":0,"end_time":0,"created_at":"2024-07-14 10:08:17","number":1,"view":10,"show_publish":1,"public":0,"class":0,"pull_urls":null,"learning_duration":0,"classroom_uuid":"","classroom_name":"","status":2,"resource":[{"uuid":"863f4060350ee4218863940b3bcefb0e","org_id":0,"file":"dog","filepath":"https://pstatic.boweiedu.com/resource/static/0000000000/2024/07/d2ow959hz5zw0m5yke.jpeg","created_at":"2024-07-14 10:08:18","url":"https://pstatic.boweiedu.com/resource/static/0000000000/2024/07/d2ow959hz5zw0m5yke.jpeg","type":0,"duration":0,"ext":"jpeg","first_frame":"","ext_type":"image","definition":null,"convert_status":"success","belong_id":1804,"number":1},{"uuid":"4418007cca357ab6419f1a48e1dd8da2","org_id":0,"file":"dog","filepath":"https://pstatic.boweiedu.com/resource/static/0000000000/2024/07/d2ow95fqegwbqmvjwe.jpeg","created_at":"2024-07-14 10:08:18","url":"https://pstatic.boweiedu.com/resource/static/0000000000/2024/07/d2ow95fqegwbqmvjwe.jpeg","type":0,"duration":0,"ext":"jpeg","first_frame":"","ext_type":"image","definition":null,"convert_status":"success","belong_id":1805,"number":2}]}]}],"teacher":{"user_uuid":"2c0326b9ade84619bd2f68bc4bb322c1","nick_name":"sam","avatar":"","real_name":"sam","desc":""},"groups":null,"password":""},"timestamp":1720922898,"req_id":"c93c7e2a42f2e11775d4574456d51daf"} 
[2024-07-14 10:08:18] [INFO] [jsonpath_utils.py]/[line: 11]/[get] 通过jsonpath获取到的数据为[1804] 
[2024-07-14 10:08:18] [INFO] [BaseApi.py]/[line: 80]/[send] 发起的请求地址为===========>https://papi.boweiedu.com/backend/resource/sort 
[2024-07-14 10:08:18] [INFO] [BaseApi.py]/[line: 82]/[send] 接口的响应信息为<==========={"code":0,"msg":"success","data":[],"timestamp":1720922898,"req_id":"6589c33742f2e11776d45744708a858f"} 
[2024-07-14 10:08:18] [INFO] [BaseApi.py]/[line: 80]/[send] 发起的请求地址为===========>https://papi.boweiedu.com/backend/course/delete 
[2024-07-14 10:08:18] [INFO] [BaseApi.py]/[line: 82]/[send] 接口的响应信息为<==========={"code":0,"msg":"success","data":[],"timestamp":1720922898,"req_id":"cc213e3e42f2e11777d457449e4ca0a6"} 
[2024-07-14 10:08:18] [INFO] [jsonpath_utils.py]/[line: 11]/[get] 通过jsonpath获取到的数据为[0] 
